<testsuites id="" name="" tests="30" failures="13" skipped="17" errors="0" time="150.385965">
<testsuite name="dropdown-logout.spec.js" timestamp="2025-08-19T16:42:19.700Z" hostname="chromium" tests="10" failures="10" skipped="0" time="456.678" errors="0">
<testcase name="Navigation Dropdown and Logout › should open profile dropdown on mobile" classname="dropdown-logout.spec.js" time="12.027">
<failure message="dropdown-logout.spec.js:12:3 should open profile dropdown on mobile" type="FAILURE">
<![CDATA[  [chromium] › dropdown-logout.spec.js:12:3 › Navigation Dropdown and Logout › should open profile dropdown on mobile 

    Error: Timed out 10000ms waiting for expect(locator).toBeVisible()

    Locator: locator('.profile-container button').first()
    Expected: visible
    Received: <element(s) not found>
    Call log:
      - Expect "toBeVisible" with timeout 10000ms
      - waiting for locator('.profile-container button').first()


      16 |     // Wait for the profile button to be visible
      17 |     const profileButton = page.locator('.profile-container button').first();
    > 18 |     await expect(profileButton).toBeVisible();
         |                                 ^
      19 |     
      20 |     // Click the profile button to open dropdown
      21 |     await profileButton.click();
        at /Users/ccox/Dropbox/@Chance/Aptana Studio 3 Workspace/personal/firebase-todo-app/tests/e2e/dropdown-logout.spec.js:18:33

    attachment #1: screenshot (image/png) ──────────────────────────────────────────────────────────
    ../../test-results/playwright-output/dropdown-logout-Navigation-d73c2--profile-dropdown-on-mobile-chromium/test-failed-1.png
    ────────────────────────────────────────────────────────────────────────────────────────────────

    Error Context: ../../test-results/playwright-output/dropdown-logout-Navigation-d73c2--profile-dropdown-on-mobile-chromium/error-context.md
]]>
</failure>
<system-out>
<![CDATA[
[[ATTACHMENT|playwright-output/dropdown-logout-Navigation-d73c2--profile-dropdown-on-mobile-chromium/test-failed-1.png]]

[[ATTACHMENT|playwright-output/dropdown-logout-Navigation-d73c2--profile-dropdown-on-mobile-chromium/error-context.md]]
]]>
</system-out>
</testcase>
<testcase name="Navigation Dropdown and Logout › should open profile dropdown on desktop" classname="dropdown-logout.spec.js" time="11.904">
<failure message="dropdown-logout.spec.js:33:3 should open profile dropdown on desktop" type="FAILURE">
<![CDATA[  [chromium] › dropdown-logout.spec.js:33:3 › Navigation Dropdown and Logout › should open profile dropdown on desktop 

    Error: Timed out 10000ms waiting for expect(locator).toBeVisible()

    Locator: locator('.profile-container button').first()
    Expected: visible
    Received: <element(s) not found>
    Call log:
      - Expect "toBeVisible" with timeout 10000ms
      - waiting for locator('.profile-container button').first()


      37 |     // Wait for the profile button to be visible
      38 |     const profileButton = page.locator('.profile-container button').first();
    > 39 |     await expect(profileButton).toBeVisible();
         |                                 ^
      40 |     
      41 |     // Click the profile button to open dropdown
      42 |     await profileButton.click();
        at /Users/ccox/Dropbox/@Chance/Aptana Studio 3 Workspace/personal/firebase-todo-app/tests/e2e/dropdown-logout.spec.js:39:33

    attachment #1: screenshot (image/png) ──────────────────────────────────────────────────────────
    ../../test-results/playwright-output/dropdown-logout-Navigation-80f4e-profile-dropdown-on-desktop-chromium/test-failed-1.png
    ────────────────────────────────────────────────────────────────────────────────────────────────

    Error Context: ../../test-results/playwright-output/dropdown-logout-Navigation-80f4e-profile-dropdown-on-desktop-chromium/error-context.md
]]>
</failure>
<system-out>
<![CDATA[
[[ATTACHMENT|playwright-output/dropdown-logout-Navigation-80f4e-profile-dropdown-on-desktop-chromium/test-failed-1.png]]

[[ATTACHMENT|playwright-output/dropdown-logout-Navigation-80f4e-profile-dropdown-on-desktop-chromium/error-context.md]]
]]>
</system-out>
</testcase>
<testcase name="Navigation Dropdown and Logout › should close dropdown when clicking outside" classname="dropdown-logout.spec.js" time="60.198">
<failure message="dropdown-logout.spec.js:54:3 should close dropdown when clicking outside" type="FAILURE">
<![CDATA[  [chromium] › dropdown-logout.spec.js:54:3 › Navigation Dropdown and Logout › should close dropdown when clicking outside 

    Test timeout of 60000ms exceeded.

    Error: locator.click: Test timeout of 60000ms exceeded.
    Call log:
      - waiting for locator('.profile-container button').first()


      58 |     // Open dropdown
      59 |     const profileButton = page.locator('.profile-container button').first();
    > 60 |     await profileButton.click();
         |                         ^
      61 |     
      62 |     // Verify dropdown is open
      63 |     const dropdown = page.locator('.profile-container .absolute');
        at /Users/ccox/Dropbox/@Chance/Aptana Studio 3 Workspace/personal/firebase-todo-app/tests/e2e/dropdown-logout.spec.js:60:25

    attachment #1: screenshot (image/png) ──────────────────────────────────────────────────────────
    ../../test-results/playwright-output/dropdown-logout-Navigation-0b62c-pdown-when-clicking-outside-chromium/test-failed-1.png
    ────────────────────────────────────────────────────────────────────────────────────────────────

    Error Context: ../../test-results/playwright-output/dropdown-logout-Navigation-0b62c-pdown-when-clicking-outside-chromium/error-context.md
]]>
</failure>
<system-out>
<![CDATA[
[[ATTACHMENT|playwright-output/dropdown-logout-Navigation-0b62c-pdown-when-clicking-outside-chromium/test-failed-1.png]]

[[ATTACHMENT|playwright-output/dropdown-logout-Navigation-0b62c-pdown-when-clicking-outside-chromium/error-context.md]]
]]>
</system-out>
</testcase>
<testcase name="Navigation Dropdown and Logout › should navigate to profile section from dropdown" classname="dropdown-logout.spec.js" time="60.224">
<failure message="dropdown-logout.spec.js:73:3 should navigate to profile section from dropdown" type="FAILURE">
<![CDATA[  [chromium] › dropdown-logout.spec.js:73:3 › Navigation Dropdown and Logout › should navigate to profile section from dropdown 

    Test timeout of 60000ms exceeded.

    Error: locator.click: Test timeout of 60000ms exceeded.
    Call log:
      - waiting for locator('.profile-container button').first()


      77 |     // Open dropdown
      78 |     const profileButton = page.locator('.profile-container button').first();
    > 79 |     await profileButton.click();
         |                         ^
      80 |     
      81 |     // Click "View Profile" button
      82 |     await page.locator('text=View Profile').click();
        at /Users/ccox/Dropbox/@Chance/Aptana Studio 3 Workspace/personal/firebase-todo-app/tests/e2e/dropdown-logout.spec.js:79:25

    attachment #1: screenshot (image/png) ──────────────────────────────────────────────────────────
    ../../test-results/playwright-output/dropdown-logout-Navigation-7010c-ofile-section-from-dropdown-chromium/test-failed-1.png
    ────────────────────────────────────────────────────────────────────────────────────────────────

    Error Context: ../../test-results/playwright-output/dropdown-logout-Navigation-7010c-ofile-section-from-dropdown-chromium/error-context.md
]]>
</failure>
<system-out>
<![CDATA[
[[ATTACHMENT|playwright-output/dropdown-logout-Navigation-7010c-ofile-section-from-dropdown-chromium/test-failed-1.png]]

[[ATTACHMENT|playwright-output/dropdown-logout-Navigation-7010c-ofile-section-from-dropdown-chromium/error-context.md]]
]]>
</system-out>
</testcase>
<testcase name="Navigation Dropdown and Logout › should navigate to todos section from dropdown" classname="dropdown-logout.spec.js" time="60.213">
<failure message="dropdown-logout.spec.js:93:3 should navigate to todos section from dropdown" type="FAILURE">
<![CDATA[  [chromium] › dropdown-logout.spec.js:93:3 › Navigation Dropdown and Logout › should navigate to todos section from dropdown 

    Test timeout of 60000ms exceeded.

    Error: locator.click: Test timeout of 60000ms exceeded.
    Call log:
      - waiting for locator('.profile-container button').first()


       97 |     // Open dropdown
       98 |     const profileButton = page.locator('.profile-container button').first();
    >  99 |     await profileButton.click();
          |                         ^
      100 |     
      101 |     // Click "My Todos" button
      102 |     await page.locator('text=My Todos').click();
        at /Users/ccox/Dropbox/@Chance/Aptana Studio 3 Workspace/personal/firebase-todo-app/tests/e2e/dropdown-logout.spec.js:99:25

    attachment #1: screenshot (image/png) ──────────────────────────────────────────────────────────
    ../../test-results/playwright-output/dropdown-logout-Navigation-7c403-todos-section-from-dropdown-chromium/test-failed-1.png
    ────────────────────────────────────────────────────────────────────────────────────────────────

    Error Context: ../../test-results/playwright-output/dropdown-logout-Navigation-7c403-todos-section-from-dropdown-chromium/error-context.md
]]>
</failure>
<system-out>
<![CDATA[
[[ATTACHMENT|playwright-output/dropdown-logout-Navigation-7c403-todos-section-from-dropdown-chromium/test-failed-1.png]]

[[ATTACHMENT|playwright-output/dropdown-logout-Navigation-7c403-todos-section-from-dropdown-chromium/error-context.md]]
]]>
</system-out>
</testcase>
<testcase name="Navigation Dropdown and Logout › should show user information in dropdown" classname="dropdown-logout.spec.js" time="60.251">
<failure message="dropdown-logout.spec.js:112:3 should show user information in dropdown" type="FAILURE">
<![CDATA[  [chromium] › dropdown-logout.spec.js:112:3 › Navigation Dropdown and Logout › should show user information in dropdown 

    Test timeout of 60000ms exceeded.

    Error: locator.click: Test timeout of 60000ms exceeded.
    Call log:
      - waiting for locator('.profile-container button').first()


      116 |     // Open dropdown
      117 |     const profileButton = page.locator('.profile-container button').first();
    > 118 |     await profileButton.click();
          |                         ^
      119 |     
      120 |     // Check if user email is displayed (assuming user is logged in)
      121 |     const userEmail = page.locator('.profile-container .text-xs.text-gray-500');
        at /Users/ccox/Dropbox/@Chance/Aptana Studio 3 Workspace/personal/firebase-todo-app/tests/e2e/dropdown-logout.spec.js:118:25

    attachment #1: screenshot (image/png) ──────────────────────────────────────────────────────────
    ../../test-results/playwright-output/dropdown-logout-Navigation-224a8-ser-information-in-dropdown-chromium/test-failed-1.png
    ────────────────────────────────────────────────────────────────────────────────────────────────

    Error Context: ../../test-results/playwright-output/dropdown-logout-Navigation-224a8-ser-information-in-dropdown-chromium/error-context.md
]]>
</failure>
<system-out>
<![CDATA[
[[ATTACHMENT|playwright-output/dropdown-logout-Navigation-224a8-ser-information-in-dropdown-chromium/test-failed-1.png]]

[[ATTACHMENT|playwright-output/dropdown-logout-Navigation-224a8-ser-information-in-dropdown-chromium/error-context.md]]
]]>
</system-out>
</testcase>
<testcase name="Navigation Dropdown and Logout › should handle logout process" classname="dropdown-logout.spec.js" time="60.237">
<failure message="dropdown-logout.spec.js:129:3 should handle logout process" type="FAILURE">
<![CDATA[  [chromium] › dropdown-logout.spec.js:129:3 › Navigation Dropdown and Logout › should handle logout process 

    Test timeout of 60000ms exceeded.

    Error: locator.click: Test timeout of 60000ms exceeded.
    Call log:
      - waiting for locator('.profile-container button').first()


      133 |     // Open dropdown
      134 |     const profileButton = page.locator('.profile-container button').first();
    > 135 |     await profileButton.click();
          |                         ^
      136 |     
      137 |     // Click "Sign Out" button
      138 |     await page.locator('text=Sign Out').click();
        at /Users/ccox/Dropbox/@Chance/Aptana Studio 3 Workspace/personal/firebase-todo-app/tests/e2e/dropdown-logout.spec.js:135:25

    attachment #1: screenshot (image/png) ──────────────────────────────────────────────────────────
    ../../test-results/playwright-output/dropdown-logout-Navigation-0dceb-hould-handle-logout-process-chromium/test-failed-1.png
    ────────────────────────────────────────────────────────────────────────────────────────────────

    Error Context: ../../test-results/playwright-output/dropdown-logout-Navigation-0dceb-hould-handle-logout-process-chromium/error-context.md
]]>
</failure>
<system-out>
<![CDATA[
[[ATTACHMENT|playwright-output/dropdown-logout-Navigation-0dceb-hould-handle-logout-process-chromium/test-failed-1.png]]

[[ATTACHMENT|playwright-output/dropdown-logout-Navigation-0dceb-hould-handle-logout-process-chromium/error-context.md]]
]]>
</system-out>
</testcase>
<testcase name="Navigation Dropdown and Logout › should show profile picture or initials" classname="dropdown-logout.spec.js" time="11.277">
<failure message="dropdown-logout.spec.js:152:3 should show profile picture or initials" type="FAILURE">
<![CDATA[  [chromium] › dropdown-logout.spec.js:152:3 › Navigation Dropdown and Logout › should show profile picture or initials 

    Error: Timed out 10000ms waiting for expect(locator).toBeVisible()

    Locator: locator('.profile-picture')
    Expected: visible
    Received: <element(s) not found>
    Call log:
      - Expect "toBeVisible" with timeout 10000ms
      - waiting for locator('.profile-picture')


      156 |     // Check if profile picture or initials are visible
      157 |     const profilePicture = page.locator('.profile-picture');
    > 158 |     await expect(profilePicture).toBeVisible();
          |                                  ^
      159 |   });
      160 |
      161 |   test('should handle dropdown on different screen sizes', async ({ page }) => {
        at /Users/ccox/Dropbox/@Chance/Aptana Studio 3 Workspace/personal/firebase-todo-app/tests/e2e/dropdown-logout.spec.js:158:34

    attachment #1: screenshot (image/png) ──────────────────────────────────────────────────────────
    ../../test-results/playwright-output/dropdown-logout-Navigation-02bab-profile-picture-or-initials-chromium/test-failed-1.png
    ────────────────────────────────────────────────────────────────────────────────────────────────

    Error Context: ../../test-results/playwright-output/dropdown-logout-Navigation-02bab-profile-picture-or-initials-chromium/error-context.md
]]>
</failure>
<system-out>
<![CDATA[
[[ATTACHMENT|playwright-output/dropdown-logout-Navigation-02bab-profile-picture-or-initials-chromium/test-failed-1.png]]

[[ATTACHMENT|playwright-output/dropdown-logout-Navigation-02bab-profile-picture-or-initials-chromium/error-context.md]]
]]>
</system-out>
</testcase>
<testcase name="Navigation Dropdown and Logout › should handle dropdown on different screen sizes" classname="dropdown-logout.spec.js" time="60.118">
<failure message="dropdown-logout.spec.js:161:3 should handle dropdown on different screen sizes" type="FAILURE">
<![CDATA[  [chromium] › dropdown-logout.spec.js:161:3 › Navigation Dropdown and Logout › should handle dropdown on different screen sizes 

    Test timeout of 60000ms exceeded.

    Error: locator.click: Test timeout of 60000ms exceeded.
    Call log:
      - waiting for locator('.profile-container button').first()


      163 |     await page.setViewportSize({ width: 375, height: 667 });
      164 |     let profileButton = page.locator('.profile-container button').first();
    > 165 |     await profileButton.click();
          |                         ^
      166 |     
      167 |     let dropdown = page.locator('.mobile-profile-menu');
      168 |     await expect(dropdown).toBeVisible();
        at /Users/ccox/Dropbox/@Chance/Aptana Studio 3 Workspace/personal/firebase-todo-app/tests/e2e/dropdown-logout.spec.js:165:25

    attachment #1: screenshot (image/png) ──────────────────────────────────────────────────────────
    ../../test-results/playwright-output/dropdown-logout-Navigation-2ec15-n-on-different-screen-sizes-chromium/test-failed-1.png
    ────────────────────────────────────────────────────────────────────────────────────────────────

    Error Context: ../../test-results/playwright-output/dropdown-logout-Navigation-2ec15-n-on-different-screen-sizes-chromium/error-context.md
]]>
</failure>
<system-out>
<![CDATA[
[[ATTACHMENT|playwright-output/dropdown-logout-Navigation-2ec15-n-on-different-screen-sizes-chromium/test-failed-1.png]]

[[ATTACHMENT|playwright-output/dropdown-logout-Navigation-2ec15-n-on-different-screen-sizes-chromium/error-context.md]]
]]>
</system-out>
</testcase>
<testcase name="Navigation Dropdown and Logout › should maintain dropdown state during navigation" classname="dropdown-logout.spec.js" time="60.229">
<failure message="dropdown-logout.spec.js:189:3 should maintain dropdown state during navigation" type="FAILURE">
<![CDATA[  [chromium] › dropdown-logout.spec.js:189:3 › Navigation Dropdown and Logout › should maintain dropdown state during navigation 

    Test timeout of 60000ms exceeded.

    Error: locator.click: Test timeout of 60000ms exceeded.
    Call log:
      - waiting for locator('.profile-container button').first()


      193 |     // Open dropdown
      194 |     const profileButton = page.locator('.profile-container button').first();
    > 195 |     await profileButton.click();
          |                         ^
      196 |     
      197 |     // Verify dropdown is open
      198 |     const dropdown = page.locator('.profile-container .absolute');
        at /Users/ccox/Dropbox/@Chance/Aptana Studio 3 Workspace/personal/firebase-todo-app/tests/e2e/dropdown-logout.spec.js:195:25

    attachment #1: screenshot (image/png) ──────────────────────────────────────────────────────────
    ../../test-results/playwright-output/dropdown-logout-Navigation-e0982-own-state-during-navigation-chromium/test-failed-1.png
    ────────────────────────────────────────────────────────────────────────────────────────────────

    Error Context: ../../test-results/playwright-output/dropdown-logout-Navigation-e0982-own-state-during-navigation-chromium/error-context.md
]]>
</failure>
<system-out>
<![CDATA[
[[ATTACHMENT|playwright-output/dropdown-logout-Navigation-e0982-own-state-during-navigation-chromium/test-failed-1.png]]

[[ATTACHMENT|playwright-output/dropdown-logout-Navigation-e0982-own-state-during-navigation-chromium/error-context.md]]
]]>
</system-out>
</testcase>
</testsuite>
<testsuite name="dropdown-logout.spec.js" timestamp="2025-08-19T16:42:19.700Z" hostname="firefox" tests="10" failures="3" skipped="7" time="232.615" errors="0">
<testcase name="Navigation Dropdown and Logout › should open profile dropdown on mobile" classname="dropdown-logout.spec.js" time="12.525">
<failure message="dropdown-logout.spec.js:12:3 should open profile dropdown on mobile" type="FAILURE">
<![CDATA[  [firefox] › dropdown-logout.spec.js:12:3 › Navigation Dropdown and Logout › should open profile dropdown on mobile 

    Error: Timed out 10000ms waiting for expect(locator).toBeVisible()

    Locator: locator('.profile-container button').first()
    Expected: visible
    Received: <element(s) not found>
    Call log:
      - Expect "toBeVisible" with timeout 10000ms
      - waiting for locator('.profile-container button').first()


      16 |     // Wait for the profile button to be visible
      17 |     const profileButton = page.locator('.profile-container button').first();
    > 18 |     await expect(profileButton).toBeVisible();
         |                                 ^
      19 |     
      20 |     // Click the profile button to open dropdown
      21 |     await profileButton.click();
        at /Users/ccox/Dropbox/@Chance/Aptana Studio 3 Workspace/personal/firebase-todo-app/tests/e2e/dropdown-logout.spec.js:18:33

    attachment #1: screenshot (image/png) ──────────────────────────────────────────────────────────
    ../../test-results/playwright-output/dropdown-logout-Navigation-d73c2--profile-dropdown-on-mobile-firefox/test-failed-1.png
    ────────────────────────────────────────────────────────────────────────────────────────────────

    Error Context: ../../test-results/playwright-output/dropdown-logout-Navigation-d73c2--profile-dropdown-on-mobile-firefox/error-context.md
]]>
</failure>
<system-out>
<![CDATA[
[[ATTACHMENT|playwright-output/dropdown-logout-Navigation-d73c2--profile-dropdown-on-mobile-firefox/test-failed-1.png]]

[[ATTACHMENT|playwright-output/dropdown-logout-Navigation-d73c2--profile-dropdown-on-mobile-firefox/error-context.md]]
]]>
</system-out>
</testcase>
<testcase name="Navigation Dropdown and Logout › should open profile dropdown on desktop" classname="dropdown-logout.spec.js" time="12.714">
<failure message="dropdown-logout.spec.js:33:3 should open profile dropdown on desktop" type="FAILURE">
<![CDATA[  [firefox] › dropdown-logout.spec.js:33:3 › Navigation Dropdown and Logout › should open profile dropdown on desktop 

    Error: Timed out 10000ms waiting for expect(locator).toBeVisible()

    Locator: locator('.profile-container button').first()
    Expected: visible
    Received: <element(s) not found>
    Call log:
      - Expect "toBeVisible" with timeout 10000ms
      - waiting for locator('.profile-container button').first()


      37 |     // Wait for the profile button to be visible
      38 |     const profileButton = page.locator('.profile-container button').first();
    > 39 |     await expect(profileButton).toBeVisible();
         |                                 ^
      40 |     
      41 |     // Click the profile button to open dropdown
      42 |     await profileButton.click();
        at /Users/ccox/Dropbox/@Chance/Aptana Studio 3 Workspace/personal/firebase-todo-app/tests/e2e/dropdown-logout.spec.js:39:33

    attachment #1: screenshot (image/png) ──────────────────────────────────────────────────────────
    ../../test-results/playwright-output/dropdown-logout-Navigation-80f4e-profile-dropdown-on-desktop-firefox/test-failed-1.png
    ────────────────────────────────────────────────────────────────────────────────────────────────

    Error Context: ../../test-results/playwright-output/dropdown-logout-Navigation-80f4e-profile-dropdown-on-desktop-firefox/error-context.md
]]>
</failure>
<system-out>
<![CDATA[
[[ATTACHMENT|playwright-output/dropdown-logout-Navigation-80f4e-profile-dropdown-on-desktop-firefox/test-failed-1.png]]

[[ATTACHMENT|playwright-output/dropdown-logout-Navigation-80f4e-profile-dropdown-on-desktop-firefox/error-context.md]]
]]>
</system-out>
</testcase>
<testcase name="Navigation Dropdown and Logout › should close dropdown when clicking outside" classname="dropdown-logout.spec.js" time="60.142">
<failure message="dropdown-logout.spec.js:54:3 should close dropdown when clicking outside" type="FAILURE">
<![CDATA[  [firefox] › dropdown-logout.spec.js:54:3 › Navigation Dropdown and Logout › should close dropdown when clicking outside 

    Test timeout of 60000ms exceeded.

    Error: locator.click: Test timeout of 60000ms exceeded.
    Call log:
      - waiting for locator('.profile-container button').first()


      58 |     // Open dropdown
      59 |     const profileButton = page.locator('.profile-container button').first();
    > 60 |     await profileButton.click();
         |                         ^
      61 |     
      62 |     // Verify dropdown is open
      63 |     const dropdown = page.locator('.profile-container .absolute');
        at /Users/ccox/Dropbox/@Chance/Aptana Studio 3 Workspace/personal/firebase-todo-app/tests/e2e/dropdown-logout.spec.js:60:25

    attachment #1: screenshot (image/png) ──────────────────────────────────────────────────────────
    ../../test-results/playwright-output/dropdown-logout-Navigation-0b62c-pdown-when-clicking-outside-firefox/test-failed-1.png
    ────────────────────────────────────────────────────────────────────────────────────────────────

    Error Context: ../../test-results/playwright-output/dropdown-logout-Navigation-0b62c-pdown-when-clicking-outside-firefox/error-context.md
]]>
</failure>
<system-out>
<![CDATA[
[[ATTACHMENT|playwright-output/dropdown-logout-Navigation-0b62c-pdown-when-clicking-outside-firefox/test-failed-1.png]]

[[ATTACHMENT|playwright-output/dropdown-logout-Navigation-0b62c-pdown-when-clicking-outside-firefox/error-context.md]]
]]>
</system-out>
</testcase>
<testcase name="Navigation Dropdown and Logout › should navigate to profile section from dropdown" classname="dropdown-logout.spec.js" time="51.089">
<skipped>
</skipped>
</testcase>
<testcase name="Navigation Dropdown and Logout › should navigate to todos section from dropdown" classname="dropdown-logout.spec.js" time="50.186">
<skipped>
</skipped>
</testcase>
<testcase name="Navigation Dropdown and Logout › should show user information in dropdown" classname="dropdown-logout.spec.js" time="21.176">
<skipped>
</skipped>
</testcase>
<testcase name="Navigation Dropdown and Logout › should handle logout process" classname="dropdown-logout.spec.js" time="20.485">
<skipped>
</skipped>
</testcase>
<testcase name="Navigation Dropdown and Logout › should show profile picture or initials" classname="dropdown-logout.spec.js" time="4.298">
<skipped>
</skipped>
</testcase>
<testcase name="Navigation Dropdown and Logout › should handle dropdown on different screen sizes" classname="dropdown-logout.spec.js" time="0">
<skipped>
</skipped>
</testcase>
<testcase name="Navigation Dropdown and Logout › should maintain dropdown state during navigation" classname="dropdown-logout.spec.js" time="0">
<skipped>
</skipped>
</testcase>
</testsuite>
<testsuite name="dropdown-logout.spec.js" timestamp="2025-08-19T16:42:19.700Z" hostname="webkit" tests="10" failures="0" skipped="10" time="0" errors="0">
<testcase name="Navigation Dropdown and Logout › should open profile dropdown on mobile" classname="dropdown-logout.spec.js" time="0">
<skipped>
</skipped>
</testcase>
<testcase name="Navigation Dropdown and Logout › should open profile dropdown on desktop" classname="dropdown-logout.spec.js" time="0">
<skipped>
</skipped>
</testcase>
<testcase name="Navigation Dropdown and Logout › should close dropdown when clicking outside" classname="dropdown-logout.spec.js" time="0">
<skipped>
</skipped>
</testcase>
<testcase name="Navigation Dropdown and Logout › should navigate to profile section from dropdown" classname="dropdown-logout.spec.js" time="0">
<skipped>
</skipped>
</testcase>
<testcase name="Navigation Dropdown and Logout › should navigate to todos section from dropdown" classname="dropdown-logout.spec.js" time="0">
<skipped>
</skipped>
</testcase>
<testcase name="Navigation Dropdown and Logout › should show user information in dropdown" classname="dropdown-logout.spec.js" time="0">
<skipped>
</skipped>
</testcase>
<testcase name="Navigation Dropdown and Logout › should handle logout process" classname="dropdown-logout.spec.js" time="0">
<skipped>
</skipped>
</testcase>
<testcase name="Navigation Dropdown and Logout › should show profile picture or initials" classname="dropdown-logout.spec.js" time="0">
<skipped>
</skipped>
</testcase>
<testcase name="Navigation Dropdown and Logout › should handle dropdown on different screen sizes" classname="dropdown-logout.spec.js" time="0">
<skipped>
</skipped>
</testcase>
<testcase name="Navigation Dropdown and Logout › should maintain dropdown state during navigation" classname="dropdown-logout.spec.js" time="0">
<skipped>
</skipped>
</testcase>
</testsuite>
</testsuites>