<testsuites id="" name="" tests="96" failures="28" skipped="56" errors="0" time="134.29491000000002">
<testsuite name="authentication-logout.spec.js" timestamp="2025-08-19T16:20:25.164Z" hostname="chromium" tests="7" failures="1" skipped="4" time="17.326" errors="0">
<testcase name="Authentication and Logout â€º should show login page when not authenticated" classname="authentication-logout.spec.js" time="6.58">
<failure message="authentication-logout.spec.js:12:3 should show login page when not authenticated" type="FAILURE">
<![CDATA[  [chromium] â€º authentication-logout.spec.js:12:3 â€º Authentication and Logout â€º should show login page when not authenticated 

    Error: Timed out 5000ms waiting for expect(locator).toBeVisible()

    Locator: locator('button:has-text("Login")')
    Expected: visible
    Received: <element(s) not found>
    Call log:
      - Expect "toBeVisible" with timeout 5000ms
      - waiting for locator('button:has-text("Login")')


      18 |     if (await loginForm.isVisible()) {
      19 |       await expect(loginForm).toBeVisible();
    > 20 |       await expect(loginButton).toBeVisible();
         |                                 ^
      21 |     } else {
      22 |       // Check if we're on login page
      23 |       await expect(page.locator('text=Login')).toBeVisible();
        at /Users/ccox/Dropbox/@Chance/Aptana Studio 3 Workspace/personal/firebase-todo-app/tests/e2e/authentication-logout.spec.js:20:33

    attachment #1: screenshot (image/png) â”€â”€â”€â”€â”€â”€â”€â”€â”€â”€â”€â”€â”€â”€â”€â”€â”€â”€â”€â”€â”€â”€â”€â”€â”€â”€â”€â”€â”€â”€â”€â”€â”€â”€â”€â”€â”€â”€â”€â”€â”€â”€â”€â”€â”€â”€â”€â”€â”€â”€â”€â”€â”€â”€â”€â”€â”€â”€
    ../../test-results/playwright-output/authentication-logout-Auth-f2301-page-when-not-authenticated-chromium/test-failed-1.png
    â”€â”€â”€â”€â”€â”€â”€â”€â”€â”€â”€â”€â”€â”€â”€â”€â”€â”€â”€â”€â”€â”€â”€â”€â”€â”€â”€â”€â”€â”€â”€â”€â”€â”€â”€â”€â”€â”€â”€â”€â”€â”€â”€â”€â”€â”€â”€â”€â”€â”€â”€â”€â”€â”€â”€â”€â”€â”€â”€â”€â”€â”€â”€â”€â”€â”€â”€â”€â”€â”€â”€â”€â”€â”€â”€â”€â”€â”€â”€â”€â”€â”€â”€â”€â”€â”€â”€â”€â”€â”€â”€â”€â”€â”€â”€â”€

    Error Context: ../../test-results/playwright-output/authentication-logout-Auth-f2301-page-when-not-authenticated-chromium/error-context.md
]]>
</failure>
<system-out>
<![CDATA[
[[ATTACHMENT|playwright-output/authentication-logout-Auth-f2301-page-when-not-authenticated-chromium/test-failed-1.png]]

[[ATTACHMENT|playwright-output/authentication-logout-Auth-f2301-page-when-not-authenticated-chromium/error-context.md]]
]]>
</system-out>
</testcase>
<testcase name="Authentication and Logout â€º should handle Google sign-in process" classname="authentication-logout.spec.js" time="3.837">
</testcase>
<testcase name="Authentication and Logout â€º should show user profile when authenticated" classname="authentication-logout.spec.js" time="1.649">
<properties>
<property name="skip" value="">
</property>
</properties>
<skipped>
</skipped>
</testcase>
<testcase name="Authentication and Logout â€º should logout successfully" classname="authentication-logout.spec.js" time="1.727">
<properties>
<property name="skip" value="">
</property>
</properties>
<skipped>
</skipped>
</testcase>
<testcase name="Authentication and Logout â€º should handle logout errors gracefully" classname="authentication-logout.spec.js" time="1.598">
<properties>
<property name="skip" value="">
</property>
</properties>
<skipped>
</skipped>
</testcase>
<testcase name="Authentication and Logout â€º should maintain authentication state across page reloads" classname="authentication-logout.spec.js" time="0.968">
<properties>
<property name="skip" value="">
</property>
</properties>
<skipped>
</skipped>
</testcase>
<testcase name="Authentication and Logout â€º should show proper loading states during authentication" classname="authentication-logout.spec.js" time="0.967">
</testcase>
</testsuite>
<testsuite name="custom-domain-google-login.spec.js" timestamp="2025-08-19T16:20:25.164Z" hostname="chromium" tests="1" failures="0" skipped="0" time="9.781" errors="0">
<testcase name="Custom Domain Google Sign-in Test â€º should test Google sign-in on custom domain" classname="custom-domain-google-login.spec.js" time="9.781">
<system-out>
<![CDATA[ðŸš€ Testing Google sign-in on CUSTOM DOMAIN: todo.cox-fam.com
ðŸ“ Navigated to custom domain login page
âœ… DOM content loaded
âœ… Network idle
ðŸ“„ Page title: Todo App - Chance Cox
ðŸ”— Current URL: https://todo.cox-fam.com/login
âœ… Confirmed we are on custom domain
ðŸ—ï¸ Root div exists: [33mtrue[39m
ðŸ“ Root div content length: [33m330[39m
ðŸ” Login heading visible: [33mtrue[39m
âœ… Login form is rendering correctly
ðŸ” Google sign-in button visible: [33mtrue[39m
âœ… Google sign-in button found!
ðŸ”„ Attempting Google sign-in on custom domain...
ðŸ“ Console Log: Starting Google sign-in...
ðŸ“ Console Log: Attempting Google sign-in...
ðŸ“ Console Log: Current domain: todo.cox-fam.com
ðŸ‘† Clicked Google sign-in button
ðŸŽ‰ Google OAuth popup opened successfully!
ðŸ“‹ Popup title: Sign in - Google Accounts
âœ… Google OAuth popup is working correctly!
ðŸ”’ Closed popup
âœ… No authentication errors found

ðŸ“Š Console Activity Summary:
Console Logs: [33m3[39m
Console Errors: [33m0[39m
ðŸ“¸ Screenshot saved as custom-domain-google-login-test.png
ðŸŽ¯ Custom domain test completed successfully!
]]>
</system-out>
</testcase>
</testsuite>
<testsuite name="dropdown-logout.spec.js" timestamp="2025-08-19T16:20:25.164Z" hostname="chromium" tests="10" failures="10" skipped="0" time="228.995" errors="0">
<testcase name="Navigation Dropdown and Logout â€º should open profile dropdown on mobile" classname="dropdown-logout.spec.js" time="5.711">
<failure message="dropdown-logout.spec.js:12:3 should open profile dropdown on mobile" type="FAILURE">
<![CDATA[  [chromium] â€º dropdown-logout.spec.js:12:3 â€º Navigation Dropdown and Logout â€º should open profile dropdown on mobile 

    Error: Timed out 5000ms waiting for expect(locator).toBeVisible()

    Locator: locator('.profile-container button').first()
    Expected: visible
    Received: <element(s) not found>
    Call log:
      - Expect "toBeVisible" with timeout 5000ms
      - waiting for locator('.profile-container button').first()


      16 |     // Wait for the profile button to be visible
      17 |     const profileButton = page.locator('.profile-container button').first();
    > 18 |     await expect(profileButton).toBeVisible();
         |                                 ^
      19 |     
      20 |     // Click the profile button to open dropdown
      21 |     await profileButton.click();
        at /Users/ccox/Dropbox/@Chance/Aptana Studio 3 Workspace/personal/firebase-todo-app/tests/e2e/dropdown-logout.spec.js:18:33

    attachment #1: screenshot (image/png) â”€â”€â”€â”€â”€â”€â”€â”€â”€â”€â”€â”€â”€â”€â”€â”€â”€â”€â”€â”€â”€â”€â”€â”€â”€â”€â”€â”€â”€â”€â”€â”€â”€â”€â”€â”€â”€â”€â”€â”€â”€â”€â”€â”€â”€â”€â”€â”€â”€â”€â”€â”€â”€â”€â”€â”€â”€â”€
    ../../test-results/playwright-output/dropdown-logout-Navigation-d73c2--profile-dropdown-on-mobile-chromium/test-failed-1.png
    â”€â”€â”€â”€â”€â”€â”€â”€â”€â”€â”€â”€â”€â”€â”€â”€â”€â”€â”€â”€â”€â”€â”€â”€â”€â”€â”€â”€â”€â”€â”€â”€â”€â”€â”€â”€â”€â”€â”€â”€â”€â”€â”€â”€â”€â”€â”€â”€â”€â”€â”€â”€â”€â”€â”€â”€â”€â”€â”€â”€â”€â”€â”€â”€â”€â”€â”€â”€â”€â”€â”€â”€â”€â”€â”€â”€â”€â”€â”€â”€â”€â”€â”€â”€â”€â”€â”€â”€â”€â”€â”€â”€â”€â”€â”€â”€

    Error Context: ../../test-results/playwright-output/dropdown-logout-Navigation-d73c2--profile-dropdown-on-mobile-chromium/error-context.md
]]>
</failure>
<system-out>
<![CDATA[
[[ATTACHMENT|playwright-output/dropdown-logout-Navigation-d73c2--profile-dropdown-on-mobile-chromium/test-failed-1.png]]

[[ATTACHMENT|playwright-output/dropdown-logout-Navigation-d73c2--profile-dropdown-on-mobile-chromium/error-context.md]]
]]>
</system-out>
</testcase>
<testcase name="Navigation Dropdown and Logout â€º should open profile dropdown on desktop" classname="dropdown-logout.spec.js" time="5.863">
<failure message="dropdown-logout.spec.js:33:3 should open profile dropdown on desktop" type="FAILURE">
<![CDATA[  [chromium] â€º dropdown-logout.spec.js:33:3 â€º Navigation Dropdown and Logout â€º should open profile dropdown on desktop 

    Error: Timed out 5000ms waiting for expect(locator).toBeVisible()

    Locator: locator('.profile-container button').first()
    Expected: visible
    Received: <element(s) not found>
    Call log:
      - Expect "toBeVisible" with timeout 5000ms
      - waiting for locator('.profile-container button').first()


      37 |     // Wait for the profile button to be visible
      38 |     const profileButton = page.locator('.profile-container button').first();
    > 39 |     await expect(profileButton).toBeVisible();
         |                                 ^
      40 |     
      41 |     // Click the profile button to open dropdown
      42 |     await profileButton.click();
        at /Users/ccox/Dropbox/@Chance/Aptana Studio 3 Workspace/personal/firebase-todo-app/tests/e2e/dropdown-logout.spec.js:39:33

    attachment #1: screenshot (image/png) â”€â”€â”€â”€â”€â”€â”€â”€â”€â”€â”€â”€â”€â”€â”€â”€â”€â”€â”€â”€â”€â”€â”€â”€â”€â”€â”€â”€â”€â”€â”€â”€â”€â”€â”€â”€â”€â”€â”€â”€â”€â”€â”€â”€â”€â”€â”€â”€â”€â”€â”€â”€â”€â”€â”€â”€â”€â”€
    ../../test-results/playwright-output/dropdown-logout-Navigation-80f4e-profile-dropdown-on-desktop-chromium/test-failed-1.png
    â”€â”€â”€â”€â”€â”€â”€â”€â”€â”€â”€â”€â”€â”€â”€â”€â”€â”€â”€â”€â”€â”€â”€â”€â”€â”€â”€â”€â”€â”€â”€â”€â”€â”€â”€â”€â”€â”€â”€â”€â”€â”€â”€â”€â”€â”€â”€â”€â”€â”€â”€â”€â”€â”€â”€â”€â”€â”€â”€â”€â”€â”€â”€â”€â”€â”€â”€â”€â”€â”€â”€â”€â”€â”€â”€â”€â”€â”€â”€â”€â”€â”€â”€â”€â”€â”€â”€â”€â”€â”€â”€â”€â”€â”€â”€â”€

    Error Context: ../../test-results/playwright-output/dropdown-logout-Navigation-80f4e-profile-dropdown-on-desktop-chromium/error-context.md
]]>
</failure>
<system-out>
<![CDATA[
[[ATTACHMENT|playwright-output/dropdown-logout-Navigation-80f4e-profile-dropdown-on-desktop-chromium/test-failed-1.png]]

[[ATTACHMENT|playwright-output/dropdown-logout-Navigation-80f4e-profile-dropdown-on-desktop-chromium/error-context.md]]
]]>
</system-out>
</testcase>
<testcase name="Navigation Dropdown and Logout â€º should close dropdown when clicking outside" classname="dropdown-logout.spec.js" time="30.199">
<failure message="dropdown-logout.spec.js:54:3 should close dropdown when clicking outside" type="FAILURE">
<![CDATA[  [chromium] â€º dropdown-logout.spec.js:54:3 â€º Navigation Dropdown and Logout â€º should close dropdown when clicking outside 

    Test timeout of 30000ms exceeded.

    Error: locator.click: Test timeout of 30000ms exceeded.
    Call log:
      - waiting for locator('.profile-container button').first()


      58 |     // Open dropdown
      59 |     const profileButton = page.locator('.profile-container button').first();
    > 60 |     await profileButton.click();
         |                         ^
      61 |     
      62 |     // Verify dropdown is open
      63 |     const dropdown = page.locator('.profile-container .absolute');
        at /Users/ccox/Dropbox/@Chance/Aptana Studio 3 Workspace/personal/firebase-todo-app/tests/e2e/dropdown-logout.spec.js:60:25

    attachment #1: screenshot (image/png) â”€â”€â”€â”€â”€â”€â”€â”€â”€â”€â”€â”€â”€â”€â”€â”€â”€â”€â”€â”€â”€â”€â”€â”€â”€â”€â”€â”€â”€â”€â”€â”€â”€â”€â”€â”€â”€â”€â”€â”€â”€â”€â”€â”€â”€â”€â”€â”€â”€â”€â”€â”€â”€â”€â”€â”€â”€â”€
    ../../test-results/playwright-output/dropdown-logout-Navigation-0b62c-pdown-when-clicking-outside-chromium/test-failed-1.png
    â”€â”€â”€â”€â”€â”€â”€â”€â”€â”€â”€â”€â”€â”€â”€â”€â”€â”€â”€â”€â”€â”€â”€â”€â”€â”€â”€â”€â”€â”€â”€â”€â”€â”€â”€â”€â”€â”€â”€â”€â”€â”€â”€â”€â”€â”€â”€â”€â”€â”€â”€â”€â”€â”€â”€â”€â”€â”€â”€â”€â”€â”€â”€â”€â”€â”€â”€â”€â”€â”€â”€â”€â”€â”€â”€â”€â”€â”€â”€â”€â”€â”€â”€â”€â”€â”€â”€â”€â”€â”€â”€â”€â”€â”€â”€â”€

    Error Context: ../../test-results/playwright-output/dropdown-logout-Navigation-0b62c-pdown-when-clicking-outside-chromium/error-context.md
]]>
</failure>
<system-out>
<![CDATA[
[[ATTACHMENT|playwright-output/dropdown-logout-Navigation-0b62c-pdown-when-clicking-outside-chromium/test-failed-1.png]]

[[ATTACHMENT|playwright-output/dropdown-logout-Navigation-0b62c-pdown-when-clicking-outside-chromium/error-context.md]]
]]>
</system-out>
</testcase>
<testcase name="Navigation Dropdown and Logout â€º should navigate to profile section from dropdown" classname="dropdown-logout.spec.js" time="30.229">
<failure message="dropdown-logout.spec.js:73:3 should navigate to profile section from dropdown" type="FAILURE">
<![CDATA[  [chromium] â€º dropdown-logout.spec.js:73:3 â€º Navigation Dropdown and Logout â€º should navigate to profile section from dropdown 

    Test timeout of 30000ms exceeded.

    Error: locator.click: Test timeout of 30000ms exceeded.
    Call log:
      - waiting for locator('.profile-container button').first()


      77 |     // Open dropdown
      78 |     const profileButton = page.locator('.profile-container button').first();
    > 79 |     await profileButton.click();
         |                         ^
      80 |     
      81 |     // Click "View Profile" button
      82 |     await page.locator('text=View Profile').click();
        at /Users/ccox/Dropbox/@Chance/Aptana Studio 3 Workspace/personal/firebase-todo-app/tests/e2e/dropdown-logout.spec.js:79:25

    attachment #1: screenshot (image/png) â”€â”€â”€â”€â”€â”€â”€â”€â”€â”€â”€â”€â”€â”€â”€â”€â”€â”€â”€â”€â”€â”€â”€â”€â”€â”€â”€â”€â”€â”€â”€â”€â”€â”€â”€â”€â”€â”€â”€â”€â”€â”€â”€â”€â”€â”€â”€â”€â”€â”€â”€â”€â”€â”€â”€â”€â”€â”€
    ../../test-results/playwright-output/dropdown-logout-Navigation-7010c-ofile-section-from-dropdown-chromium/test-failed-1.png
    â”€â”€â”€â”€â”€â”€â”€â”€â”€â”€â”€â”€â”€â”€â”€â”€â”€â”€â”€â”€â”€â”€â”€â”€â”€â”€â”€â”€â”€â”€â”€â”€â”€â”€â”€â”€â”€â”€â”€â”€â”€â”€â”€â”€â”€â”€â”€â”€â”€â”€â”€â”€â”€â”€â”€â”€â”€â”€â”€â”€â”€â”€â”€â”€â”€â”€â”€â”€â”€â”€â”€â”€â”€â”€â”€â”€â”€â”€â”€â”€â”€â”€â”€â”€â”€â”€â”€â”€â”€â”€â”€â”€â”€â”€â”€â”€

    Error Context: ../../test-results/playwright-output/dropdown-logout-Navigation-7010c-ofile-section-from-dropdown-chromium/error-context.md
]]>
</failure>
<system-out>
<![CDATA[
[[ATTACHMENT|playwright-output/dropdown-logout-Navigation-7010c-ofile-section-from-dropdown-chromium/test-failed-1.png]]

[[ATTACHMENT|playwright-output/dropdown-logout-Navigation-7010c-ofile-section-from-dropdown-chromium/error-context.md]]
]]>
</system-out>
</testcase>
<testcase name="Navigation Dropdown and Logout â€º should navigate to todos section from dropdown" classname="dropdown-logout.spec.js" time="30.284">
<failure message="dropdown-logout.spec.js:93:3 should navigate to todos section from dropdown" type="FAILURE">
<![CDATA[  [chromium] â€º dropdown-logout.spec.js:93:3 â€º Navigation Dropdown and Logout â€º should navigate to todos section from dropdown 

    Test timeout of 30000ms exceeded.

    Error: locator.click: Test timeout of 30000ms exceeded.
    Call log:
      - waiting for locator('.profile-container button').first()


       97 |     // Open dropdown
       98 |     const profileButton = page.locator('.profile-container button').first();
    >  99 |     await profileButton.click();
          |                         ^
      100 |     
      101 |     // Click "My Todos" button
      102 |     await page.locator('text=My Todos').click();
        at /Users/ccox/Dropbox/@Chance/Aptana Studio 3 Workspace/personal/firebase-todo-app/tests/e2e/dropdown-logout.spec.js:99:25

    attachment #1: screenshot (image/png) â”€â”€â”€â”€â”€â”€â”€â”€â”€â”€â”€â”€â”€â”€â”€â”€â”€â”€â”€â”€â”€â”€â”€â”€â”€â”€â”€â”€â”€â”€â”€â”€â”€â”€â”€â”€â”€â”€â”€â”€â”€â”€â”€â”€â”€â”€â”€â”€â”€â”€â”€â”€â”€â”€â”€â”€â”€â”€
    ../../test-results/playwright-output/dropdown-logout-Navigation-7c403-todos-section-from-dropdown-chromium/test-failed-1.png
    â”€â”€â”€â”€â”€â”€â”€â”€â”€â”€â”€â”€â”€â”€â”€â”€â”€â”€â”€â”€â”€â”€â”€â”€â”€â”€â”€â”€â”€â”€â”€â”€â”€â”€â”€â”€â”€â”€â”€â”€â”€â”€â”€â”€â”€â”€â”€â”€â”€â”€â”€â”€â”€â”€â”€â”€â”€â”€â”€â”€â”€â”€â”€â”€â”€â”€â”€â”€â”€â”€â”€â”€â”€â”€â”€â”€â”€â”€â”€â”€â”€â”€â”€â”€â”€â”€â”€â”€â”€â”€â”€â”€â”€â”€â”€â”€

    Error Context: ../../test-results/playwright-output/dropdown-logout-Navigation-7c403-todos-section-from-dropdown-chromium/error-context.md
]]>
</failure>
<system-out>
<![CDATA[
[[ATTACHMENT|playwright-output/dropdown-logout-Navigation-7c403-todos-section-from-dropdown-chromium/test-failed-1.png]]

[[ATTACHMENT|playwright-output/dropdown-logout-Navigation-7c403-todos-section-from-dropdown-chromium/error-context.md]]
]]>
</system-out>
</testcase>
<testcase name="Navigation Dropdown and Logout â€º should show user information in dropdown" classname="dropdown-logout.spec.js" time="30.275">
<failure message="dropdown-logout.spec.js:112:3 should show user information in dropdown" type="FAILURE">
<![CDATA[  [chromium] â€º dropdown-logout.spec.js:112:3 â€º Navigation Dropdown and Logout â€º should show user information in dropdown 

    Test timeout of 30000ms exceeded.

    Error: locator.click: Test timeout of 30000ms exceeded.
    Call log:
      - waiting for locator('.profile-container button').first()


      116 |     // Open dropdown
      117 |     const profileButton = page.locator('.profile-container button').first();
    > 118 |     await profileButton.click();
          |                         ^
      119 |     
      120 |     // Check if user email is displayed (assuming user is logged in)
      121 |     const userEmail = page.locator('.profile-container .text-xs.text-gray-500');
        at /Users/ccox/Dropbox/@Chance/Aptana Studio 3 Workspace/personal/firebase-todo-app/tests/e2e/dropdown-logout.spec.js:118:25

    attachment #1: screenshot (image/png) â”€â”€â”€â”€â”€â”€â”€â”€â”€â”€â”€â”€â”€â”€â”€â”€â”€â”€â”€â”€â”€â”€â”€â”€â”€â”€â”€â”€â”€â”€â”€â”€â”€â”€â”€â”€â”€â”€â”€â”€â”€â”€â”€â”€â”€â”€â”€â”€â”€â”€â”€â”€â”€â”€â”€â”€â”€â”€
    ../../test-results/playwright-output/dropdown-logout-Navigation-224a8-ser-information-in-dropdown-chromium/test-failed-1.png
    â”€â”€â”€â”€â”€â”€â”€â”€â”€â”€â”€â”€â”€â”€â”€â”€â”€â”€â”€â”€â”€â”€â”€â”€â”€â”€â”€â”€â”€â”€â”€â”€â”€â”€â”€â”€â”€â”€â”€â”€â”€â”€â”€â”€â”€â”€â”€â”€â”€â”€â”€â”€â”€â”€â”€â”€â”€â”€â”€â”€â”€â”€â”€â”€â”€â”€â”€â”€â”€â”€â”€â”€â”€â”€â”€â”€â”€â”€â”€â”€â”€â”€â”€â”€â”€â”€â”€â”€â”€â”€â”€â”€â”€â”€â”€â”€

    Error Context: ../../test-results/playwright-output/dropdown-logout-Navigation-224a8-ser-information-in-dropdown-chromium/error-context.md
]]>
</failure>
<system-out>
<![CDATA[
[[ATTACHMENT|playwright-output/dropdown-logout-Navigation-224a8-ser-information-in-dropdown-chromium/test-failed-1.png]]

[[ATTACHMENT|playwright-output/dropdown-logout-Navigation-224a8-ser-information-in-dropdown-chromium/error-context.md]]
]]>
</system-out>
</testcase>
<testcase name="Navigation Dropdown and Logout â€º should handle logout process" classname="dropdown-logout.spec.js" time="30.216">
<failure message="dropdown-logout.spec.js:129:3 should handle logout process" type="FAILURE">
<![CDATA[  [chromium] â€º dropdown-logout.spec.js:129:3 â€º Navigation Dropdown and Logout â€º should handle logout process 

    Test timeout of 30000ms exceeded.

    Error: locator.click: Test timeout of 30000ms exceeded.
    Call log:
      - waiting for locator('.profile-container button').first()


      133 |     // Open dropdown
      134 |     const profileButton = page.locator('.profile-container button').first();
    > 135 |     await profileButton.click();
          |                         ^
      136 |     
      137 |     // Click "Sign Out" button
      138 |     await page.locator('text=Sign Out').click();
        at /Users/ccox/Dropbox/@Chance/Aptana Studio 3 Workspace/personal/firebase-todo-app/tests/e2e/dropdown-logout.spec.js:135:25

    attachment #1: screenshot (image/png) â”€â”€â”€â”€â”€â”€â”€â”€â”€â”€â”€â”€â”€â”€â”€â”€â”€â”€â”€â”€â”€â”€â”€â”€â”€â”€â”€â”€â”€â”€â”€â”€â”€â”€â”€â”€â”€â”€â”€â”€â”€â”€â”€â”€â”€â”€â”€â”€â”€â”€â”€â”€â”€â”€â”€â”€â”€â”€
    ../../test-results/playwright-output/dropdown-logout-Navigation-0dceb-hould-handle-logout-process-chromium/test-failed-1.png
    â”€â”€â”€â”€â”€â”€â”€â”€â”€â”€â”€â”€â”€â”€â”€â”€â”€â”€â”€â”€â”€â”€â”€â”€â”€â”€â”€â”€â”€â”€â”€â”€â”€â”€â”€â”€â”€â”€â”€â”€â”€â”€â”€â”€â”€â”€â”€â”€â”€â”€â”€â”€â”€â”€â”€â”€â”€â”€â”€â”€â”€â”€â”€â”€â”€â”€â”€â”€â”€â”€â”€â”€â”€â”€â”€â”€â”€â”€â”€â”€â”€â”€â”€â”€â”€â”€â”€â”€â”€â”€â”€â”€â”€â”€â”€â”€

    Error Context: ../../test-results/playwright-output/dropdown-logout-Navigation-0dceb-hould-handle-logout-process-chromium/error-context.md
]]>
</failure>
<system-out>
<![CDATA[
[[ATTACHMENT|playwright-output/dropdown-logout-Navigation-0dceb-hould-handle-logout-process-chromium/test-failed-1.png]]

[[ATTACHMENT|playwright-output/dropdown-logout-Navigation-0dceb-hould-handle-logout-process-chromium/error-context.md]]
]]>
</system-out>
</testcase>
<testcase name="Navigation Dropdown and Logout â€º should show profile picture or initials" classname="dropdown-logout.spec.js" time="5.856">
<failure message="dropdown-logout.spec.js:152:3 should show profile picture or initials" type="FAILURE">
<![CDATA[  [chromium] â€º dropdown-logout.spec.js:152:3 â€º Navigation Dropdown and Logout â€º should show profile picture or initials 

    Error: Timed out 5000ms waiting for expect(locator).toBeVisible()

    Locator: locator('.profile-picture')
    Expected: visible
    Received: <element(s) not found>
    Call log:
      - Expect "toBeVisible" with timeout 5000ms
      - waiting for locator('.profile-picture')


      156 |     // Check if profile picture or initials are visible
      157 |     const profilePicture = page.locator('.profile-picture');
    > 158 |     await expect(profilePicture).toBeVisible();
          |                                  ^
      159 |   });
      160 |
      161 |   test('should handle dropdown on different screen sizes', async ({ page }) => {
        at /Users/ccox/Dropbox/@Chance/Aptana Studio 3 Workspace/personal/firebase-todo-app/tests/e2e/dropdown-logout.spec.js:158:34

    attachment #1: screenshot (image/png) â”€â”€â”€â”€â”€â”€â”€â”€â”€â”€â”€â”€â”€â”€â”€â”€â”€â”€â”€â”€â”€â”€â”€â”€â”€â”€â”€â”€â”€â”€â”€â”€â”€â”€â”€â”€â”€â”€â”€â”€â”€â”€â”€â”€â”€â”€â”€â”€â”€â”€â”€â”€â”€â”€â”€â”€â”€â”€
    ../../test-results/playwright-output/dropdown-logout-Navigation-02bab-profile-picture-or-initials-chromium/test-failed-1.png
    â”€â”€â”€â”€â”€â”€â”€â”€â”€â”€â”€â”€â”€â”€â”€â”€â”€â”€â”€â”€â”€â”€â”€â”€â”€â”€â”€â”€â”€â”€â”€â”€â”€â”€â”€â”€â”€â”€â”€â”€â”€â”€â”€â”€â”€â”€â”€â”€â”€â”€â”€â”€â”€â”€â”€â”€â”€â”€â”€â”€â”€â”€â”€â”€â”€â”€â”€â”€â”€â”€â”€â”€â”€â”€â”€â”€â”€â”€â”€â”€â”€â”€â”€â”€â”€â”€â”€â”€â”€â”€â”€â”€â”€â”€â”€â”€

    Error Context: ../../test-results/playwright-output/dropdown-logout-Navigation-02bab-profile-picture-or-initials-chromium/error-context.md
]]>
</failure>
<system-out>
<![CDATA[
[[ATTACHMENT|playwright-output/dropdown-logout-Navigation-02bab-profile-picture-or-initials-chromium/test-failed-1.png]]

[[ATTACHMENT|playwright-output/dropdown-logout-Navigation-02bab-profile-picture-or-initials-chromium/error-context.md]]
]]>
</system-out>
</testcase>
<testcase name="Navigation Dropdown and Logout â€º should handle dropdown on different screen sizes" classname="dropdown-logout.spec.js" time="30.118">
<failure message="dropdown-logout.spec.js:161:3 should handle dropdown on different screen sizes" type="FAILURE">
<![CDATA[  [chromium] â€º dropdown-logout.spec.js:161:3 â€º Navigation Dropdown and Logout â€º should handle dropdown on different screen sizes 

    Test timeout of 30000ms exceeded.

    Error: locator.click: Test timeout of 30000ms exceeded.
    Call log:
      - waiting for locator('.profile-container button').first()


      163 |     await page.setViewportSize({ width: 375, height: 667 });
      164 |     let profileButton = page.locator('.profile-container button').first();
    > 165 |     await profileButton.click();
          |                         ^
      166 |     
      167 |     let dropdown = page.locator('.mobile-profile-menu');
      168 |     await expect(dropdown).toBeVisible();
        at /Users/ccox/Dropbox/@Chance/Aptana Studio 3 Workspace/personal/firebase-todo-app/tests/e2e/dropdown-logout.spec.js:165:25

    attachment #1: screenshot (image/png) â”€â”€â”€â”€â”€â”€â”€â”€â”€â”€â”€â”€â”€â”€â”€â”€â”€â”€â”€â”€â”€â”€â”€â”€â”€â”€â”€â”€â”€â”€â”€â”€â”€â”€â”€â”€â”€â”€â”€â”€â”€â”€â”€â”€â”€â”€â”€â”€â”€â”€â”€â”€â”€â”€â”€â”€â”€â”€
    ../../test-results/playwright-output/dropdown-logout-Navigation-2ec15-n-on-different-screen-sizes-chromium/test-failed-1.png
    â”€â”€â”€â”€â”€â”€â”€â”€â”€â”€â”€â”€â”€â”€â”€â”€â”€â”€â”€â”€â”€â”€â”€â”€â”€â”€â”€â”€â”€â”€â”€â”€â”€â”€â”€â”€â”€â”€â”€â”€â”€â”€â”€â”€â”€â”€â”€â”€â”€â”€â”€â”€â”€â”€â”€â”€â”€â”€â”€â”€â”€â”€â”€â”€â”€â”€â”€â”€â”€â”€â”€â”€â”€â”€â”€â”€â”€â”€â”€â”€â”€â”€â”€â”€â”€â”€â”€â”€â”€â”€â”€â”€â”€â”€â”€â”€

    Error Context: ../../test-results/playwright-output/dropdown-logout-Navigation-2ec15-n-on-different-screen-sizes-chromium/error-context.md
]]>
</failure>
<system-out>
<![CDATA[
[[ATTACHMENT|playwright-output/dropdown-logout-Navigation-2ec15-n-on-different-screen-sizes-chromium/test-failed-1.png]]

[[ATTACHMENT|playwright-output/dropdown-logout-Navigation-2ec15-n-on-different-screen-sizes-chromium/error-context.md]]
]]>
</system-out>
</testcase>
<testcase name="Navigation Dropdown and Logout â€º should maintain dropdown state during navigation" classname="dropdown-logout.spec.js" time="30.244">
<failure message="dropdown-logout.spec.js:189:3 should maintain dropdown state during navigation" type="FAILURE">
<![CDATA[  [chromium] â€º dropdown-logout.spec.js:189:3 â€º Navigation Dropdown and Logout â€º should maintain dropdown state during navigation 

    Test timeout of 30000ms exceeded.

    Error: locator.click: Test timeout of 30000ms exceeded.
    Call log:
      - waiting for locator('.profile-container button').first()


      193 |     // Open dropdown
      194 |     const profileButton = page.locator('.profile-container button').first();
    > 195 |     await profileButton.click();
          |                         ^
      196 |     
      197 |     // Verify dropdown is open
      198 |     const dropdown = page.locator('.profile-container .absolute');
        at /Users/ccox/Dropbox/@Chance/Aptana Studio 3 Workspace/personal/firebase-todo-app/tests/e2e/dropdown-logout.spec.js:195:25

    attachment #1: screenshot (image/png) â”€â”€â”€â”€â”€â”€â”€â”€â”€â”€â”€â”€â”€â”€â”€â”€â”€â”€â”€â”€â”€â”€â”€â”€â”€â”€â”€â”€â”€â”€â”€â”€â”€â”€â”€â”€â”€â”€â”€â”€â”€â”€â”€â”€â”€â”€â”€â”€â”€â”€â”€â”€â”€â”€â”€â”€â”€â”€
    ../../test-results/playwright-output/dropdown-logout-Navigation-e0982-own-state-during-navigation-chromium/test-failed-1.png
    â”€â”€â”€â”€â”€â”€â”€â”€â”€â”€â”€â”€â”€â”€â”€â”€â”€â”€â”€â”€â”€â”€â”€â”€â”€â”€â”€â”€â”€â”€â”€â”€â”€â”€â”€â”€â”€â”€â”€â”€â”€â”€â”€â”€â”€â”€â”€â”€â”€â”€â”€â”€â”€â”€â”€â”€â”€â”€â”€â”€â”€â”€â”€â”€â”€â”€â”€â”€â”€â”€â”€â”€â”€â”€â”€â”€â”€â”€â”€â”€â”€â”€â”€â”€â”€â”€â”€â”€â”€â”€â”€â”€â”€â”€â”€â”€

    Error Context: ../../test-results/playwright-output/dropdown-logout-Navigation-e0982-own-state-during-navigation-chromium/error-context.md
]]>
</failure>
<system-out>
<![CDATA[
[[ATTACHMENT|playwright-output/dropdown-logout-Navigation-e0982-own-state-during-navigation-chromium/test-failed-1.png]]

[[ATTACHMENT|playwright-output/dropdown-logout-Navigation-e0982-own-state-during-navigation-chromium/error-context.md]]
]]>
</system-out>
</testcase>
</testsuite>
<testsuite name="google-login-test.spec.js" timestamp="2025-08-19T16:20:25.164Z" hostname="chromium" tests="2" failures="0" skipped="0" time="6.973" errors="0">
<testcase name="Google Sign-in Test â€º should attempt Google sign-in and handle the flow" classname="google-login-test.spec.js" time="5.314">
<system-out>
<![CDATA[Navigating to login page...
Login page loaded successfully
Google sign-in button found
Clicking Google sign-in button...
Console Log: Starting Google sign-in...
Console Log: Attempting Google sign-in...
Console Log: Current domain: localhost
Google OAuth popup opened successfully
Popup title: Sign in - Google Accounts
âœ… Google OAuth popup is working correctly
âœ… No authentication errors found

=== Console Activity Summary ===
Console Logs: [
  [32m'Starting Google sign-in...'[39m,
  [32m'Attempting Google sign-in...'[39m,
  [32m'Current domain: localhost'[39m
]
Console Errors: []
Screenshot saved as google-login-test-result.png
]]>
</system-out>
</testcase>
<testcase name="Google Sign-in Test â€º should handle Google sign-in in incognito mode" classname="google-login-test.spec.js" time="1.659">
<system-out>
<![CDATA[Testing Google sign-in in incognito mode...
Clicking Google sign-in button in incognito mode...
âœ… Google OAuth popup opened in incognito mode
]]>
</system-out>
</testcase>
</testsuite>
<testsuite name="login-fix-verification.spec.js" timestamp="2025-08-19T16:20:25.164Z" hostname="chromium" tests="3" failures="0" skipped="0" time="3.204" errors="0">
<testcase name="Login Page Fix Verification â€º should load login page without JavaScript module errors" classname="login-fix-verification.spec.js" time="0.995">
</testcase>
<testcase name="Login Page Fix Verification â€º should not have browser extension conflicts" classname="login-fix-verification.spec.js" time="0.99">
</testcase>
<testcase name="Login Page Fix Verification â€º should load production site without module errors" classname="login-fix-verification.spec.js" time="1.219">
<system-out>
<![CDATA[Production site test passed - no MIME type errors
]]>
</system-out>
</testcase>
</testsuite>
<testsuite name="production-google-login.spec.js" timestamp="2025-08-19T16:20:25.164Z" hostname="chromium" tests="1" failures="0" skipped="0" time="9.533" errors="0">
<testcase name="Production Google Sign-in Test â€º should test Google sign-in on production site" classname="production-google-login.spec.js" time="9.533">
<system-out>
<![CDATA[ðŸš€ Testing Google sign-in on PRODUCTION site...
ðŸ“ Navigated to production login page
âœ… DOM content loaded
âœ… Network idle
ðŸ“„ Page title: Todo App - Chance Cox
ðŸ”— Current URL: https://todo-list-e7788.web.app/login
âœ… Confirmed we are on production site
ðŸ—ï¸ Root div exists: [33mtrue[39m
ðŸ“ Root div content length: [33m330[39m
ðŸ” Login heading visible: [33mtrue[39m
âœ… Login form is rendering correctly
ðŸ” Google sign-in button visible: [33mtrue[39m
âœ… Google sign-in button found!
ðŸ”„ Attempting Google sign-in...
ðŸ“ Console Log: Starting Google sign-in...
ðŸ“ Console Log: Attempting Google sign-in...
ðŸ“ Console Log: Current domain: todo-list-e7788.web.app
ðŸ‘† Clicked Google sign-in button
ðŸŽ‰ Google OAuth popup opened successfully!
ðŸ“‹ Popup title: Sign in - Google Accounts
âœ… Google OAuth popup is working correctly!
ðŸ”’ Closed popup
âœ… No authentication errors found

ðŸ“Š Console Activity Summary:
Console Logs: [33m3[39m
Console Errors: [33m0[39m
ðŸ“¸ Screenshot saved as production-google-login-test.png
ðŸŽ¯ Test completed successfully!
]]>
</system-out>
</testcase>
</testsuite>
<testsuite name="simple-page-load.spec.js" timestamp="2025-08-19T16:20:25.164Z" hostname="chromium" tests="1" failures="1" skipped="0" time="6.962" errors="0">
<testcase name="Simple Page Load Test â€º should load the production page and check for errors" classname="simple-page-load.spec.js" time="6.962">
<failure message="simple-page-load.spec.js:4:3 should load the production page and check for errors" type="FAILURE">
<![CDATA[  [chromium] â€º simple-page-load.spec.js:4:3 â€º Simple Page Load Test â€º should load the production page and check for errors 

    Error: expect(received).toContain(expected) // indexOf

    Expected substring: "todo-list-e7788.web.app"
    Received string:    "http://localhost:3000/login"

      86 |     // The test passes if we can at least load the page
      87 |     expect(title).toBeTruthy();
    > 88 |     expect(url).toContain('todo-list-e7788.web.app');
         |                 ^
      89 |   });
      90 | });
      91 |
        at /Users/ccox/Dropbox/@Chance/Aptana Studio 3 Workspace/personal/firebase-todo-app/tests/e2e/simple-page-load.spec.js:88:17

    attachment #1: screenshot (image/png) â”€â”€â”€â”€â”€â”€â”€â”€â”€â”€â”€â”€â”€â”€â”€â”€â”€â”€â”€â”€â”€â”€â”€â”€â”€â”€â”€â”€â”€â”€â”€â”€â”€â”€â”€â”€â”€â”€â”€â”€â”€â”€â”€â”€â”€â”€â”€â”€â”€â”€â”€â”€â”€â”€â”€â”€â”€â”€
    ../../test-results/playwright-output/simple-page-load-Simple-Pa-80710-n-page-and-check-for-errors-chromium/test-failed-1.png
    â”€â”€â”€â”€â”€â”€â”€â”€â”€â”€â”€â”€â”€â”€â”€â”€â”€â”€â”€â”€â”€â”€â”€â”€â”€â”€â”€â”€â”€â”€â”€â”€â”€â”€â”€â”€â”€â”€â”€â”€â”€â”€â”€â”€â”€â”€â”€â”€â”€â”€â”€â”€â”€â”€â”€â”€â”€â”€â”€â”€â”€â”€â”€â”€â”€â”€â”€â”€â”€â”€â”€â”€â”€â”€â”€â”€â”€â”€â”€â”€â”€â”€â”€â”€â”€â”€â”€â”€â”€â”€â”€â”€â”€â”€â”€â”€

    Error Context: ../../test-results/playwright-output/simple-page-load-Simple-Pa-80710-n-page-and-check-for-errors-chromium/error-context.md
]]>
</failure>
<system-out>
<![CDATA[Starting simple page load test...
Navigated to /login
DOM content loaded
Network idle
Page title: Todo App - Chance Cox
Current URL: http://localhost:3000/login
Root div exists: [33mtrue[39m
Root div content length: [33m330[39m
Root div content preview: Sign in to your accountEmail addressPasswordSign inOr continue withSign in with GoogleHaving issues?
Error elements found: [33m0[39m
Loading elements found: [33m0[39m
Screenshot saved as simple-page-load-test.png

=== Test Summary ===
Page title: Todo App - Chance Cox
URL: http://localhost:3000/login
Root div exists: [33mtrue[39m
Console errors: [33m0[39m
Console logs: [33m0[39m
Page errors: [33m0[39m
Loading indicators: [33m0[39m

[[ATTACHMENT|playwright-output/simple-page-load-Simple-Pa-80710-n-page-and-check-for-errors-chromium/test-failed-1.png]]

[[ATTACHMENT|playwright-output/simple-page-load-Simple-Pa-80710-n-page-and-check-for-errors-chromium/error-context.md]]
]]>
</system-out>
</testcase>
</testsuite>
<testsuite name="styling.spec.js" timestamp="2025-08-19T16:20:25.164Z" hostname="chromium" tests="7" failures="7" skipped="0" time="88.663" errors="0">
<testcase name="Todo App Styling â€º should load the main page with proper styling" classname="styling.spec.js" time="5.815">
<failure message="styling.spec.js:4:3 should load the main page with proper styling" type="FAILURE">
<![CDATA[  [chromium] â€º styling.spec.js:4:3 â€º Todo App Styling â€º should load the main page with proper styling 

    Error: Timed out 5000ms waiting for expect(locator).toBeVisible()

    Locator: getByRole('heading', { name: 'Firebase Todo App' })
    Expected: visible
    Received: <element(s) not found>
    Call log:
      - Expect "toBeVisible" with timeout 5000ms
      - waiting for getByRole('heading', { name: 'Firebase Todo App' })


       6 |     
       7 |     // Check if the page title is displayed
    >  8 |     await expect(page.getByRole('heading', { name: 'Firebase Todo App' })).toBeVisible();
         |                                                                            ^
       9 |     
      10 |     // Check if the main content is loaded
      11 |     await expect(page.getByRole('heading', { name: 'My Todos' })).toBeVisible();
        at /Users/ccox/Dropbox/@Chance/Aptana Studio 3 Workspace/personal/firebase-todo-app/tests/e2e/styling.spec.js:8:76

    attachment #1: screenshot (image/png) â”€â”€â”€â”€â”€â”€â”€â”€â”€â”€â”€â”€â”€â”€â”€â”€â”€â”€â”€â”€â”€â”€â”€â”€â”€â”€â”€â”€â”€â”€â”€â”€â”€â”€â”€â”€â”€â”€â”€â”€â”€â”€â”€â”€â”€â”€â”€â”€â”€â”€â”€â”€â”€â”€â”€â”€â”€â”€
    ../../test-results/playwright-output/styling-Todo-App-Styling-s-48c50-in-page-with-proper-styling-chromium/test-failed-1.png
    â”€â”€â”€â”€â”€â”€â”€â”€â”€â”€â”€â”€â”€â”€â”€â”€â”€â”€â”€â”€â”€â”€â”€â”€â”€â”€â”€â”€â”€â”€â”€â”€â”€â”€â”€â”€â”€â”€â”€â”€â”€â”€â”€â”€â”€â”€â”€â”€â”€â”€â”€â”€â”€â”€â”€â”€â”€â”€â”€â”€â”€â”€â”€â”€â”€â”€â”€â”€â”€â”€â”€â”€â”€â”€â”€â”€â”€â”€â”€â”€â”€â”€â”€â”€â”€â”€â”€â”€â”€â”€â”€â”€â”€â”€â”€â”€

    Error Context: ../../test-results/playwright-output/styling-Todo-App-Styling-s-48c50-in-page-with-proper-styling-chromium/error-context.md
]]>
</failure>
<system-out>
<![CDATA[
[[ATTACHMENT|playwright-output/styling-Todo-App-Styling-s-48c50-in-page-with-proper-styling-chromium/test-failed-1.png]]

[[ATTACHMENT|playwright-output/styling-Todo-App-Styling-s-48c50-in-page-with-proper-styling-chromium/error-context.md]]
]]>
</system-out>
</testcase>
<testcase name="Todo App Styling â€º should have TailwindCSS classes applied" classname="styling.spec.js" time="5.617">
<failure message="styling.spec.js:25:3 should have TailwindCSS classes applied" type="FAILURE">
<![CDATA[  [chromium] â€º styling.spec.js:25:3 â€º Todo App Styling â€º should have TailwindCSS classes applied â”€â”€â”€

    Error: Timed out 5000ms waiting for expect(locator).toHaveClass(expected)

    Locator: locator('h1')
    Expected pattern: /text-4xl/
    Received: <element(s) not found>
    Call log:
      - Expect "toHaveClass" with timeout 5000ms
      - waiting for locator('h1')


      28 |     // Check if TailwindCSS classes are being applied
      29 |     const header = page.locator('h1');
    > 30 |     await expect(header).toHaveClass(/text-4xl/);
         |                          ^
      31 |     await expect(header).toHaveClass(/font-bold/);
      32 |     await expect(header).toHaveClass(/text-center/);
      33 |     await expect(header).toHaveClass(/text-white/);
        at /Users/ccox/Dropbox/@Chance/Aptana Studio 3 Workspace/personal/firebase-todo-app/tests/e2e/styling.spec.js:30:26

    attachment #1: screenshot (image/png) â”€â”€â”€â”€â”€â”€â”€â”€â”€â”€â”€â”€â”€â”€â”€â”€â”€â”€â”€â”€â”€â”€â”€â”€â”€â”€â”€â”€â”€â”€â”€â”€â”€â”€â”€â”€â”€â”€â”€â”€â”€â”€â”€â”€â”€â”€â”€â”€â”€â”€â”€â”€â”€â”€â”€â”€â”€â”€
    ../../test-results/playwright-output/styling-Todo-App-Styling-s-aba60-TailwindCSS-classes-applied-chromium/test-failed-1.png
    â”€â”€â”€â”€â”€â”€â”€â”€â”€â”€â”€â”€â”€â”€â”€â”€â”€â”€â”€â”€â”€â”€â”€â”€â”€â”€â”€â”€â”€â”€â”€â”€â”€â”€â”€â”€â”€â”€â”€â”€â”€â”€â”€â”€â”€â”€â”€â”€â”€â”€â”€â”€â”€â”€â”€â”€â”€â”€â”€â”€â”€â”€â”€â”€â”€â”€â”€â”€â”€â”€â”€â”€â”€â”€â”€â”€â”€â”€â”€â”€â”€â”€â”€â”€â”€â”€â”€â”€â”€â”€â”€â”€â”€â”€â”€â”€

    Error Context: ../../test-results/playwright-output/styling-Todo-App-Styling-s-aba60-TailwindCSS-classes-applied-chromium/error-context.md
]]>
</failure>
<system-out>
<![CDATA[
[[ATTACHMENT|playwright-output/styling-Todo-App-Styling-s-aba60-TailwindCSS-classes-applied-chromium/test-failed-1.png]]

[[ATTACHMENT|playwright-output/styling-Todo-App-Styling-s-aba60-TailwindCSS-classes-applied-chromium/error-context.md]]
]]>
</system-out>
</testcase>
<testcase name="Todo App Styling â€º should have proper color scheme and layout" classname="styling.spec.js" time="5.677">
<failure message="styling.spec.js:52:3 should have proper color scheme and layout" type="FAILURE">
<![CDATA[  [chromium] â€º styling.spec.js:52:3 â€º Todo App Styling â€º should have proper color scheme and layout 

    Error: Timed out 5000ms waiting for expect(locator).toHaveClass(expected)

    Locator: locator('h1')
    Expected pattern: /text-white/
    Received: <element(s) not found>
    Call log:
      - Expect "toHaveClass" with timeout 5000ms
      - waiting for locator('h1')


      62 |     // Check if the header text is white (should be visible on gradient)
      63 |     const header = page.locator('h1');
    > 64 |     await expect(header).toHaveClass(/text-white/);
         |                          ^
      65 |     
      66 |     // Check if the main content area has proper spacing
      67 |     const main = page.locator('main');
        at /Users/ccox/Dropbox/@Chance/Aptana Studio 3 Workspace/personal/firebase-todo-app/tests/e2e/styling.spec.js:64:26

    attachment #1: screenshot (image/png) â”€â”€â”€â”€â”€â”€â”€â”€â”€â”€â”€â”€â”€â”€â”€â”€â”€â”€â”€â”€â”€â”€â”€â”€â”€â”€â”€â”€â”€â”€â”€â”€â”€â”€â”€â”€â”€â”€â”€â”€â”€â”€â”€â”€â”€â”€â”€â”€â”€â”€â”€â”€â”€â”€â”€â”€â”€â”€
    ../../test-results/playwright-output/styling-Todo-App-Styling-s-02ab5-per-color-scheme-and-layout-chromium/test-failed-1.png
    â”€â”€â”€â”€â”€â”€â”€â”€â”€â”€â”€â”€â”€â”€â”€â”€â”€â”€â”€â”€â”€â”€â”€â”€â”€â”€â”€â”€â”€â”€â”€â”€â”€â”€â”€â”€â”€â”€â”€â”€â”€â”€â”€â”€â”€â”€â”€â”€â”€â”€â”€â”€â”€â”€â”€â”€â”€â”€â”€â”€â”€â”€â”€â”€â”€â”€â”€â”€â”€â”€â”€â”€â”€â”€â”€â”€â”€â”€â”€â”€â”€â”€â”€â”€â”€â”€â”€â”€â”€â”€â”€â”€â”€â”€â”€â”€

    Error Context: ../../test-results/playwright-output/styling-Todo-App-Styling-s-02ab5-per-color-scheme-and-layout-chromium/error-context.md
]]>
</failure>
<system-out>
<![CDATA[
[[ATTACHMENT|playwright-output/styling-Todo-App-Styling-s-02ab5-per-color-scheme-and-layout-chromium/test-failed-1.png]]

[[ATTACHMENT|playwright-output/styling-Todo-App-Styling-s-02ab5-per-color-scheme-and-layout-chromium/error-context.md]]
]]>
</system-out>
</testcase>
<testcase name="Todo App Styling â€º should have responsive design elements" classname="styling.spec.js" time="5.322">
<failure message="styling.spec.js:78:3 should have responsive design elements" type="FAILURE">
<![CDATA[  [chromium] â€º styling.spec.js:78:3 â€º Todo App Styling â€º should have responsive design elements â”€â”€â”€â”€

    Error: Timed out 5000ms waiting for expect(locator).toHaveClass(expected)

    Locator: locator('form > div.grid')
    Expected pattern: /grid/
    Received: <element(s) not found>
    Call log:
      - Expect "toHaveClass" with timeout 5000ms
      - waiting for locator('form > div.grid')


      81 |     // Check if the grid layout is responsive - look for the specific grid div
      82 |     const formGrid = page.locator('form > div.grid');
    > 83 |     await expect(formGrid).toHaveClass(/grid/);
         |                            ^
      84 |     await expect(formGrid).toHaveClass(/md:grid-cols-2/);
      85 |     
      86 |     // Check if the container has max width
        at /Users/ccox/Dropbox/@Chance/Aptana Studio 3 Workspace/personal/firebase-todo-app/tests/e2e/styling.spec.js:83:28

    attachment #1: screenshot (image/png) â”€â”€â”€â”€â”€â”€â”€â”€â”€â”€â”€â”€â”€â”€â”€â”€â”€â”€â”€â”€â”€â”€â”€â”€â”€â”€â”€â”€â”€â”€â”€â”€â”€â”€â”€â”€â”€â”€â”€â”€â”€â”€â”€â”€â”€â”€â”€â”€â”€â”€â”€â”€â”€â”€â”€â”€â”€â”€
    ../../test-results/playwright-output/styling-Todo-App-Styling-s-eb024--responsive-design-elements-chromium/test-failed-1.png
    â”€â”€â”€â”€â”€â”€â”€â”€â”€â”€â”€â”€â”€â”€â”€â”€â”€â”€â”€â”€â”€â”€â”€â”€â”€â”€â”€â”€â”€â”€â”€â”€â”€â”€â”€â”€â”€â”€â”€â”€â”€â”€â”€â”€â”€â”€â”€â”€â”€â”€â”€â”€â”€â”€â”€â”€â”€â”€â”€â”€â”€â”€â”€â”€â”€â”€â”€â”€â”€â”€â”€â”€â”€â”€â”€â”€â”€â”€â”€â”€â”€â”€â”€â”€â”€â”€â”€â”€â”€â”€â”€â”€â”€â”€â”€â”€

    Error Context: ../../test-results/playwright-output/styling-Todo-App-Styling-s-eb024--responsive-design-elements-chromium/error-context.md
]]>
</failure>
<system-out>
<![CDATA[
[[ATTACHMENT|playwright-output/styling-Todo-App-Styling-s-eb024--responsive-design-elements-chromium/test-failed-1.png]]

[[ATTACHMENT|playwright-output/styling-Todo-App-Styling-s-eb024--responsive-design-elements-chromium/error-context.md]]
]]>
</system-out>
</testcase>
<testcase name="Todo App Styling â€º should have interactive elements with hover states" classname="styling.spec.js" time="5.677">
<failure message="styling.spec.js:91:3 should have interactive elements with hover states" type="FAILURE">
<![CDATA[  [chromium] â€º styling.spec.js:91:3 â€º Todo App Styling â€º should have interactive elements with hover states 

    Error: Timed out 5000ms waiting for expect(locator).toHaveClass(expected)

    Locator: getByRole('button', { name: 'Add Todo' })
    Expected pattern: /hover:bg-green-600/
    Received: <element(s) not found>
    Call log:
      - Expect "toHaveClass" with timeout 5000ms
      - waiting for getByRole('button', { name: 'Add Todo' })


      94 |     // Check if buttons have hover states
      95 |     const addButton = page.getByRole('button', { name: 'Add Todo' });
    > 96 |     await expect(addButton).toHaveClass(/hover:bg-green-600/);
         |                             ^
      97 |     
      98 |     // Check if the add tag button has hover states - be more specific
      99 |     const tagButton = page.locator('button[type="button"]:has-text("Add")').first();
        at /Users/ccox/Dropbox/@Chance/Aptana Studio 3 Workspace/personal/firebase-todo-app/tests/e2e/styling.spec.js:96:29

    attachment #1: screenshot (image/png) â”€â”€â”€â”€â”€â”€â”€â”€â”€â”€â”€â”€â”€â”€â”€â”€â”€â”€â”€â”€â”€â”€â”€â”€â”€â”€â”€â”€â”€â”€â”€â”€â”€â”€â”€â”€â”€â”€â”€â”€â”€â”€â”€â”€â”€â”€â”€â”€â”€â”€â”€â”€â”€â”€â”€â”€â”€â”€
    ../../test-results/playwright-output/styling-Todo-App-Styling-s-a7e3c--elements-with-hover-states-chromium/test-failed-1.png
    â”€â”€â”€â”€â”€â”€â”€â”€â”€â”€â”€â”€â”€â”€â”€â”€â”€â”€â”€â”€â”€â”€â”€â”€â”€â”€â”€â”€â”€â”€â”€â”€â”€â”€â”€â”€â”€â”€â”€â”€â”€â”€â”€â”€â”€â”€â”€â”€â”€â”€â”€â”€â”€â”€â”€â”€â”€â”€â”€â”€â”€â”€â”€â”€â”€â”€â”€â”€â”€â”€â”€â”€â”€â”€â”€â”€â”€â”€â”€â”€â”€â”€â”€â”€â”€â”€â”€â”€â”€â”€â”€â”€â”€â”€â”€â”€

    Error Context: ../../test-results/playwright-output/styling-Todo-App-Styling-s-a7e3c--elements-with-hover-states-chromium/error-context.md
]]>
</failure>
<system-out>
<![CDATA[
[[ATTACHMENT|playwright-output/styling-Todo-App-Styling-s-a7e3c--elements-with-hover-states-chromium/test-failed-1.png]]

[[ATTACHMENT|playwright-output/styling-Todo-App-Styling-s-a7e3c--elements-with-hover-states-chromium/error-context.md]]
]]>
</system-out>
</testcase>
<testcase name="Todo App Styling â€º should display todos with proper styling when added" classname="styling.spec.js" time="30.269">
<failure message="styling.spec.js:103:3 should display todos with proper styling when added" type="FAILURE">
<![CDATA[  [chromium] â€º styling.spec.js:103:3 â€º Todo App Styling â€º should display todos with proper styling when added 

    Test timeout of 30000ms exceeded.

    Error: locator.fill: Test timeout of 30000ms exceeded.
    Call log:
      - waiting for getByLabel('Title *')


      105 |     
      106 |     // Add a new todo
    > 107 |     await page.getByLabel('Title *').fill('Test Todo');
          |                                      ^
      108 |     await page.getByLabel('Description').fill('This is a test todo');
      109 |     await page.getByLabel('Priority').selectOption('high');
      110 |     
        at /Users/ccox/Dropbox/@Chance/Aptana Studio 3 Workspace/personal/firebase-todo-app/tests/e2e/styling.spec.js:107:38

    attachment #1: screenshot (image/png) â”€â”€â”€â”€â”€â”€â”€â”€â”€â”€â”€â”€â”€â”€â”€â”€â”€â”€â”€â”€â”€â”€â”€â”€â”€â”€â”€â”€â”€â”€â”€â”€â”€â”€â”€â”€â”€â”€â”€â”€â”€â”€â”€â”€â”€â”€â”€â”€â”€â”€â”€â”€â”€â”€â”€â”€â”€â”€
    ../../test-results/playwright-output/styling-Todo-App-Styling-s-aa05e-h-proper-styling-when-added-chromium/test-failed-1.png
    â”€â”€â”€â”€â”€â”€â”€â”€â”€â”€â”€â”€â”€â”€â”€â”€â”€â”€â”€â”€â”€â”€â”€â”€â”€â”€â”€â”€â”€â”€â”€â”€â”€â”€â”€â”€â”€â”€â”€â”€â”€â”€â”€â”€â”€â”€â”€â”€â”€â”€â”€â”€â”€â”€â”€â”€â”€â”€â”€â”€â”€â”€â”€â”€â”€â”€â”€â”€â”€â”€â”€â”€â”€â”€â”€â”€â”€â”€â”€â”€â”€â”€â”€â”€â”€â”€â”€â”€â”€â”€â”€â”€â”€â”€â”€â”€

    Error Context: ../../test-results/playwright-output/styling-Todo-App-Styling-s-aa05e-h-proper-styling-when-added-chromium/error-context.md
]]>
</failure>
<system-out>
<![CDATA[
[[ATTACHMENT|playwright-output/styling-Todo-App-Styling-s-aa05e-h-proper-styling-when-added-chromium/test-failed-1.png]]

[[ATTACHMENT|playwright-output/styling-Todo-App-Styling-s-aa05e-h-proper-styling-when-added-chromium/error-context.md]]
]]>
</system-out>
</testcase>
<testcase name="Todo App Styling â€º should have proper form validation styling" classname="styling.spec.js" time="30.286">
<failure message="styling.spec.js:127:3 should have proper form validation styling" type="FAILURE">
<![CDATA[  [chromium] â€º styling.spec.js:127:3 â€º Todo App Styling â€º should have proper form validation styling 

    Test timeout of 30000ms exceeded.

    Error: locator.click: Test timeout of 30000ms exceeded.
    Call log:
      - waiting for getByRole('button', { name: 'Add Todo' })


      129 |     
      130 |     // Try to submit without title (should show validation)
    > 131 |     await page.getByRole('button', { name: 'Add Todo' }).click();
          |                                                          ^
      132 |     
      133 |     // Check if the title input has required styling
      134 |     const titleInput = page.getByLabel('Title *');
        at /Users/ccox/Dropbox/@Chance/Aptana Studio 3 Workspace/personal/firebase-todo-app/tests/e2e/styling.spec.js:131:58

    attachment #1: screenshot (image/png) â”€â”€â”€â”€â”€â”€â”€â”€â”€â”€â”€â”€â”€â”€â”€â”€â”€â”€â”€â”€â”€â”€â”€â”€â”€â”€â”€â”€â”€â”€â”€â”€â”€â”€â”€â”€â”€â”€â”€â”€â”€â”€â”€â”€â”€â”€â”€â”€â”€â”€â”€â”€â”€â”€â”€â”€â”€â”€
    ../../test-results/playwright-output/styling-Todo-App-Styling-s-44862-per-form-validation-styling-chromium/test-failed-1.png
    â”€â”€â”€â”€â”€â”€â”€â”€â”€â”€â”€â”€â”€â”€â”€â”€â”€â”€â”€â”€â”€â”€â”€â”€â”€â”€â”€â”€â”€â”€â”€â”€â”€â”€â”€â”€â”€â”€â”€â”€â”€â”€â”€â”€â”€â”€â”€â”€â”€â”€â”€â”€â”€â”€â”€â”€â”€â”€â”€â”€â”€â”€â”€â”€â”€â”€â”€â”€â”€â”€â”€â”€â”€â”€â”€â”€â”€â”€â”€â”€â”€â”€â”€â”€â”€â”€â”€â”€â”€â”€â”€â”€â”€â”€â”€â”€

    Error Context: ../../test-results/playwright-output/styling-Todo-App-Styling-s-44862-per-form-validation-styling-chromium/error-context.md
]]>
</failure>
<system-out>
<![CDATA[
[[ATTACHMENT|playwright-output/styling-Todo-App-Styling-s-44862-per-form-validation-styling-chromium/test-failed-1.png]]

[[ATTACHMENT|playwright-output/styling-Todo-App-Styling-s-44862-per-form-validation-styling-chromium/error-context.md]]
]]>
</system-out>
</testcase>
</testsuite>
<testsuite name="authentication-logout.spec.js" timestamp="2025-08-19T16:20:25.164Z" hostname="firefox" tests="7" failures="1" skipped="4" time="21.745" errors="0">
<testcase name="Authentication and Logout â€º should show login page when not authenticated" classname="authentication-logout.spec.js" time="7.6">
<failure message="authentication-logout.spec.js:12:3 should show login page when not authenticated" type="FAILURE">
<![CDATA[  [firefox] â€º authentication-logout.spec.js:12:3 â€º Authentication and Logout â€º should show login page when not authenticated 

    Error: Timed out 5000ms waiting for expect(locator).toBeVisible()

    Locator: locator('button:has-text("Login")')
    Expected: visible
    Received: <element(s) not found>
    Call log:
      - Expect "toBeVisible" with timeout 5000ms
      - waiting for locator('button:has-text("Login")')


      18 |     if (await loginForm.isVisible()) {
      19 |       await expect(loginForm).toBeVisible();
    > 20 |       await expect(loginButton).toBeVisible();
         |                                 ^
      21 |     } else {
      22 |       // Check if we're on login page
      23 |       await expect(page.locator('text=Login')).toBeVisible();
        at /Users/ccox/Dropbox/@Chance/Aptana Studio 3 Workspace/personal/firebase-todo-app/tests/e2e/authentication-logout.spec.js:20:33

    attachment #1: screenshot (image/png) â”€â”€â”€â”€â”€â”€â”€â”€â”€â”€â”€â”€â”€â”€â”€â”€â”€â”€â”€â”€â”€â”€â”€â”€â”€â”€â”€â”€â”€â”€â”€â”€â”€â”€â”€â”€â”€â”€â”€â”€â”€â”€â”€â”€â”€â”€â”€â”€â”€â”€â”€â”€â”€â”€â”€â”€â”€â”€
    ../../test-results/playwright-output/authentication-logout-Auth-f2301-page-when-not-authenticated-firefox/test-failed-1.png
    â”€â”€â”€â”€â”€â”€â”€â”€â”€â”€â”€â”€â”€â”€â”€â”€â”€â”€â”€â”€â”€â”€â”€â”€â”€â”€â”€â”€â”€â”€â”€â”€â”€â”€â”€â”€â”€â”€â”€â”€â”€â”€â”€â”€â”€â”€â”€â”€â”€â”€â”€â”€â”€â”€â”€â”€â”€â”€â”€â”€â”€â”€â”€â”€â”€â”€â”€â”€â”€â”€â”€â”€â”€â”€â”€â”€â”€â”€â”€â”€â”€â”€â”€â”€â”€â”€â”€â”€â”€â”€â”€â”€â”€â”€â”€â”€

    Error Context: ../../test-results/playwright-output/authentication-logout-Auth-f2301-page-when-not-authenticated-firefox/error-context.md
]]>
</failure>
<system-out>
<![CDATA[
[[ATTACHMENT|playwright-output/authentication-logout-Auth-f2301-page-when-not-authenticated-firefox/test-failed-1.png]]

[[ATTACHMENT|playwright-output/authentication-logout-Auth-f2301-page-when-not-authenticated-firefox/error-context.md]]
]]>
</system-out>
</testcase>
<testcase name="Authentication and Logout â€º should handle Google sign-in process" classname="authentication-logout.spec.js" time="6.24">
</testcase>
<testcase name="Authentication and Logout â€º should show user profile when authenticated" classname="authentication-logout.spec.js" time="1.942">
<properties>
<property name="skip" value="">
</property>
</properties>
<skipped>
</skipped>
</testcase>
<testcase name="Authentication and Logout â€º should logout successfully" classname="authentication-logout.spec.js" time="1.297">
<properties>
<property name="skip" value="">
</property>
</properties>
<skipped>
</skipped>
</testcase>
<testcase name="Authentication and Logout â€º should handle logout errors gracefully" classname="authentication-logout.spec.js" time="1.296">
<properties>
<property name="skip" value="">
</property>
</properties>
<skipped>
</skipped>
</testcase>
<testcase name="Authentication and Logout â€º should maintain authentication state across page reloads" classname="authentication-logout.spec.js" time="1.925">
<properties>
<property name="skip" value="">
</property>
</properties>
<skipped>
</skipped>
</testcase>
<testcase name="Authentication and Logout â€º should show proper loading states during authentication" classname="authentication-logout.spec.js" time="1.445">
</testcase>
</testsuite>
<testsuite name="custom-domain-google-login.spec.js" timestamp="2025-08-19T16:20:25.164Z" hostname="firefox" tests="1" failures="0" skipped="0" time="11.265" errors="0">
<testcase name="Custom Domain Google Sign-in Test â€º should test Google sign-in on custom domain" classname="custom-domain-google-login.spec.js" time="11.265">
<system-out>
<![CDATA[ðŸš€ Testing Google sign-in on CUSTOM DOMAIN: todo.cox-fam.com
ðŸ“ Navigated to custom domain login page
âœ… DOM content loaded
âœ… Network idle
ðŸ“„ Page title: Todo App - Chance Cox
ðŸ”— Current URL: https://todo.cox-fam.com/login
âœ… Confirmed we are on custom domain
ðŸ—ï¸ Root div exists: [33mtrue[39m
ðŸ“ Root div content length: [33m330[39m
ðŸ” Login heading visible: [33mtrue[39m
âœ… Login form is rendering correctly
ðŸ” Google sign-in button visible: [33mtrue[39m
âœ… Google sign-in button found!
ðŸ”„ Attempting Google sign-in on custom domain...
ðŸ“ Console Log: Starting Google sign-in...
ðŸ“ Console Log: Attempting Google sign-in...
ðŸ“ Console Log: Current domain: todo.cox-fam.com
ðŸ‘† Clicked Google sign-in button
ðŸŽ‰ Google OAuth popup opened successfully!
ðŸ“‹ Popup title: Sign in - Google Accounts
âœ… Google OAuth popup is working correctly!
ðŸ”’ Closed popup
âœ… No authentication errors found

ðŸ“Š Console Activity Summary:
Console Logs: [33m3[39m
Console Errors: [33m0[39m
ðŸ“¸ Screenshot saved as custom-domain-google-login-test.png
ðŸŽ¯ Custom domain test completed successfully!
]]>
</system-out>
</testcase>
</testsuite>
<testsuite name="dropdown-logout.spec.js" timestamp="2025-08-19T16:20:25.164Z" hostname="firefox" tests="10" failures="8" skipped="2" time="184.342" errors="0">
<testcase name="Navigation Dropdown and Logout â€º should open profile dropdown on mobile" classname="dropdown-logout.spec.js" time="6.224">
<failure message="dropdown-logout.spec.js:12:3 should open profile dropdown on mobile" type="FAILURE">
<![CDATA[  [firefox] â€º dropdown-logout.spec.js:12:3 â€º Navigation Dropdown and Logout â€º should open profile dropdown on mobile 

    Error: Timed out 5000ms waiting for expect(locator).toBeVisible()

    Locator: locator('.profile-container button').first()
    Expected: visible
    Received: <element(s) not found>
    Call log:
      - Expect "toBeVisible" with timeout 5000ms
      - waiting for locator('.profile-container button').first()


      16 |     // Wait for the profile button to be visible
      17 |     const profileButton = page.locator('.profile-container button').first();
    > 18 |     await expect(profileButton).toBeVisible();
         |                                 ^
      19 |     
      20 |     // Click the profile button to open dropdown
      21 |     await profileButton.click();
        at /Users/ccox/Dropbox/@Chance/Aptana Studio 3 Workspace/personal/firebase-todo-app/tests/e2e/dropdown-logout.spec.js:18:33

    attachment #1: screenshot (image/png) â”€â”€â”€â”€â”€â”€â”€â”€â”€â”€â”€â”€â”€â”€â”€â”€â”€â”€â”€â”€â”€â”€â”€â”€â”€â”€â”€â”€â”€â”€â”€â”€â”€â”€â”€â”€â”€â”€â”€â”€â”€â”€â”€â”€â”€â”€â”€â”€â”€â”€â”€â”€â”€â”€â”€â”€â”€â”€
    ../../test-results/playwright-output/dropdown-logout-Navigation-d73c2--profile-dropdown-on-mobile-firefox/test-failed-1.png
    â”€â”€â”€â”€â”€â”€â”€â”€â”€â”€â”€â”€â”€â”€â”€â”€â”€â”€â”€â”€â”€â”€â”€â”€â”€â”€â”€â”€â”€â”€â”€â”€â”€â”€â”€â”€â”€â”€â”€â”€â”€â”€â”€â”€â”€â”€â”€â”€â”€â”€â”€â”€â”€â”€â”€â”€â”€â”€â”€â”€â”€â”€â”€â”€â”€â”€â”€â”€â”€â”€â”€â”€â”€â”€â”€â”€â”€â”€â”€â”€â”€â”€â”€â”€â”€â”€â”€â”€â”€â”€â”€â”€â”€â”€â”€â”€

    Error Context: ../../test-results/playwright-output/dropdown-logout-Navigation-d73c2--profile-dropdown-on-mobile-firefox/error-context.md
]]>
</failure>
<system-out>
<![CDATA[
[[ATTACHMENT|playwright-output/dropdown-logout-Navigation-d73c2--profile-dropdown-on-mobile-firefox/test-failed-1.png]]

[[ATTACHMENT|playwright-output/dropdown-logout-Navigation-d73c2--profile-dropdown-on-mobile-firefox/error-context.md]]
]]>
</system-out>
</testcase>
<testcase name="Navigation Dropdown and Logout â€º should open profile dropdown on desktop" classname="dropdown-logout.spec.js" time="6.353">
<failure message="dropdown-logout.spec.js:33:3 should open profile dropdown on desktop" type="FAILURE">
<![CDATA[  [firefox] â€º dropdown-logout.spec.js:33:3 â€º Navigation Dropdown and Logout â€º should open profile dropdown on desktop 

    Error: Timed out 5000ms waiting for expect(locator).toBeVisible()

    Locator: locator('.profile-container button').first()
    Expected: visible
    Received: <element(s) not found>
    Call log:
      - Expect "toBeVisible" with timeout 5000ms
      - waiting for locator('.profile-container button').first()


      37 |     // Wait for the profile button to be visible
      38 |     const profileButton = page.locator('.profile-container button').first();
    > 39 |     await expect(profileButton).toBeVisible();
         |                                 ^
      40 |     
      41 |     // Click the profile button to open dropdown
      42 |     await profileButton.click();
        at /Users/ccox/Dropbox/@Chance/Aptana Studio 3 Workspace/personal/firebase-todo-app/tests/e2e/dropdown-logout.spec.js:39:33

    attachment #1: screenshot (image/png) â”€â”€â”€â”€â”€â”€â”€â”€â”€â”€â”€â”€â”€â”€â”€â”€â”€â”€â”€â”€â”€â”€â”€â”€â”€â”€â”€â”€â”€â”€â”€â”€â”€â”€â”€â”€â”€â”€â”€â”€â”€â”€â”€â”€â”€â”€â”€â”€â”€â”€â”€â”€â”€â”€â”€â”€â”€â”€
    ../../test-results/playwright-output/dropdown-logout-Navigation-80f4e-profile-dropdown-on-desktop-firefox/test-failed-1.png
    â”€â”€â”€â”€â”€â”€â”€â”€â”€â”€â”€â”€â”€â”€â”€â”€â”€â”€â”€â”€â”€â”€â”€â”€â”€â”€â”€â”€â”€â”€â”€â”€â”€â”€â”€â”€â”€â”€â”€â”€â”€â”€â”€â”€â”€â”€â”€â”€â”€â”€â”€â”€â”€â”€â”€â”€â”€â”€â”€â”€â”€â”€â”€â”€â”€â”€â”€â”€â”€â”€â”€â”€â”€â”€â”€â”€â”€â”€â”€â”€â”€â”€â”€â”€â”€â”€â”€â”€â”€â”€â”€â”€â”€â”€â”€â”€

    Error Context: ../../test-results/playwright-output/dropdown-logout-Navigation-80f4e-profile-dropdown-on-desktop-firefox/error-context.md
]]>
</failure>
<system-out>
<![CDATA[
[[ATTACHMENT|playwright-output/dropdown-logout-Navigation-80f4e-profile-dropdown-on-desktop-firefox/test-failed-1.png]]

[[ATTACHMENT|playwright-output/dropdown-logout-Navigation-80f4e-profile-dropdown-on-desktop-firefox/error-context.md]]
]]>
</system-out>
</testcase>
<testcase name="Navigation Dropdown and Logout â€º should close dropdown when clicking outside" classname="dropdown-logout.spec.js" time="30.11">
<failure message="dropdown-logout.spec.js:54:3 should close dropdown when clicking outside" type="FAILURE">
<![CDATA[  [firefox] â€º dropdown-logout.spec.js:54:3 â€º Navigation Dropdown and Logout â€º should close dropdown when clicking outside 

    Test timeout of 30000ms exceeded.

    Error: locator.click: Test timeout of 30000ms exceeded.
    Call log:
      - waiting for locator('.profile-container button').first()


      58 |     // Open dropdown
      59 |     const profileButton = page.locator('.profile-container button').first();
    > 60 |     await profileButton.click();
         |                         ^
      61 |     
      62 |     // Verify dropdown is open
      63 |     const dropdown = page.locator('.profile-container .absolute');
        at /Users/ccox/Dropbox/@Chance/Aptana Studio 3 Workspace/personal/firebase-todo-app/tests/e2e/dropdown-logout.spec.js:60:25

    attachment #1: screenshot (image/png) â”€â”€â”€â”€â”€â”€â”€â”€â”€â”€â”€â”€â”€â”€â”€â”€â”€â”€â”€â”€â”€â”€â”€â”€â”€â”€â”€â”€â”€â”€â”€â”€â”€â”€â”€â”€â”€â”€â”€â”€â”€â”€â”€â”€â”€â”€â”€â”€â”€â”€â”€â”€â”€â”€â”€â”€â”€â”€
    ../../test-results/playwright-output/dropdown-logout-Navigation-0b62c-pdown-when-clicking-outside-firefox/test-failed-1.png
    â”€â”€â”€â”€â”€â”€â”€â”€â”€â”€â”€â”€â”€â”€â”€â”€â”€â”€â”€â”€â”€â”€â”€â”€â”€â”€â”€â”€â”€â”€â”€â”€â”€â”€â”€â”€â”€â”€â”€â”€â”€â”€â”€â”€â”€â”€â”€â”€â”€â”€â”€â”€â”€â”€â”€â”€â”€â”€â”€â”€â”€â”€â”€â”€â”€â”€â”€â”€â”€â”€â”€â”€â”€â”€â”€â”€â”€â”€â”€â”€â”€â”€â”€â”€â”€â”€â”€â”€â”€â”€â”€â”€â”€â”€â”€â”€

    Error Context: ../../test-results/playwright-output/dropdown-logout-Navigation-0b62c-pdown-when-clicking-outside-firefox/error-context.md
]]>
</failure>
<system-out>
<![CDATA[
[[ATTACHMENT|playwright-output/dropdown-logout-Navigation-0b62c-pdown-when-clicking-outside-firefox/test-failed-1.png]]

[[ATTACHMENT|playwright-output/dropdown-logout-Navigation-0b62c-pdown-when-clicking-outside-firefox/error-context.md]]
]]>
</system-out>
</testcase>
<testcase name="Navigation Dropdown and Logout â€º should navigate to profile section from dropdown" classname="dropdown-logout.spec.js" time="30.257">
<failure message="dropdown-logout.spec.js:73:3 should navigate to profile section from dropdown" type="FAILURE">
<![CDATA[  [firefox] â€º dropdown-logout.spec.js:73:3 â€º Navigation Dropdown and Logout â€º should navigate to profile section from dropdown 

    Test timeout of 30000ms exceeded.

    Error: locator.click: Test timeout of 30000ms exceeded.
    Call log:
      - waiting for locator('.profile-container button').first()


      77 |     // Open dropdown
      78 |     const profileButton = page.locator('.profile-container button').first();
    > 79 |     await profileButton.click();
         |                         ^
      80 |     
      81 |     // Click "View Profile" button
      82 |     await page.locator('text=View Profile').click();
        at /Users/ccox/Dropbox/@Chance/Aptana Studio 3 Workspace/personal/firebase-todo-app/tests/e2e/dropdown-logout.spec.js:79:25

    attachment #1: screenshot (image/png) â”€â”€â”€â”€â”€â”€â”€â”€â”€â”€â”€â”€â”€â”€â”€â”€â”€â”€â”€â”€â”€â”€â”€â”€â”€â”€â”€â”€â”€â”€â”€â”€â”€â”€â”€â”€â”€â”€â”€â”€â”€â”€â”€â”€â”€â”€â”€â”€â”€â”€â”€â”€â”€â”€â”€â”€â”€â”€
    ../../test-results/playwright-output/dropdown-logout-Navigation-7010c-ofile-section-from-dropdown-firefox/test-failed-1.png
    â”€â”€â”€â”€â”€â”€â”€â”€â”€â”€â”€â”€â”€â”€â”€â”€â”€â”€â”€â”€â”€â”€â”€â”€â”€â”€â”€â”€â”€â”€â”€â”€â”€â”€â”€â”€â”€â”€â”€â”€â”€â”€â”€â”€â”€â”€â”€â”€â”€â”€â”€â”€â”€â”€â”€â”€â”€â”€â”€â”€â”€â”€â”€â”€â”€â”€â”€â”€â”€â”€â”€â”€â”€â”€â”€â”€â”€â”€â”€â”€â”€â”€â”€â”€â”€â”€â”€â”€â”€â”€â”€â”€â”€â”€â”€â”€

    Error Context: ../../test-results/playwright-output/dropdown-logout-Navigation-7010c-ofile-section-from-dropdown-firefox/error-context.md
]]>
</failure>
<system-out>
<![CDATA[
[[ATTACHMENT|playwright-output/dropdown-logout-Navigation-7010c-ofile-section-from-dropdown-firefox/test-failed-1.png]]

[[ATTACHMENT|playwright-output/dropdown-logout-Navigation-7010c-ofile-section-from-dropdown-firefox/error-context.md]]
]]>
</system-out>
</testcase>
<testcase name="Navigation Dropdown and Logout â€º should navigate to todos section from dropdown" classname="dropdown-logout.spec.js" time="30.117">
<failure message="dropdown-logout.spec.js:93:3 should navigate to todos section from dropdown" type="FAILURE">
<![CDATA[  [firefox] â€º dropdown-logout.spec.js:93:3 â€º Navigation Dropdown and Logout â€º should navigate to todos section from dropdown 

    Test timeout of 30000ms exceeded.

    Error: locator.click: Test timeout of 30000ms exceeded.
    Call log:
      - waiting for locator('.profile-container button').first()


       97 |     // Open dropdown
       98 |     const profileButton = page.locator('.profile-container button').first();
    >  99 |     await profileButton.click();
          |                         ^
      100 |     
      101 |     // Click "My Todos" button
      102 |     await page.locator('text=My Todos').click();
        at /Users/ccox/Dropbox/@Chance/Aptana Studio 3 Workspace/personal/firebase-todo-app/tests/e2e/dropdown-logout.spec.js:99:25

    attachment #1: screenshot (image/png) â”€â”€â”€â”€â”€â”€â”€â”€â”€â”€â”€â”€â”€â”€â”€â”€â”€â”€â”€â”€â”€â”€â”€â”€â”€â”€â”€â”€â”€â”€â”€â”€â”€â”€â”€â”€â”€â”€â”€â”€â”€â”€â”€â”€â”€â”€â”€â”€â”€â”€â”€â”€â”€â”€â”€â”€â”€â”€
    ../../test-results/playwright-output/dropdown-logout-Navigation-7c403-todos-section-from-dropdown-firefox/test-failed-1.png
    â”€â”€â”€â”€â”€â”€â”€â”€â”€â”€â”€â”€â”€â”€â”€â”€â”€â”€â”€â”€â”€â”€â”€â”€â”€â”€â”€â”€â”€â”€â”€â”€â”€â”€â”€â”€â”€â”€â”€â”€â”€â”€â”€â”€â”€â”€â”€â”€â”€â”€â”€â”€â”€â”€â”€â”€â”€â”€â”€â”€â”€â”€â”€â”€â”€â”€â”€â”€â”€â”€â”€â”€â”€â”€â”€â”€â”€â”€â”€â”€â”€â”€â”€â”€â”€â”€â”€â”€â”€â”€â”€â”€â”€â”€â”€â”€

    Error Context: ../../test-results/playwright-output/dropdown-logout-Navigation-7c403-todos-section-from-dropdown-firefox/error-context.md
]]>
</failure>
<system-out>
<![CDATA[
[[ATTACHMENT|playwright-output/dropdown-logout-Navigation-7c403-todos-section-from-dropdown-firefox/test-failed-1.png]]

[[ATTACHMENT|playwright-output/dropdown-logout-Navigation-7c403-todos-section-from-dropdown-firefox/error-context.md]]
]]>
</system-out>
</testcase>
<testcase name="Navigation Dropdown and Logout â€º should show user information in dropdown" classname="dropdown-logout.spec.js" time="30.387">
<failure message="dropdown-logout.spec.js:112:3 should show user information in dropdown" type="FAILURE">
<![CDATA[  [firefox] â€º dropdown-logout.spec.js:112:3 â€º Navigation Dropdown and Logout â€º should show user information in dropdown 

    Test timeout of 30000ms exceeded.

    Error: locator.click: Test timeout of 30000ms exceeded.
    Call log:
      - waiting for locator('.profile-container button').first()


      116 |     // Open dropdown
      117 |     const profileButton = page.locator('.profile-container button').first();
    > 118 |     await profileButton.click();
          |                         ^
      119 |     
      120 |     // Check if user email is displayed (assuming user is logged in)
      121 |     const userEmail = page.locator('.profile-container .text-xs.text-gray-500');
        at /Users/ccox/Dropbox/@Chance/Aptana Studio 3 Workspace/personal/firebase-todo-app/tests/e2e/dropdown-logout.spec.js:118:25

    attachment #1: screenshot (image/png) â”€â”€â”€â”€â”€â”€â”€â”€â”€â”€â”€â”€â”€â”€â”€â”€â”€â”€â”€â”€â”€â”€â”€â”€â”€â”€â”€â”€â”€â”€â”€â”€â”€â”€â”€â”€â”€â”€â”€â”€â”€â”€â”€â”€â”€â”€â”€â”€â”€â”€â”€â”€â”€â”€â”€â”€â”€â”€
    ../../test-results/playwright-output/dropdown-logout-Navigation-224a8-ser-information-in-dropdown-firefox/test-failed-1.png
    â”€â”€â”€â”€â”€â”€â”€â”€â”€â”€â”€â”€â”€â”€â”€â”€â”€â”€â”€â”€â”€â”€â”€â”€â”€â”€â”€â”€â”€â”€â”€â”€â”€â”€â”€â”€â”€â”€â”€â”€â”€â”€â”€â”€â”€â”€â”€â”€â”€â”€â”€â”€â”€â”€â”€â”€â”€â”€â”€â”€â”€â”€â”€â”€â”€â”€â”€â”€â”€â”€â”€â”€â”€â”€â”€â”€â”€â”€â”€â”€â”€â”€â”€â”€â”€â”€â”€â”€â”€â”€â”€â”€â”€â”€â”€â”€

    Error Context: ../../test-results/playwright-output/dropdown-logout-Navigation-224a8-ser-information-in-dropdown-firefox/error-context.md
]]>
</failure>
<system-out>
<![CDATA[
[[ATTACHMENT|playwright-output/dropdown-logout-Navigation-224a8-ser-information-in-dropdown-firefox/test-failed-1.png]]

[[ATTACHMENT|playwright-output/dropdown-logout-Navigation-224a8-ser-information-in-dropdown-firefox/error-context.md]]
]]>
</system-out>
</testcase>
<testcase name="Navigation Dropdown and Logout â€º should handle logout process" classname="dropdown-logout.spec.js" time="30.204">
<failure message="dropdown-logout.spec.js:129:3 should handle logout process" type="FAILURE">
<![CDATA[  [firefox] â€º dropdown-logout.spec.js:129:3 â€º Navigation Dropdown and Logout â€º should handle logout process 

    Test timeout of 30000ms exceeded.

    Error: locator.click: Test timeout of 30000ms exceeded.
    Call log:
      - waiting for locator('.profile-container button').first()


      133 |     // Open dropdown
      134 |     const profileButton = page.locator('.profile-container button').first();
    > 135 |     await profileButton.click();
          |                         ^
      136 |     
      137 |     // Click "Sign Out" button
      138 |     await page.locator('text=Sign Out').click();
        at /Users/ccox/Dropbox/@Chance/Aptana Studio 3 Workspace/personal/firebase-todo-app/tests/e2e/dropdown-logout.spec.js:135:25

    attachment #1: screenshot (image/png) â”€â”€â”€â”€â”€â”€â”€â”€â”€â”€â”€â”€â”€â”€â”€â”€â”€â”€â”€â”€â”€â”€â”€â”€â”€â”€â”€â”€â”€â”€â”€â”€â”€â”€â”€â”€â”€â”€â”€â”€â”€â”€â”€â”€â”€â”€â”€â”€â”€â”€â”€â”€â”€â”€â”€â”€â”€â”€
    ../../test-results/playwright-output/dropdown-logout-Navigation-0dceb-hould-handle-logout-process-firefox/test-failed-1.png
    â”€â”€â”€â”€â”€â”€â”€â”€â”€â”€â”€â”€â”€â”€â”€â”€â”€â”€â”€â”€â”€â”€â”€â”€â”€â”€â”€â”€â”€â”€â”€â”€â”€â”€â”€â”€â”€â”€â”€â”€â”€â”€â”€â”€â”€â”€â”€â”€â”€â”€â”€â”€â”€â”€â”€â”€â”€â”€â”€â”€â”€â”€â”€â”€â”€â”€â”€â”€â”€â”€â”€â”€â”€â”€â”€â”€â”€â”€â”€â”€â”€â”€â”€â”€â”€â”€â”€â”€â”€â”€â”€â”€â”€â”€â”€â”€

    Error Context: ../../test-results/playwright-output/dropdown-logout-Navigation-0dceb-hould-handle-logout-process-firefox/error-context.md
]]>
</failure>
<system-out>
<![CDATA[
[[ATTACHMENT|playwright-output/dropdown-logout-Navigation-0dceb-hould-handle-logout-process-firefox/test-failed-1.png]]

[[ATTACHMENT|playwright-output/dropdown-logout-Navigation-0dceb-hould-handle-logout-process-firefox/error-context.md]]
]]>
</system-out>
</testcase>
<testcase name="Navigation Dropdown and Logout â€º should show profile picture or initials" classname="dropdown-logout.spec.js" time="7.174">
<failure message="dropdown-logout.spec.js:152:3 should show profile picture or initials" type="FAILURE">
<![CDATA[  [firefox] â€º dropdown-logout.spec.js:152:3 â€º Navigation Dropdown and Logout â€º should show profile picture or initials 

    Error: Timed out 5000ms waiting for expect(locator).toBeVisible()

    Locator: locator('.profile-picture')
    Expected: visible
    Received: <element(s) not found>
    Call log:
      - Expect "toBeVisible" with timeout 5000ms
      - waiting for locator('.profile-picture')


      156 |     // Check if profile picture or initials are visible
      157 |     const profilePicture = page.locator('.profile-picture');
    > 158 |     await expect(profilePicture).toBeVisible();
          |                                  ^
      159 |   });
      160 |
      161 |   test('should handle dropdown on different screen sizes', async ({ page }) => {
        at /Users/ccox/Dropbox/@Chance/Aptana Studio 3 Workspace/personal/firebase-todo-app/tests/e2e/dropdown-logout.spec.js:158:34

    attachment #1: screenshot (image/png) â”€â”€â”€â”€â”€â”€â”€â”€â”€â”€â”€â”€â”€â”€â”€â”€â”€â”€â”€â”€â”€â”€â”€â”€â”€â”€â”€â”€â”€â”€â”€â”€â”€â”€â”€â”€â”€â”€â”€â”€â”€â”€â”€â”€â”€â”€â”€â”€â”€â”€â”€â”€â”€â”€â”€â”€â”€â”€
    ../../test-results/playwright-output/dropdown-logout-Navigation-02bab-profile-picture-or-initials-firefox/test-failed-1.png
    â”€â”€â”€â”€â”€â”€â”€â”€â”€â”€â”€â”€â”€â”€â”€â”€â”€â”€â”€â”€â”€â”€â”€â”€â”€â”€â”€â”€â”€â”€â”€â”€â”€â”€â”€â”€â”€â”€â”€â”€â”€â”€â”€â”€â”€â”€â”€â”€â”€â”€â”€â”€â”€â”€â”€â”€â”€â”€â”€â”€â”€â”€â”€â”€â”€â”€â”€â”€â”€â”€â”€â”€â”€â”€â”€â”€â”€â”€â”€â”€â”€â”€â”€â”€â”€â”€â”€â”€â”€â”€â”€â”€â”€â”€â”€â”€

    Error Context: ../../test-results/playwright-output/dropdown-logout-Navigation-02bab-profile-picture-or-initials-firefox/error-context.md
]]>
</failure>
<system-out>
<![CDATA[
[[ATTACHMENT|playwright-output/dropdown-logout-Navigation-02bab-profile-picture-or-initials-firefox/test-failed-1.png]]

[[ATTACHMENT|playwright-output/dropdown-logout-Navigation-02bab-profile-picture-or-initials-firefox/error-context.md]]
]]>
</system-out>
</testcase>
<testcase name="Navigation Dropdown and Logout â€º should handle dropdown on different screen sizes" classname="dropdown-logout.spec.js" time="7.865">
<skipped>
</skipped>
</testcase>
<testcase name="Navigation Dropdown and Logout â€º should maintain dropdown state during navigation" classname="dropdown-logout.spec.js" time="5.651">
<skipped>
</skipped>
</testcase>
</testsuite>
<testsuite name="google-login-test.spec.js" timestamp="2025-08-19T16:20:25.164Z" hostname="firefox" tests="2" failures="0" skipped="2" time="8.093" errors="0">
<testcase name="Google Sign-in Test â€º should attempt Google sign-in and handle the flow" classname="google-login-test.spec.js" time="4.316">
<skipped>
</skipped>
</testcase>
<testcase name="Google Sign-in Test â€º should handle Google sign-in in incognito mode" classname="google-login-test.spec.js" time="3.777">
<skipped>
</skipped>
</testcase>
</testsuite>
<testsuite name="login-fix-verification.spec.js" timestamp="2025-08-19T16:20:25.164Z" hostname="firefox" tests="3" failures="0" skipped="3" time="0" errors="0">
<testcase name="Login Page Fix Verification â€º should load login page without JavaScript module errors" classname="login-fix-verification.spec.js" time="0">
<skipped>
</skipped>
</testcase>
<testcase name="Login Page Fix Verification â€º should not have browser extension conflicts" classname="login-fix-verification.spec.js" time="0">
<skipped>
</skipped>
</testcase>
<testcase name="Login Page Fix Verification â€º should load production site without module errors" classname="login-fix-verification.spec.js" time="0">
<skipped>
</skipped>
</testcase>
</testsuite>
<testsuite name="production-google-login.spec.js" timestamp="2025-08-19T16:20:25.164Z" hostname="firefox" tests="1" failures="0" skipped="1" time="0" errors="0">
<testcase name="Production Google Sign-in Test â€º should test Google sign-in on production site" classname="production-google-login.spec.js" time="0">
<skipped>
</skipped>
</testcase>
</testsuite>
<testsuite name="simple-page-load.spec.js" timestamp="2025-08-19T16:20:25.164Z" hostname="firefox" tests="1" failures="0" skipped="1" time="0" errors="0">
<testcase name="Simple Page Load Test â€º should load the production page and check for errors" classname="simple-page-load.spec.js" time="0">
<skipped>
</skipped>
</testcase>
</testsuite>
<testsuite name="styling.spec.js" timestamp="2025-08-19T16:20:25.164Z" hostname="firefox" tests="7" failures="0" skipped="7" time="0" errors="0">
<testcase name="Todo App Styling â€º should load the main page with proper styling" classname="styling.spec.js" time="0">
<skipped>
</skipped>
</testcase>
<testcase name="Todo App Styling â€º should have TailwindCSS classes applied" classname="styling.spec.js" time="0">
<skipped>
</skipped>
</testcase>
<testcase name="Todo App Styling â€º should have proper color scheme and layout" classname="styling.spec.js" time="0">
<skipped>
</skipped>
</testcase>
<testcase name="Todo App Styling â€º should have responsive design elements" classname="styling.spec.js" time="0">
<skipped>
</skipped>
</testcase>
<testcase name="Todo App Styling â€º should have interactive elements with hover states" classname="styling.spec.js" time="0">
<skipped>
</skipped>
</testcase>
<testcase name="Todo App Styling â€º should display todos with proper styling when added" classname="styling.spec.js" time="0">
<skipped>
</skipped>
</testcase>
<testcase name="Todo App Styling â€º should have proper form validation styling" classname="styling.spec.js" time="0">
<skipped>
</skipped>
</testcase>
</testsuite>
<testsuite name="authentication-logout.spec.js" timestamp="2025-08-19T16:20:25.164Z" hostname="webkit" tests="7" failures="0" skipped="7" time="0" errors="0">
<testcase name="Authentication and Logout â€º should show login page when not authenticated" classname="authentication-logout.spec.js" time="0">
<skipped>
</skipped>
</testcase>
<testcase name="Authentication and Logout â€º should handle Google sign-in process" classname="authentication-logout.spec.js" time="0">
<skipped>
</skipped>
</testcase>
<testcase name="Authentication and Logout â€º should show user profile when authenticated" classname="authentication-logout.spec.js" time="0">
<skipped>
</skipped>
</testcase>
<testcase name="Authentication and Logout â€º should logout successfully" classname="authentication-logout.spec.js" time="0">
<skipped>
</skipped>
</testcase>
<testcase name="Authentication and Logout â€º should handle logout errors gracefully" classname="authentication-logout.spec.js" time="0">
<skipped>
</skipped>
</testcase>
<testcase name="Authentication and Logout â€º should maintain authentication state across page reloads" classname="authentication-logout.spec.js" time="0">
<skipped>
</skipped>
</testcase>
<testcase name="Authentication and Logout â€º should show proper loading states during authentication" classname="authentication-logout.spec.js" time="0">
<skipped>
</skipped>
</testcase>
</testsuite>
<testsuite name="custom-domain-google-login.spec.js" timestamp="2025-08-19T16:20:25.164Z" hostname="webkit" tests="1" failures="0" skipped="1" time="0" errors="0">
<testcase name="Custom Domain Google Sign-in Test â€º should test Google sign-in on custom domain" classname="custom-domain-google-login.spec.js" time="0">
<skipped>
</skipped>
</testcase>
</testsuite>
<testsuite name="dropdown-logout.spec.js" timestamp="2025-08-19T16:20:25.164Z" hostname="webkit" tests="10" failures="0" skipped="10" time="0" errors="0">
<testcase name="Navigation Dropdown and Logout â€º should open profile dropdown on mobile" classname="dropdown-logout.spec.js" time="0">
<skipped>
</skipped>
</testcase>
<testcase name="Navigation Dropdown and Logout â€º should open profile dropdown on desktop" classname="dropdown-logout.spec.js" time="0">
<skipped>
</skipped>
</testcase>
<testcase name="Navigation Dropdown and Logout â€º should close dropdown when clicking outside" classname="dropdown-logout.spec.js" time="0">
<skipped>
</skipped>
</testcase>
<testcase name="Navigation Dropdown and Logout â€º should navigate to profile section from dropdown" classname="dropdown-logout.spec.js" time="0">
<skipped>
</skipped>
</testcase>
<testcase name="Navigation Dropdown and Logout â€º should navigate to todos section from dropdown" classname="dropdown-logout.spec.js" time="0">
<skipped>
</skipped>
</testcase>
<testcase name="Navigation Dropdown and Logout â€º should show user information in dropdown" classname="dropdown-logout.spec.js" time="0">
<skipped>
</skipped>
</testcase>
<testcase name="Navigation Dropdown and Logout â€º should handle logout process" classname="dropdown-logout.spec.js" time="0">
<skipped>
</skipped>
</testcase>
<testcase name="Navigation Dropdown and Logout â€º should show profile picture or initials" classname="dropdown-logout.spec.js" time="0">
<skipped>
</skipped>
</testcase>
<testcase name="Navigation Dropdown and Logout â€º should handle dropdown on different screen sizes" classname="dropdown-logout.spec.js" time="0">
<skipped>
</skipped>
</testcase>
<testcase name="Navigation Dropdown and Logout â€º should maintain dropdown state during navigation" classname="dropdown-logout.spec.js" time="0">
<skipped>
</skipped>
</testcase>
</testsuite>
<testsuite name="google-login-test.spec.js" timestamp="2025-08-19T16:20:25.164Z" hostname="webkit" tests="2" failures="0" skipped="2" time="0" errors="0">
<testcase name="Google Sign-in Test â€º should attempt Google sign-in and handle the flow" classname="google-login-test.spec.js" time="0">
<skipped>
</skipped>
</testcase>
<testcase name="Google Sign-in Test â€º should handle Google sign-in in incognito mode" classname="google-login-test.spec.js" time="0">
<skipped>
</skipped>
</testcase>
</testsuite>
<testsuite name="login-fix-verification.spec.js" timestamp="2025-08-19T16:20:25.164Z" hostname="webkit" tests="3" failures="0" skipped="3" time="0" errors="0">
<testcase name="Login Page Fix Verification â€º should load login page without JavaScript module errors" classname="login-fix-verification.spec.js" time="0">
<skipped>
</skipped>
</testcase>
<testcase name="Login Page Fix Verification â€º should not have browser extension conflicts" classname="login-fix-verification.spec.js" time="0">
<skipped>
</skipped>
</testcase>
<testcase name="Login Page Fix Verification â€º should load production site without module errors" classname="login-fix-verification.spec.js" time="0">
<skipped>
</skipped>
</testcase>
</testsuite>
<testsuite name="production-google-login.spec.js" timestamp="2025-08-19T16:20:25.164Z" hostname="webkit" tests="1" failures="0" skipped="1" time="0" errors="0">
<testcase name="Production Google Sign-in Test â€º should test Google sign-in on production site" classname="production-google-login.spec.js" time="0">
<skipped>
</skipped>
</testcase>
</testsuite>
<testsuite name="simple-page-load.spec.js" timestamp="2025-08-19T16:20:25.164Z" hostname="webkit" tests="1" failures="0" skipped="1" time="0" errors="0">
<testcase name="Simple Page Load Test â€º should load the production page and check for errors" classname="simple-page-load.spec.js" time="0">
<skipped>
</skipped>
</testcase>
</testsuite>
<testsuite name="styling.spec.js" timestamp="2025-08-19T16:20:25.164Z" hostname="webkit" tests="7" failures="0" skipped="7" time="0" errors="0">
<testcase name="Todo App Styling â€º should load the main page with proper styling" classname="styling.spec.js" time="0">
<skipped>
</skipped>
</testcase>
<testcase name="Todo App Styling â€º should have TailwindCSS classes applied" classname="styling.spec.js" time="0">
<skipped>
</skipped>
</testcase>
<testcase name="Todo App Styling â€º should have proper color scheme and layout" classname="styling.spec.js" time="0">
<skipped>
</skipped>
</testcase>
<testcase name="Todo App Styling â€º should have responsive design elements" classname="styling.spec.js" time="0">
<skipped>
</skipped>
</testcase>
<testcase name="Todo App Styling â€º should have interactive elements with hover states" classname="styling.spec.js" time="0">
<skipped>
</skipped>
</testcase>
<testcase name="Todo App Styling â€º should display todos with proper styling when added" classname="styling.spec.js" time="0">
<skipped>
</skipped>
</testcase>
<testcase name="Todo App Styling â€º should have proper form validation styling" classname="styling.spec.js" time="0">
<skipped>
</skipped>
</testcase>
</testsuite>
</testsuites>