TN:
SF:src/App.jsx
FN:13,App
FN:16,(anonymous_1)
FNF:2
FNH:0
FNDA:0,App
FNDA:0,(anonymous_1)
DA:14,0
DA:16,0
DA:17,0
DA:19,0
DA:21,0
DA:23,0
DA:25,0
DA:29,0
LF:8
LH:0
BRDA:17,0,0,0
BRDA:17,0,1,0
BRDA:17,0,2,0
BRDA:17,0,3,0
BRF:4
BRH:0
end_of_record
TN:
SF:src/firebase.js
FN:49,(anonymous_0)
FN:92,(anonymous_1)
FNF:2
FNH:0
FNDA:0,(anonymous_0)
FNDA:0,(anonymous_1)
DA:5,2
DA:15,2
DA:18,2
DA:19,2
DA:22,2
DA:23,2
DA:25,2
DA:26,2
DA:29,2
DA:32,2
DA:33,2
DA:34,2
DA:35,2
DA:40,2
DA:41,1
DA:42,1
DA:49,2
DA:50,0
DA:51,0
DA:52,0
DA:55,0
DA:56,0
DA:57,0
DA:59,0
DA:62,0
DA:63,0
DA:64,0
DA:67,0
DA:73,0
DA:76,0
DA:77,0
DA:78,0
DA:79,0
DA:81,0
DA:82,0
DA:87,0
DA:92,2
DA:93,0
DA:94,0
DA:95,0
DA:96,0
DA:98,0
DA:100,0
DA:101,0
LF:44
LH:18
BRDA:33,0,0,2
BRDA:33,0,1,0
BRDA:34,1,0,2
BRDA:34,1,1,0
BRDA:34,2,0,2
BRDA:34,2,1,2
BRDA:37,3,0,2
BRDA:37,3,1,0
BRDA:40,4,0,1
BRDA:40,4,1,1
BRDA:62,5,0,0
BRDA:62,5,1,0
BRDA:67,6,0,0
BRDA:67,6,1,0
BRDA:67,7,0,0
BRDA:67,7,1,0
BRDA:67,7,2,0
BRDA:67,7,3,0
BRDA:67,7,4,0
BRDA:95,8,0,0
BRDA:95,8,1,0
BRF:21
BRH:7
end_of_record
TN:
SF:src/components/DateTimeModal.jsx
FN:3,(anonymous_0)
FN:10,(anonymous_1)
FN:33,(anonymous_2)
FN:39,(anonymous_3)
FN:45,(anonymous_4)
FN:52,(anonymous_5)
FN:82,(anonymous_6)
FN:92,(anonymous_7)
FN:104,(anonymous_8)
FN:115,(anonymous_9)
FN:146,(anonymous_10)
FN:152,(anonymous_11)
FN:158,(anonymous_12)
FN:164,(anonymous_13)
FN:205,(anonymous_14)
FN:212,(anonymous_15)
FN:231,(anonymous_16)
FNF:17
FNH:5
FNDA:11,(anonymous_0)
FNDA:6,(anonymous_1)
FNDA:0,(anonymous_2)
FNDA:0,(anonymous_3)
FNDA:0,(anonymous_4)
FNDA:0,(anonymous_5)
FNDA:0,(anonymous_6)
FNDA:0,(anonymous_7)
FNDA:5,(anonymous_8)
FNDA:5,(anonymous_9)
FNDA:0,(anonymous_10)
FNDA:0,(anonymous_11)
FNDA:0,(anonymous_12)
FNDA:0,(anonymous_13)
FNDA:70,(anonymous_14)
FNDA:0,(anonymous_15)
FNDA:0,(anonymous_16)
DA:3,1
DA:4,11
DA:5,11
DA:6,11
DA:7,11
DA:8,11
DA:10,11
DA:11,6
DA:12,5
DA:13,0
DA:14,0
DA:15,0
DA:16,0
DA:17,0
DA:18,0
DA:21,5
DA:22,5
DA:23,5
DA:24,5
DA:25,5
DA:26,5
DA:27,5
DA:28,5
DA:33,11
DA:34,0
DA:35,0
DA:36,0
DA:39,11
DA:40,0
DA:41,0
DA:42,0
DA:45,11
DA:46,0
DA:47,0
DA:48,0
DA:52,11
DA:53,0
DA:55,0
DA:57,0
DA:58,0
DA:60,0
DA:61,0
DA:62,0
DA:64,0
DA:65,0
DA:66,0
DA:68,0
DA:69,0
DA:70,0
DA:72,0
DA:75,0
DA:76,0
DA:77,0
DA:78,0
DA:79,0
DA:82,11
DA:83,0
DA:84,0
DA:88,0
DA:92,11
DA:93,0
DA:94,0
DA:97,11
DA:99,10
DA:100,10
DA:101,10
DA:102,10
DA:104,10
DA:105,5
DA:106,5
DA:107,0
DA:115,10
DA:116,5
DA:123,10
DA:146,0
DA:152,0
DA:158,0
DA:164,0
DA:206,70
DA:212,0
DA:231,0
LF:81
LH:35
BRDA:3,0,0,11
BRDA:11,1,0,5
BRDA:11,1,1,1
BRDA:12,2,0,0
BRDA:12,2,1,5
BRDA:46,3,0,0
BRDA:46,3,1,0
BRDA:46,4,0,0
BRDA:46,4,1,0
BRDA:55,5,0,0
BRDA:55,5,1,0
BRDA:55,5,2,0
BRDA:55,5,3,0
BRDA:55,5,4,0
BRDA:83,6,0,0
BRDA:83,6,1,0
BRDA:86,7,0,0
BRDA:86,7,1,0
BRDA:97,8,0,1
BRDA:97,8,1,10
BRDA:105,9,0,0
BRDA:105,9,1,5
BRDA:106,10,0,5
BRDA:106,10,1,0
BRDA:216,11,0,70
BRDA:216,11,1,10
BRDA:217,12,0,70
BRDA:217,12,1,10
BRDA:218,13,0,70
BRDA:218,13,1,10
BRDA:219,14,0,70
BRDA:219,14,1,10
BRDA:220,15,0,70
BRDA:220,15,1,10
BRDA:221,16,0,70
BRDA:221,16,1,10
BRDA:222,17,0,70
BRDA:222,17,1,10
BRDA:226,18,0,10
BRDA:226,18,1,0
BRDA:241,19,0,10
BRDA:241,19,1,5
BRDA:245,20,0,0
BRDA:245,20,1,5
BRDA:246,21,0,0
BRDA:246,21,1,5
BRDA:251,22,0,0
BRDA:251,22,1,5
BRDA:252,23,0,0
BRDA:252,23,1,5
BRDA:256,24,0,0
BRDA:256,24,1,5
BRDA:257,25,0,0
BRDA:257,25,1,5
BRDA:260,26,0,0
BRDA:260,26,1,5
BRDA:260,27,0,0
BRDA:260,27,1,5
BRDA:264,28,0,0
BRDA:264,28,1,5
BRDA:265,29,0,0
BRDA:265,29,1,5
BRDA:270,30,0,5
BRDA:270,30,1,0
BRDA:272,31,0,0
BRDA:272,31,1,0
BRF:66
BRH:36
end_of_record
TN:
SF:src/components/Navigation.jsx
FN:4,(anonymous_0)
FN:11,(anonymous_1)
FN:12,(anonymous_2)
FN:19,(anonymous_3)
FN:25,(anonymous_4)
FN:31,(anonymous_5)
FN:34,(anonymous_6)
FN:68,(anonymous_7)
FN:69,(anonymous_8)
FN:79,(anonymous_9)
FN:82,(anonymous_10)
FN:92,(anonymous_11)
FN:107,(anonymous_12)
FN:111,(anonymous_13)
FN:165,(anonymous_14)
FN:241,(anonymous_15)
FN:260,(anonymous_16)
FN:261,(anonymous_17)
FN:268,(anonymous_18)
FN:287,(anonymous_19)
FN:288,(anonymous_20)
FN:320,(anonymous_21)
FN:321,(anonymous_22)
FN:334,(anonymous_23)
FN:337,(anonymous_24)
FN:360,(anonymous_25)
FN:363,(anonymous_26)
FN:396,(anonymous_27)
FN:467,(anonymous_28)
FN:486,(anonymous_29)
FN:487,(anonymous_30)
FN:494,(anonymous_31)
FN:513,(anonymous_32)
FN:514,(anonymous_33)
FN:546,(anonymous_34)
FN:547,(anonymous_35)
FNF:36
FNH:14
FNDA:37,(anonymous_0)
FNDA:16,(anonymous_1)
FNDA:0,(anonymous_2)
FNDA:16,(anonymous_3)
FNDA:20,(anonymous_4)
FNDA:0,(anonymous_5)
FNDA:0,(anonymous_6)
FNDA:16,(anonymous_7)
FNDA:16,(anonymous_8)
FNDA:16,(anonymous_9)
FNDA:0,(anonymous_10)
FNDA:3,(anonymous_11)
FNDA:37,(anonymous_12)
FNDA:74,(anonymous_13)
FNDA:0,(anonymous_14)
FNDA:0,(anonymous_15)
FNDA:0,(anonymous_16)
FNDA:0,(anonymous_17)
FNDA:0,(anonymous_18)
FNDA:0,(anonymous_19)
FNDA:0,(anonymous_20)
FNDA:0,(anonymous_21)
FNDA:0,(anonymous_22)
FNDA:48,(anonymous_23)
FNDA:0,(anonymous_24)
FNDA:63,(anonymous_25)
FNDA:2,(anonymous_26)
FNDA:0,(anonymous_27)
FNDA:1,(anonymous_28)
FNDA:0,(anonymous_29)
FNDA:0,(anonymous_30)
FNDA:0,(anonymous_31)
FNDA:0,(anonymous_32)
FNDA:0,(anonymous_33)
FNDA:0,(anonymous_34)
FNDA:0,(anonymous_35)
DA:4,2
DA:5,37
DA:6,37
DA:7,37
DA:8,37
DA:11,37
DA:12,16
DA:13,0
DA:14,0
DA:18,16
DA:19,16
DA:20,16
DA:25,37
DA:26,20
DA:27,20
DA:28,3
DA:29,3
DA:31,3
DA:32,0
DA:33,0
DA:34,0
DA:35,0
DA:36,0
DA:37,0
DA:40,0
DA:41,0
DA:42,0
DA:43,0
DA:44,0
DA:45,0
DA:48,0
DA:49,0
DA:50,0
DA:51,0
DA:52,0
DA:56,0
DA:57,0
DA:58,0
DA:68,37
DA:69,16
DA:70,16
DA:71,16
DA:72,16
DA:74,0
DA:77,16
DA:78,16
DA:79,16
DA:82,37
DA:83,0
DA:84,0
DA:85,0
DA:86,0
DA:88,0
DA:92,37
DA:93,3
DA:94,3
DA:95,3
DA:96,3
DA:97,3
DA:100,37
DA:107,37
DA:108,37
DA:109,37
DA:111,74
DA:116,0
DA:117,0
DA:119,0
DA:123,37
DA:128,37
DA:166,0
DA:167,0
DA:242,0
DA:243,0
DA:260,0
DA:261,0
DA:269,0
DA:270,0
DA:287,0
DA:288,0
DA:320,0
DA:321,0
DA:335,48
DA:337,0
DA:361,63
DA:363,2
DA:397,0
DA:398,0
DA:468,1
DA:469,1
DA:486,0
DA:487,0
DA:495,0
DA:496,0
DA:513,0
DA:514,0
DA:546,0
DA:547,0
LF:97
LH:43
BRDA:13,0,0,0
BRDA:13,0,1,0
BRDA:13,1,0,0
BRDA:13,1,1,0
BRDA:27,2,0,3
BRDA:27,2,1,17
BRDA:40,3,0,0
BRDA:40,3,1,0
BRDA:49,4,0,0
BRDA:49,4,1,0
BRDA:71,5,0,16
BRDA:71,5,1,0
BRDA:71,6,0,16
BRDA:71,6,1,16
BRDA:108,7,0,37
BRDA:108,7,1,0
BRDA:116,8,0,0
BRDA:116,8,1,0
BRDA:123,9,0,37
BRDA:123,9,1,20
BRDA:123,9,2,20
BRDA:123,9,3,20
BRDA:131,10,0,37
BRDA:131,10,1,16
BRDA:138,11,0,0
BRDA:138,11,1,16
BRDA:160,12,0,8
BRDA:160,12,1,8
BRDA:174,13,0,8
BRDA:174,13,1,8
BRDA:181,14,0,16
BRDA:181,14,1,0
BRDA:181,14,2,0
BRDA:188,15,0,16
BRDA:188,15,1,0
BRDA:227,16,0,0
BRDA:227,16,1,0
BRDA:339,17,0,16
BRDA:339,17,1,32
BRDA:353,18,0,37
BRDA:353,18,1,21
BRDA:365,19,0,21
BRDA:365,19,1,42
BRDA:381,20,0,21
BRDA:381,20,1,0
BRDA:391,21,0,12
BRDA:391,21,1,9
BRDA:405,22,0,12
BRDA:405,22,1,9
BRDA:414,23,0,21
BRDA:414,23,1,3
BRDA:453,24,0,3
BRDA:453,24,1,0
BRF:53
BRH:33
end_of_record
TN:
SF:src/components/ProtectedRoute.jsx
FN:5,(anonymous_0)
FN:9,(anonymous_1)
FN:10,(anonymous_2)
FN:16,(anonymous_3)
FNF:4
FNH:4
FNDA:27,(anonymous_0)
FNDA:26,(anonymous_1)
FNDA:14,(anonymous_2)
FNDA:15,(anonymous_3)
DA:5,1
DA:6,27
DA:7,27
DA:9,27
DA:10,26
DA:11,26
DA:12,11
DA:16,27
DA:17,27
DA:19,12
LF:10
LH:10
BRDA:10,0,0,26
BRDA:10,0,1,25
BRDA:10,0,2,13
BRDA:11,1,0,11
BRDA:11,1,1,15
BRDA:11,2,0,26
BRDA:11,2,1,22
BRDA:11,2,2,13
BRDA:16,3,0,27
BRDA:16,3,1,26
BRDA:16,3,2,14
BRDA:17,4,0,15
BRDA:17,4,1,12
BRDA:17,5,0,27
BRDA:17,5,1,23
BRDA:17,5,2,14
BRF:16
BRH:16
end_of_record
TN:
SF:src/components/TodoList.jsx
FN:7,(anonymous_0)
FN:25,(anonymous_1)
FN:50,(anonymous_2)
FN:53,(anonymous_3)
FN:69,(anonymous_4)
FN:81,(anonymous_5)
FN:97,(anonymous_6)
FN:107,(anonymous_7)
FN:133,(anonymous_8)
FN:146,(anonymous_9)
FN:155,(anonymous_10)
FN:169,(anonymous_11)
FN:171,(anonymous_12)
FN:179,(anonymous_13)
FN:180,(anonymous_14)
FN:182,(anonymous_15)
FN:186,(anonymous_16)
FN:196,(anonymous_17)
FN:202,(anonymous_18)
FN:210,(anonymous_19)
FN:239,(anonymous_20)
FN:259,(anonymous_21)
FN:275,(anonymous_22)
FN:306,(anonymous_23)
FN:306,(anonymous_24)
FN:320,(anonymous_25)
FN:320,(anonymous_26)
FN:337,(anonymous_27)
FN:337,(anonymous_28)
FN:353,(anonymous_29)
FN:369,(anonymous_30)
FN:369,(anonymous_31)
FN:395,(anonymous_32)
FN:396,(anonymous_33)
FN:410,(anonymous_34)
FN:418,(anonymous_35)
FN:441,(anonymous_36)
FN:444,(anonymous_37)
FN:471,(anonymous_38)
FN:489,(anonymous_39)
FN:526,(anonymous_40)
FN:550,(anonymous_41)
FN:561,(anonymous_42)
FN:591,(anonymous_43)
FNF:44
FNH:11
FNDA:8,(anonymous_0)
FNDA:4,(anonymous_1)
FNDA:4,(anonymous_2)
FNDA:8,(anonymous_3)
FNDA:0,(anonymous_4)
FNDA:4,(anonymous_5)
FNDA:0,(anonymous_6)
FNDA:0,(anonymous_7)
FNDA:0,(anonymous_8)
FNDA:0,(anonymous_9)
FNDA:0,(anonymous_10)
FNDA:0,(anonymous_11)
FNDA:0,(anonymous_12)
FNDA:0,(anonymous_13)
FNDA:0,(anonymous_14)
FNDA:0,(anonymous_15)
FNDA:0,(anonymous_16)
FNDA:0,(anonymous_17)
FNDA:0,(anonymous_18)
FNDA:8,(anonymous_19)
FNDA:8,(anonymous_20)
FNDA:12,(anonymous_21)
FNDA:0,(anonymous_22)
FNDA:0,(anonymous_23)
FNDA:0,(anonymous_24)
FNDA:0,(anonymous_25)
FNDA:0,(anonymous_26)
FNDA:0,(anonymous_27)
FNDA:0,(anonymous_28)
FNDA:0,(anonymous_29)
FNDA:0,(anonymous_30)
FNDA:0,(anonymous_31)
FNDA:0,(anonymous_32)
FNDA:0,(anonymous_33)
FNDA:0,(anonymous_34)
FNDA:0,(anonymous_35)
FNDA:20,(anonymous_36)
FNDA:0,(anonymous_37)
FNDA:8,(anonymous_38)
FNDA:0,(anonymous_39)
FNDA:8,(anonymous_40)
FNDA:0,(anonymous_41)
FNDA:0,(anonymous_42)
FNDA:0,(anonymous_43)
DA:7,1
DA:8,8
DA:9,8
DA:10,8
DA:18,8
DA:19,8
DA:20,8
DA:21,8
DA:22,8
DA:23,8
DA:25,8
DA:26,4
DA:27,0
DA:28,0
DA:31,4
DA:32,4
DA:33,4
DA:35,4
DA:37,4
DA:38,4
DA:42,4
DA:47,4
DA:50,4
DA:51,4
DA:52,4
DA:53,4
DA:54,8
DA:61,8
DA:62,8
DA:65,4
DA:66,4
DA:67,4
DA:68,4
DA:70,0
DA:71,0
DA:76,0
DA:77,0
DA:81,4
DA:82,4
DA:83,4
DA:86,0
DA:87,0
DA:92,0
DA:93,0
DA:97,8
DA:98,0
DA:100,0
DA:102,0
DA:103,0
DA:107,0
DA:116,0
DA:119,0
DA:128,0
DA:129,0
DA:133,8
DA:134,0
DA:135,0
DA:136,0
DA:141,0
DA:142,0
DA:146,8
DA:147,0
DA:148,0
DA:150,0
DA:151,0
DA:155,8
DA:156,0
DA:157,0
DA:158,0
DA:164,0
DA:165,0
DA:169,8
DA:170,0
DA:171,0
DA:175,0
DA:179,8
DA:180,0
DA:182,0
DA:186,8
DA:187,0
DA:188,0
DA:189,0
DA:191,0
DA:192,0
DA:196,8
DA:197,0
DA:199,0
DA:202,0
DA:210,8
DA:211,8
DA:213,0
DA:214,0
DA:215,0
DA:216,0
DA:217,0
DA:219,0
DA:220,0
DA:222,0
DA:223,0
DA:224,0
DA:225,0
DA:226,0
DA:227,0
DA:228,0
DA:229,0
DA:230,0
DA:232,0
DA:233,0
DA:236,0
DA:239,8
DA:240,8
DA:241,8
DA:242,8
DA:243,8
DA:244,0
DA:245,0
DA:249,8
DA:252,8
DA:253,4
DA:260,12
DA:268,4
DA:269,0
DA:275,0
DA:285,4
DA:306,0
DA:320,0
DA:337,0
DA:353,0
DA:369,0
DA:395,0
DA:396,0
DA:411,0
DA:418,0
DA:442,20
DA:444,0
DA:472,8
DA:474,8
DA:489,0
DA:527,8
DA:550,0
DA:561,0
DA:591,0
LF:142
LH:59
BRDA:26,0,0,0
BRDA:26,0,1,4
BRDA:57,1,0,8
BRDA:57,1,1,8
BRDA:58,2,0,8
BRDA:58,2,1,8
BRDA:59,3,0,0
BRDA:59,3,1,8
BRDA:100,4,0,0
BRDA:100,4,1,0
BRDA:105,5,0,0
BRDA:105,5,1,0
BRDA:170,6,0,0
BRDA:170,6,1,0
BRDA:170,7,0,0
BRDA:170,7,1,0
BRDA:186,8,0,0
BRDA:187,9,0,0
BRDA:187,9,1,0
BRDA:197,10,0,0
BRDA:197,10,1,0
BRDA:211,11,0,8
BRDA:211,11,1,0
BRDA:222,12,0,0
BRDA:222,12,1,0
BRDA:225,13,0,0
BRDA:225,13,1,0
BRDA:228,14,0,0
BRDA:228,14,1,0
BRDA:240,15,0,0
BRDA:240,15,1,8
BRDA:241,16,0,0
BRDA:241,16,1,8
BRDA:242,17,0,0
BRDA:242,17,1,8
BRDA:242,18,0,0
BRDA:242,18,1,0
BRDA:242,18,2,0
BRDA:243,19,0,0
BRDA:243,19,1,8
BRDA:245,20,0,0
BRDA:245,20,1,0
BRDA:245,20,2,0
BRDA:252,21,0,4
BRDA:252,21,1,4
BRDA:268,22,0,0
BRDA:268,22,1,4
BRDA:355,23,0,0
BRDA:355,23,1,4
BRDA:360,24,0,0
BRDA:360,24,1,4
BRDA:366,25,0,4
BRDA:366,25,1,0
BRDA:379,26,0,4
BRDA:379,26,1,0
BRDA:381,27,0,0
BRDA:381,27,1,0
BRDA:396,28,0,0
BRDA:396,28,1,0
BRDA:408,29,0,4
BRDA:408,29,1,0
BRDA:446,30,0,4
BRDA:446,30,1,16
BRDA:451,31,0,20
BRDA:451,31,1,4
BRDA:452,32,0,20
BRDA:452,32,1,4
BRDA:453,33,0,20
BRDA:453,33,1,4
BRDA:454,34,0,20
BRDA:454,34,1,4
BRDA:455,35,0,20
BRDA:455,35,1,4
BRDA:461,36,0,0
BRDA:461,36,1,4
BRDA:464,37,0,0
BRDA:464,37,1,0
BRDA:478,38,0,4
BRDA:478,38,1,4
BRDA:493,39,0,4
BRDA:493,39,1,4
BRDA:498,40,0,4
BRDA:498,40,1,4
BRDA:499,41,0,4
BRDA:499,41,1,0
BRDA:506,42,0,8
BRDA:506,42,1,8
BRDA:508,43,0,4
BRDA:508,43,1,4
BRDA:515,44,0,8
BRDA:515,44,1,0
BRDA:524,45,0,8
BRDA:524,45,1,4
BRDA:539,46,0,8
BRDA:539,46,1,8
BRDA:593,47,0,0
BRDA:593,47,1,4
BRF:97
BRH:49
end_of_record
TN:
SF:src/components/TodoStats.jsx
FN:6,(anonymous_0)
FN:20,(anonymous_1)
FN:36,(anonymous_2)
FN:38,(anonymous_3)
FN:50,(anonymous_4)
FN:56,(anonymous_5)
FN:57,(anonymous_6)
FN:58,(anonymous_7)
FN:68,(anonymous_8)
FN:73,(anonymous_9)
FN:78,(anonymous_10)
FN:83,(anonymous_11)
FN:88,(anonymous_12)
FN:105,(anonymous_13)
FN:112,(anonymous_14)
FN:143,(anonymous_15)
FN:253,(anonymous_16)
FN:254,(anonymous_17)
FNF:18
FNH:16
FNDA:14,(anonymous_0)
FNDA:7,(anonymous_1)
FNDA:7,(anonymous_2)
FNDA:14,(anonymous_3)
FNDA:14,(anonymous_4)
FNDA:14,(anonymous_5)
FNDA:14,(anonymous_6)
FNDA:14,(anonymous_7)
FNDA:14,(anonymous_8)
FNDA:14,(anonymous_9)
FNDA:14,(anonymous_10)
FNDA:14,(anonymous_11)
FNDA:14,(anonymous_12)
FNDA:0,(anonymous_13)
FNDA:7,(anonymous_14)
FNDA:0,(anonymous_15)
FNDA:14,(anonymous_16)
FNDA:14,(anonymous_17)
DA:6,1
DA:7,14
DA:8,14
DA:17,14
DA:18,14
DA:20,14
DA:21,7
DA:23,7
DA:24,7
DA:26,7
DA:28,7
DA:29,7
DA:36,7
DA:37,7
DA:38,7
DA:39,14
DA:49,7
DA:50,14
DA:51,7
DA:52,7
DA:55,7
DA:56,14
DA:57,14
DA:58,14
DA:62,7
DA:63,7
DA:64,7
DA:65,7
DA:67,7
DA:69,14
DA:74,14
DA:79,14
DA:84,14
DA:88,14
DA:92,7
DA:94,7
DA:104,7
DA:106,0
DA:107,0
DA:108,0
DA:112,7
DA:114,0
DA:115,0
DA:116,0
DA:120,14
DA:121,7
DA:136,7
DA:137,0
DA:143,0
DA:153,7
DA:254,14
DA:255,14
DA:257,0
DA:258,0
DA:259,0
DA:260,0
DA:261,0
DA:263,0
DA:264,0
DA:265,0
DA:266,0
DA:269,14
DA:271,14
LF:63
LH:46
BRDA:21,0,0,0
BRDA:21,0,1,7
BRDA:42,1,0,14
BRDA:42,1,1,14
BRDA:43,2,0,14
BRDA:43,2,1,14
BRDA:44,3,0,0
BRDA:44,3,1,14
BRDA:52,4,0,7
BRDA:52,4,1,0
BRDA:69,5,0,14
BRDA:69,5,1,7
BRDA:69,5,2,0
BRDA:74,6,0,14
BRDA:74,6,1,7
BRDA:74,6,2,0
BRDA:79,7,0,14
BRDA:79,7,1,7
BRDA:79,7,2,0
BRDA:84,8,0,14
BRDA:84,8,1,7
BRDA:84,8,2,0
BRDA:120,9,0,7
BRDA:120,9,1,7
BRDA:136,10,0,0
BRDA:136,10,1,7
BRDA:251,11,0,7
BRDA:251,11,1,0
BRDA:255,12,0,14
BRDA:255,12,1,0
BRDA:263,13,0,0
BRDA:263,13,1,0
BRDA:264,14,0,0
BRDA:264,14,1,0
BRDA:265,15,0,0
BRDA:265,15,1,0
BRDA:275,16,0,7
BRDA:275,16,1,7
BRDA:283,17,0,7
BRDA:283,17,1,7
BRDA:287,18,0,14
BRDA:287,18,1,14
BRDA:289,19,0,7
BRDA:289,19,1,7
BRDA:296,20,0,7
BRDA:296,20,1,7
BRDA:297,21,0,7
BRDA:297,21,1,0
BRDA:303,22,0,7
BRDA:303,22,1,7
BRDA:305,23,0,7
BRDA:305,23,1,7
BRF:52
BRH:35
end_of_record
TN:
SF:src/components/UserProfile.jsx
FN:6,(anonymous_0)
FN:15,(anonymous_1)
FN:25,(anonymous_2)
FN:41,(anonymous_3)
FN:48,(anonymous_4)
FN:56,(anonymous_5)
FN:76,(anonymous_6)
FN:80,(anonymous_7)
FN:86,(anonymous_8)
FN:119,(anonymous_9)
FN:158,(anonymous_10)
FN:179,(anonymous_11)
FN:192,(anonymous_12)
FN:209,(anonymous_13)
FNF:14
FNH:12
FNDA:30,(anonymous_0)
FNDA:10,(anonymous_1)
FNDA:9,(anonymous_2)
FNDA:1,(anonymous_3)
FNDA:10,(anonymous_4)
FNDA:2,(anonymous_5)
FNDA:18,(anonymous_6)
FNDA:36,(anonymous_7)
FNDA:54,(anonymous_8)
FNDA:0,(anonymous_9)
FNDA:0,(anonymous_10)
FNDA:1,(anonymous_11)
FNDA:1,(anonymous_12)
FNDA:4,(anonymous_13)
DA:6,1
DA:7,30
DA:8,30
DA:9,30
DA:10,30
DA:11,30
DA:12,30
DA:13,30
DA:15,30
DA:16,10
DA:18,10
DA:19,10
DA:21,10
DA:23,10
DA:25,10
DA:26,9
DA:27,9
DA:28,9
DA:29,9
DA:32,0
DA:40,9
DA:42,1
DA:43,1
DA:44,1
DA:48,10
DA:50,0
DA:51,0
DA:52,0
DA:56,30
DA:57,2
DA:59,2
DA:60,2
DA:61,2
DA:62,2
DA:67,1
DA:69,1
DA:70,1
DA:72,2
DA:76,30
DA:77,18
DA:78,18
DA:80,36
DA:86,30
DA:87,54
DA:90,30
DA:91,10
DA:112,20
DA:113,2
DA:119,0
DA:129,18
DA:130,0
DA:140,18
DA:159,0
DA:160,0
DA:179,1
DA:193,1
DA:194,1
DA:209,4
LF:58
LH:50
BRDA:16,0,0,0
BRDA:16,0,1,10
BRDA:26,1,0,9
BRDA:26,1,1,0
BRDA:29,2,0,9
BRDA:29,2,1,0
BRDA:35,3,0,0
BRDA:35,3,1,0
BRDA:57,4,0,0
BRDA:57,4,1,2
BRDA:77,5,0,0
BRDA:77,5,1,18
BRDA:87,6,0,54
BRDA:87,6,1,51
BRDA:87,6,2,51
BRDA:90,7,0,10
BRDA:90,7,1,20
BRDA:112,8,0,2
BRDA:112,8,1,18
BRDA:129,9,0,0
BRDA:129,9,1,18
BRDA:153,10,0,17
BRDA:153,10,1,1
BRDA:166,11,0,17
BRDA:166,11,1,1
BRDA:169,12,0,18
BRDA:169,12,1,0
BRDA:174,13,0,7
BRDA:174,13,1,11
BRDA:186,14,0,7
BRDA:186,14,1,5
BRDA:189,15,0,2
BRDA:189,15,1,5
BRDA:194,16,0,1
BRDA:194,16,1,0
BRDA:205,17,0,11
BRDA:205,17,1,0
BRDA:238,18,0,18
BRDA:238,18,1,0
BRDA:244,19,0,17
BRDA:244,19,1,1
BRDA:250,20,0,18
BRDA:250,20,1,0
BRDA:256,21,0,0
BRDA:256,21,1,18
BRDA:269,22,0,0
BRDA:269,22,1,18
BRDA:273,23,0,0
BRDA:273,23,1,18
BRDA:279,24,0,18
BRDA:279,24,1,18
BRDA:285,25,0,0
BRDA:285,25,1,18
BRF:53
BRH:36
end_of_record
TN:
SF:src/contexts/AuthContext.jsx
FN:14,useAuth
FN:18,AuthProvider
FN:22,signup
FN:58,login
FN:65,logout
FN:82,loginWithGoogle
FN:114,getUserProfile
FN:130,(anonymous_7)
FN:131,(anonymous_8)
FN:147,(anonymous_9)
FN:162,(anonymous_10)
FNF:11
FNH:8
FNDA:30,useAuth
FNDA:52,AuthProvider
FNDA:3,signup
FNDA:2,login
FNDA:3,logout
FNDA:0,loginWithGoogle
FNDA:0,getUserProfile
FNDA:22,(anonymous_7)
FNDA:0,(anonymous_8)
FNDA:29,(anonymous_9)
FNDA:22,(anonymous_10)
DA:12,2
DA:15,30
DA:19,52
DA:20,52
DA:23,3
DA:24,3
DA:25,0
DA:27,3
DA:28,0
DA:31,3
DA:33,3
DA:34,3
DA:37,2
DA:41,1
DA:44,1
DA:52,1
DA:54,0
DA:59,2
DA:60,0
DA:62,2
DA:66,3
DA:67,3
DA:68,0
DA:69,0
DA:71,3
DA:72,3
DA:73,3
DA:74,2
DA:77,1
DA:78,1
DA:83,0
DA:84,0
DA:86,0
DA:89,0
DA:90,0
DA:92,0
DA:96,0
DA:98,0
DA:99,0
DA:108,0
DA:110,0
DA:115,0
DA:116,0
DA:117,0
DA:119,0
DA:120,0
DA:121,0
DA:123,0
DA:125,0
DA:126,0
DA:130,52
DA:131,22
DA:133,22
DA:134,22
DA:135,22
DA:138,22
DA:139,0
DA:140,0
DA:141,0
DA:144,22
DA:145,22
DA:146,22
DA:147,22
DA:148,29
DA:149,29
DA:150,29
DA:152,22
DA:154,0
DA:155,0
DA:158,0
DA:159,0
DA:162,22
DA:163,22
DA:164,22
DA:165,22
DA:167,0
DA:172,52
DA:182,52
LF:78
LH:44
BRDA:24,0,0,0
BRDA:24,0,1,3
BRDA:27,1,0,0
BRDA:27,1,1,3
BRDA:33,2,0,1
BRDA:33,2,1,2
BRDA:33,3,0,3
BRDA:33,3,1,1
BRDA:34,4,0,2
BRDA:34,4,1,1
BRDA:59,5,0,0
BRDA:59,5,1,2
BRDA:67,6,0,0
BRDA:67,6,1,3
BRDA:89,7,0,0
BRDA:89,7,1,0
BRDA:89,8,0,0
BRDA:89,8,1,0
BRDA:90,9,0,0
BRDA:90,9,1,0
BRDA:98,10,0,0
BRDA:98,10,1,0
BRDA:116,11,0,0
BRDA:116,11,1,0
BRDA:120,12,0,0
BRDA:120,12,1,0
BRDA:138,13,0,0
BRDA:138,13,1,22
BRDA:144,14,0,22
BRDA:144,14,1,0
BRDA:165,15,0,22
BRDA:165,15,1,22
BRDA:184,16,0,52
BRDA:184,16,1,30
BRF:34
BRH:16
end_of_record
TN:
SF:src/pages/Login.jsx
FN:5,(anonymous_0)
FN:19,(anonymous_1)
FN:42,(anonymous_2)
FN:71,(anonymous_3)
FN:114,(anonymous_4)
FN:158,(anonymous_5)
FN:174,(anonymous_6)
FN:250,(anonymous_7)
FN:259,(anonymous_8)
FNF:9
FNH:8
FNDA:84,(anonymous_0)
FNDA:0,(anonymous_1)
FNDA:13,(anonymous_2)
FNDA:4,(anonymous_3)
FNDA:1,(anonymous_4)
FNDA:13,(anonymous_5)
FNDA:13,(anonymous_6)
FNDA:1,(anonymous_7)
FNDA:1,(anonymous_8)
DA:5,2
DA:6,84
DA:7,84
DA:8,84
DA:9,84
DA:10,84
DA:11,84
DA:13,84
DA:14,84
DA:19,84
DA:20,0
DA:22,0
DA:24,0
DA:26,0
DA:28,0
DA:30,0
DA:32,0
DA:34,0
DA:36,0
DA:38,0
DA:42,84
DA:43,13
DA:45,13
DA:46,13
DA:47,13
DA:49,13
DA:50,1
DA:51,1
DA:52,1
DA:54,12
DA:55,0
DA:56,0
DA:57,0
DA:59,12
DA:60,12
DA:61,5
DA:63,7
DA:64,7
DA:65,7
DA:67,13
DA:71,84
DA:72,4
DA:73,4
DA:74,4
DA:75,4
DA:77,4
DA:80,4
DA:82,3
DA:83,2
DA:84,2
DA:87,1
DA:88,1
DA:92,1
DA:93,1
DA:94,1
DA:95,1
DA:98,1
DA:99,0
DA:111,1
DA:114,1
DA:115,1
DA:123,4
DA:127,84
DA:158,13
DA:174,13
DA:250,1
DA:259,1
LF:67
LH:53
BRDA:20,0,0,0
BRDA:20,0,1,0
BRDA:20,0,2,0
BRDA:20,0,3,0
BRDA:20,0,4,0
BRDA:20,0,5,0
BRDA:20,0,6,0
BRDA:20,0,7,0
BRDA:20,0,8,0
BRDA:49,1,0,1
BRDA:49,1,1,12
BRDA:54,2,0,0
BRDA:54,2,1,12
BRDA:65,3,0,7
BRDA:65,3,1,0
BRDA:82,4,0,2
BRDA:82,4,1,1
BRDA:93,5,0,1
BRDA:93,5,1,0
BRDA:98,6,0,0
BRDA:98,6,1,1
BRDA:111,7,0,1
BRDA:111,7,1,0
BRDA:111,8,0,1
BRDA:111,8,1,1
BRDA:111,8,2,0
BRDA:136,9,0,84
BRDA:136,9,1,10
BRDA:139,10,0,10
BRDA:139,10,1,10
BRDA:186,11,0,16
BRDA:186,11,1,68
BRDA:225,12,0,2
BRDA:225,12,1,82
BRDA:225,13,0,84
BRDA:225,13,1,10
BRDA:225,13,2,82
BRDA:228,14,0,0
BRDA:228,14,1,2
BRDA:236,15,0,2
BRDA:236,15,1,0
BRF:41
BRH:24
end_of_record
TN:
SF:src/pages/Register.jsx
FN:6,(anonymous_0)
FN:18,(anonymous_1)
FN:41,(anonymous_2)
FN:96,(anonymous_3)
FN:159,(anonymous_4)
FN:181,(anonymous_5)
FN:203,(anonymous_6)
FN:225,(anonymous_7)
FN:279,(anonymous_8)
FN:288,(anonymous_9)
FNF:10
FNH:9
FNDA:138,(anonymous_0)
FNDA:0,(anonymous_1)
FNDA:20,(anonymous_2)
FNDA:4,(anonymous_3)
FNDA:19,(anonymous_4)
FNDA:17,(anonymous_5)
FNDA:16,(anonymous_6)
FNDA:15,(anonymous_7)
FNDA:1,(anonymous_8)
FNDA:1,(anonymous_9)
DA:6,1
DA:7,138
DA:8,138
DA:9,138
DA:10,138
DA:11,138
DA:12,138
DA:13,138
DA:15,138
DA:16,138
DA:18,138
DA:19,0
DA:21,0
DA:23,0
DA:25,0
DA:27,0
DA:29,0
DA:31,0
DA:33,0
DA:35,0
DA:37,0
DA:41,138
DA:42,20
DA:44,20
DA:45,20
DA:46,20
DA:49,20
DA:50,3
DA:51,3
DA:52,3
DA:54,17
DA:55,1
DA:56,1
DA:57,1
DA:59,16
DA:60,1
DA:61,1
DA:62,1
DA:64,15
DA:65,1
DA:66,1
DA:67,1
DA:71,14
DA:72,1
DA:73,1
DA:74,1
DA:77,13
DA:78,1
DA:79,1
DA:80,1
DA:82,12
DA:83,12
DA:84,12
DA:85,5
DA:86,4
DA:88,8
DA:89,8
DA:90,8
DA:92,20
DA:96,138
DA:97,4
DA:98,4
DA:99,4
DA:100,4
DA:101,4
DA:102,4
DA:103,4
DA:104,3
DA:106,1
DA:107,1
DA:108,1
DA:109,1
DA:112,1
DA:113,0
DA:124,4
DA:128,138
DA:160,19
DA:161,19
DA:162,1
DA:163,1
DA:182,17
DA:183,17
DA:184,0
DA:185,0
DA:204,16
DA:205,16
DA:206,0
DA:207,0
DA:226,15
DA:227,15
DA:228,0
DA:229,0
DA:279,1
DA:288,1
LF:94
LH:77
BRDA:19,0,0,0
BRDA:19,0,1,0
BRDA:19,0,2,0
BRDA:19,0,3,0
BRDA:19,0,4,0
BRDA:19,0,5,0
BRDA:19,0,6,0
BRDA:19,0,7,0
BRDA:19,0,8,0
BRDA:49,1,0,3
BRDA:49,1,1,17
BRDA:54,2,0,1
BRDA:54,2,1,16
BRDA:59,3,0,1
BRDA:59,3,1,15
BRDA:64,4,0,1
BRDA:64,4,1,14
BRDA:71,5,0,1
BRDA:71,5,1,13
BRDA:77,6,0,1
BRDA:77,6,1,12
BRDA:90,7,0,8
BRDA:90,7,1,0
BRDA:107,8,0,1
BRDA:107,8,1,0
BRDA:112,9,0,0
BRDA:112,9,1,1
BRDA:137,10,0,138
BRDA:137,10,1,16
BRDA:140,11,0,16
BRDA:140,11,1,16
BRDA:161,12,0,1
BRDA:161,12,1,18
BRDA:183,13,0,0
BRDA:183,13,1,17
BRDA:205,14,0,0
BRDA:205,14,1,16
BRDA:227,15,0,0
BRDA:227,15,1,15
BRDA:243,16,0,16
BRDA:243,16,1,122
BRF:41
BRH:26
end_of_record
TN:
SF:src/services/todoService.js
FN:16,(anonymous_0)
FN:43,(anonymous_1)
FN:56,(anonymous_2)
FN:79,(anonymous_3)
FN:103,(anonymous_4)
FN:123,(anonymous_5)
FNF:6
FNH:0
FNDA:0,(anonymous_0)
FNDA:0,(anonymous_1)
FNDA:0,(anonymous_2)
FNDA:0,(anonymous_3)
FNDA:0,(anonymous_4)
FNDA:0,(anonymous_5)
DA:16,0
DA:17,0
DA:18,0
DA:19,0
DA:21,0
DA:29,0
DA:30,0
DA:32,0
DA:33,0
DA:38,0
DA:43,0
DA:44,0
DA:45,0
DA:47,0
DA:53,0
DA:54,0
DA:56,0
DA:57,0
DA:65,0
DA:66,0
DA:68,0
DA:69,0
DA:74,0
DA:79,0
DA:80,0
DA:81,0
DA:83,0
DA:84,0
DA:89,0
DA:90,0
DA:92,0
DA:93,0
DA:98,0
DA:103,0
DA:104,0
DA:105,0
DA:107,0
DA:109,0
DA:110,0
DA:112,0
DA:113,0
DA:118,0
DA:123,0
DA:124,0
DA:125,0
DA:127,0
DA:128,0
DA:133,0
DA:134,0
DA:136,0
DA:137,0
DA:142,0
LF:52
LH:0
BRDA:60,0,0,0
BRDA:60,0,1,0
BRDA:61,1,0,0
BRDA:61,1,1,0
BRF:4
BRH:0
end_of_record
TN:
SF:src/store/index.js
FN:8,(anonymous_0)
FNF:1
FNH:0
FNDA:0,(anonymous_0)
DA:4,0
DA:9,0
LF:2
LH:0
BRF:0
BRH:0
end_of_record
TN:
SF:src/store/todoSlice.js
FN:21,(anonymous_0)
FN:31,(anonymous_1)
FN:41,(anonymous_2)
FN:51,(anonymous_3)
FN:61,(anonymous_4)
FN:73,(anonymous_5)
FN:76,(anonymous_6)
FN:79,(anonymous_7)
FN:83,(anonymous_8)
FN:86,(anonymous_9)
FN:91,(anonymous_10)
FN:98,(anonymous_11)
FN:106,(anonymous_12)
FN:110,(anonymous_13)
FN:116,(anonymous_14)
FN:123,(anonymous_15)
FN:127,(anonymous_16)
FN:129,(anonymous_17)
FN:136,(anonymous_18)
FN:143,(anonymous_19)
FN:147,(anonymous_20)
FN:149,(anonymous_21)
FN:153,(anonymous_22)
FN:160,(anonymous_23)
FN:164,(anonymous_24)
FN:166,(anonymous_25)
FN:174,(anonymous_26)
FNF:27
FNH:0
FNDA:0,(anonymous_0)
FNDA:0,(anonymous_1)
FNDA:0,(anonymous_2)
FNDA:0,(anonymous_3)
FNDA:0,(anonymous_4)
FNDA:0,(anonymous_5)
FNDA:0,(anonymous_6)
FNDA:0,(anonymous_7)
FNDA:0,(anonymous_8)
FNDA:0,(anonymous_9)
FNDA:0,(anonymous_10)
FNDA:0,(anonymous_11)
FNDA:0,(anonymous_12)
FNDA:0,(anonymous_13)
FNDA:0,(anonymous_14)
FNDA:0,(anonymous_15)
FNDA:0,(anonymous_16)
FNDA:0,(anonymous_17)
FNDA:0,(anonymous_18)
FNDA:0,(anonymous_19)
FNDA:0,(anonymous_20)
FNDA:0,(anonymous_21)
FNDA:0,(anonymous_22)
FNDA:0,(anonymous_23)
FNDA:0,(anonymous_24)
FNDA:0,(anonymous_25)
FNDA:0,(anonymous_26)
DA:10,0
DA:19,0
DA:22,0
DA:23,0
DA:24,0
DA:25,0
DA:29,0
DA:32,0
DA:33,0
DA:34,0
DA:35,0
DA:39,0
DA:42,0
DA:43,0
DA:44,0
DA:45,0
DA:49,0
DA:52,0
DA:53,0
DA:54,0
DA:55,0
DA:59,0
DA:62,0
DA:63,0
DA:64,0
DA:65,0
DA:69,0
DA:74,0
DA:77,0
DA:80,0
DA:84,0
DA:87,0
DA:88,0
DA:89,0
DA:92,0
DA:93,0
DA:94,0
DA:95,0
DA:96,0
DA:99,0
DA:100,0
DA:101,0
DA:102,0
DA:107,0
DA:108,0
DA:111,0
DA:112,0
DA:113,0
DA:114,0
DA:117,0
DA:118,0
DA:119,0
DA:124,0
DA:125,0
DA:128,0
DA:129,0
DA:130,0
DA:131,0
DA:133,0
DA:134,0
DA:137,0
DA:138,0
DA:139,0
DA:144,0
DA:145,0
DA:148,0
DA:149,0
DA:150,0
DA:151,0
DA:154,0
DA:155,0
DA:156,0
DA:161,0
DA:162,0
DA:165,0
DA:166,0
DA:167,0
DA:168,0
DA:169,0
DA:171,0
DA:172,0
DA:175,0
DA:176,0
DA:177,0
DA:182,0
LF:85
LH:0
BRDA:130,0,0,0
BRDA:130,0,1,0
BRDA:167,1,0,0
BRDA:167,1,1,0
BRF:4
BRH:0
end_of_record
