TN:
SF:src/App.jsx
FN:13,App
FN:16,(anonymous_1)
FNF:2
FNH:0
FNDA:0,App
FNDA:0,(anonymous_1)
DA:14,0
DA:16,0
DA:17,0
DA:19,0
DA:21,0
DA:23,0
DA:25,0
DA:29,0
LF:8
LH:0
BRDA:17,0,0,0
BRDA:17,0,1,0
BRDA:17,0,2,0
BRDA:17,0,3,0
BRF:4
BRH:0
end_of_record
TN:
SF:src/firebase.js
FN:42,(anonymous_0)
FN:68,(anonymous_1)
FNF:2
FNH:0
FNDA:0,(anonymous_0)
FNDA:0,(anonymous_1)
DA:5,2
DA:15,2
DA:18,2
DA:19,2
DA:22,2
DA:23,2
DA:25,2
DA:26,2
DA:29,2
DA:30,2
DA:35,2
DA:37,0
DA:38,0
DA:42,2
DA:43,0
DA:45,0
DA:47,0
DA:50,0
DA:56,0
DA:59,0
DA:63,0
DA:68,2
LF:22
LH:13
BRDA:35,0,0,0
BRDA:35,0,1,2
BRDA:35,1,0,2
BRDA:35,1,1,2
BRDA:35,1,2,2
BRDA:50,2,0,0
BRDA:50,2,1,0
BRDA:50,3,0,0
BRDA:50,3,1,0
BRDA:50,3,2,0
BRDA:50,3,3,0
BRF:11
BRH:4
end_of_record
TN:
SF:src/components/DateTimeModal.jsx
FN:3,(anonymous_0)
FN:10,(anonymous_1)
FN:33,(anonymous_2)
FN:39,(anonymous_3)
FN:45,(anonymous_4)
FN:52,(anonymous_5)
FN:82,(anonymous_6)
FN:92,(anonymous_7)
FN:104,(anonymous_8)
FN:115,(anonymous_9)
FN:146,(anonymous_10)
FN:152,(anonymous_11)
FN:158,(anonymous_12)
FN:164,(anonymous_13)
FN:205,(anonymous_14)
FN:212,(anonymous_15)
FN:231,(anonymous_16)
FNF:17
FNH:5
FNDA:11,(anonymous_0)
FNDA:6,(anonymous_1)
FNDA:0,(anonymous_2)
FNDA:0,(anonymous_3)
FNDA:0,(anonymous_4)
FNDA:0,(anonymous_5)
FNDA:0,(anonymous_6)
FNDA:0,(anonymous_7)
FNDA:5,(anonymous_8)
FNDA:5,(anonymous_9)
FNDA:0,(anonymous_10)
FNDA:0,(anonymous_11)
FNDA:0,(anonymous_12)
FNDA:0,(anonymous_13)
FNDA:70,(anonymous_14)
FNDA:0,(anonymous_15)
FNDA:0,(anonymous_16)
DA:3,1
DA:4,11
DA:5,11
DA:6,11
DA:7,11
DA:8,11
DA:10,11
DA:11,6
DA:12,5
DA:13,0
DA:14,0
DA:15,0
DA:16,0
DA:17,0
DA:18,0
DA:21,5
DA:22,5
DA:23,5
DA:24,5
DA:25,5
DA:26,5
DA:27,5
DA:28,5
DA:33,11
DA:34,0
DA:35,0
DA:36,0
DA:39,11
DA:40,0
DA:41,0
DA:42,0
DA:45,11
DA:46,0
DA:47,0
DA:48,0
DA:52,11
DA:53,0
DA:55,0
DA:57,0
DA:58,0
DA:60,0
DA:61,0
DA:62,0
DA:64,0
DA:65,0
DA:66,0
DA:68,0
DA:69,0
DA:70,0
DA:72,0
DA:75,0
DA:76,0
DA:77,0
DA:78,0
DA:79,0
DA:82,11
DA:83,0
DA:84,0
DA:88,0
DA:92,11
DA:93,0
DA:94,0
DA:97,11
DA:99,10
DA:100,10
DA:101,10
DA:102,10
DA:104,10
DA:105,5
DA:106,5
DA:107,0
DA:115,10
DA:116,5
DA:123,10
DA:146,0
DA:152,0
DA:158,0
DA:164,0
DA:206,70
DA:212,0
DA:231,0
LF:81
LH:35
BRDA:3,0,0,11
BRDA:11,1,0,5
BRDA:11,1,1,1
BRDA:12,2,0,0
BRDA:12,2,1,5
BRDA:46,3,0,0
BRDA:46,3,1,0
BRDA:46,4,0,0
BRDA:46,4,1,0
BRDA:55,5,0,0
BRDA:55,5,1,0
BRDA:55,5,2,0
BRDA:55,5,3,0
BRDA:55,5,4,0
BRDA:83,6,0,0
BRDA:83,6,1,0
BRDA:86,7,0,0
BRDA:86,7,1,0
BRDA:97,8,0,1
BRDA:97,8,1,10
BRDA:105,9,0,0
BRDA:105,9,1,5
BRDA:106,10,0,5
BRDA:106,10,1,0
BRDA:216,11,0,70
BRDA:216,11,1,10
BRDA:217,12,0,70
BRDA:217,12,1,10
BRDA:218,13,0,70
BRDA:218,13,1,10
BRDA:219,14,0,70
BRDA:219,14,1,10
BRDA:220,15,0,70
BRDA:220,15,1,10
BRDA:221,16,0,70
BRDA:221,16,1,10
BRDA:222,17,0,70
BRDA:222,17,1,10
BRDA:226,18,0,10
BRDA:226,18,1,0
BRDA:241,19,0,10
BRDA:241,19,1,5
BRDA:245,20,0,0
BRDA:245,20,1,5
BRDA:246,21,0,0
BRDA:246,21,1,5
BRDA:251,22,0,0
BRDA:251,22,1,5
BRDA:252,23,0,0
BRDA:252,23,1,5
BRDA:256,24,0,0
BRDA:256,24,1,5
BRDA:257,25,0,0
BRDA:257,25,1,5
BRDA:260,26,0,0
BRDA:260,26,1,5
BRDA:260,27,0,0
BRDA:260,27,1,5
BRDA:264,28,0,0
BRDA:264,28,1,5
BRDA:265,29,0,0
BRDA:265,29,1,5
BRDA:270,30,0,5
BRDA:270,30,1,0
BRDA:272,31,0,0
BRDA:272,31,1,0
BRF:66
BRH:36
end_of_record
TN:
SF:src/components/Navigation.jsx
FN:4,(anonymous_0)
FN:8,(anonymous_1)
FN:23,(anonymous_2)
FN:27,(anonymous_3)
FN:54,(anonymous_4)
FN:62,(anonymous_5)
FN:90,(anonymous_6)
FN:99,(anonymous_7)
FN:122,(anonymous_8)
FN:125,(anonymous_9)
FN:146,(anonymous_10)
FN:149,(anonymous_11)
FN:174,(anonymous_12)
FN:182,(anonymous_13)
FN:204,(anonymous_14)
FN:213,(anonymous_15)
FNF:16
FNH:8
FNDA:21,(anonymous_0)
FNDA:0,(anonymous_1)
FNDA:42,(anonymous_2)
FNDA:84,(anonymous_3)
FNDA:3,(anonymous_4)
FNDA:0,(anonymous_5)
FNDA:1,(anonymous_6)
FNDA:0,(anonymous_7)
FNDA:63,(anonymous_8)
FNDA:2,(anonymous_9)
FNDA:63,(anonymous_10)
FNDA:0,(anonymous_11)
FNDA:0,(anonymous_12)
FNDA:0,(anonymous_13)
FNDA:0,(anonymous_14)
FNDA:0,(anonymous_15)
DA:4,2
DA:5,21
DA:6,21
DA:8,21
DA:9,0
DA:10,0
DA:12,0
DA:16,21
DA:23,21
DA:24,42
DA:25,42
DA:27,84
DA:32,0
DA:33,0
DA:35,0
DA:39,21
DA:44,21
DA:54,3
DA:63,0
DA:64,0
DA:91,1
DA:92,1
DA:100,0
DA:101,0
DA:123,63
DA:125,2
DA:147,63
DA:149,0
DA:174,0
DA:183,0
DA:184,0
DA:205,0
DA:206,0
DA:214,0
DA:215,0
LF:35
LH:17
BRDA:24,0,0,42
BRDA:24,0,1,0
BRDA:32,1,0,0
BRDA:32,1,1,0
BRDA:39,2,0,21
BRDA:39,2,1,12
BRDA:39,2,2,12
BRDA:39,2,3,12
BRDA:57,3,0,12
BRDA:57,3,1,9
BRDA:71,4,0,12
BRDA:71,4,1,9
BRDA:80,5,0,21
BRDA:80,5,1,3
BRDA:85,6,0,3
BRDA:85,6,1,0
BRDA:127,7,0,21
BRDA:127,7,1,42
BRDA:151,8,0,21
BRDA:151,8,1,42
BRDA:167,9,0,21
BRDA:167,9,1,0
BRDA:177,10,0,12
BRDA:177,10,1,9
BRDA:191,11,0,12
BRDA:191,11,1,9
BRDA:200,12,0,21
BRDA:200,12,1,3
BRF:28
BRH:23
end_of_record
TN:
SF:src/components/ProtectedRoute.jsx
FN:5,(anonymous_0)
FN:9,(anonymous_1)
FN:10,(anonymous_2)
FN:16,(anonymous_3)
FNF:4
FNH:4
FNDA:27,(anonymous_0)
FNDA:26,(anonymous_1)
FNDA:14,(anonymous_2)
FNDA:15,(anonymous_3)
DA:5,1
DA:6,27
DA:7,27
DA:9,27
DA:10,26
DA:11,26
DA:12,11
DA:16,27
DA:17,27
DA:19,12
LF:10
LH:10
BRDA:10,0,0,26
BRDA:10,0,1,25
BRDA:10,0,2,13
BRDA:11,1,0,11
BRDA:11,1,1,15
BRDA:11,2,0,26
BRDA:11,2,1,22
BRDA:11,2,2,13
BRDA:16,3,0,27
BRDA:16,3,1,26
BRDA:16,3,2,14
BRDA:17,4,0,15
BRDA:17,4,1,12
BRDA:17,5,0,27
BRDA:17,5,1,23
BRDA:17,5,2,14
BRF:16
BRH:16
end_of_record
TN:
SF:src/components/TodoList.jsx
FN:7,(anonymous_0)
FN:25,(anonymous_1)
FN:41,(anonymous_2)
FN:43,(anonymous_3)
FN:55,(anonymous_4)
FN:62,(anonymous_5)
FN:70,(anonymous_6)
FN:80,(anonymous_7)
FN:106,(anonymous_8)
FN:119,(anonymous_9)
FN:128,(anonymous_10)
FN:142,(anonymous_11)
FN:144,(anonymous_12)
FN:152,(anonymous_13)
FN:153,(anonymous_14)
FN:155,(anonymous_15)
FN:159,(anonymous_16)
FN:169,(anonymous_17)
FN:175,(anonymous_18)
FN:183,(anonymous_19)
FN:212,(anonymous_20)
FN:232,(anonymous_21)
FN:248,(anonymous_22)
FN:279,(anonymous_23)
FN:279,(anonymous_24)
FN:293,(anonymous_25)
FN:293,(anonymous_26)
FN:310,(anonymous_27)
FN:310,(anonymous_28)
FN:326,(anonymous_29)
FN:342,(anonymous_30)
FN:342,(anonymous_31)
FN:368,(anonymous_32)
FN:369,(anonymous_33)
FN:383,(anonymous_34)
FN:391,(anonymous_35)
FN:414,(anonymous_36)
FN:417,(anonymous_37)
FN:444,(anonymous_38)
FN:462,(anonymous_39)
FN:499,(anonymous_40)
FN:523,(anonymous_41)
FN:534,(anonymous_42)
FN:564,(anonymous_43)
FNF:44
FNH:11
FNDA:8,(anonymous_0)
FNDA:4,(anonymous_1)
FNDA:4,(anonymous_2)
FNDA:8,(anonymous_3)
FNDA:0,(anonymous_4)
FNDA:4,(anonymous_5)
FNDA:0,(anonymous_6)
FNDA:0,(anonymous_7)
FNDA:0,(anonymous_8)
FNDA:0,(anonymous_9)
FNDA:0,(anonymous_10)
FNDA:0,(anonymous_11)
FNDA:0,(anonymous_12)
FNDA:0,(anonymous_13)
FNDA:0,(anonymous_14)
FNDA:0,(anonymous_15)
FNDA:0,(anonymous_16)
FNDA:0,(anonymous_17)
FNDA:0,(anonymous_18)
FNDA:8,(anonymous_19)
FNDA:8,(anonymous_20)
FNDA:12,(anonymous_21)
FNDA:0,(anonymous_22)
FNDA:0,(anonymous_23)
FNDA:0,(anonymous_24)
FNDA:0,(anonymous_25)
FNDA:0,(anonymous_26)
FNDA:0,(anonymous_27)
FNDA:0,(anonymous_28)
FNDA:0,(anonymous_29)
FNDA:0,(anonymous_30)
FNDA:0,(anonymous_31)
FNDA:0,(anonymous_32)
FNDA:0,(anonymous_33)
FNDA:0,(anonymous_34)
FNDA:0,(anonymous_35)
FNDA:20,(anonymous_36)
FNDA:0,(anonymous_37)
FNDA:8,(anonymous_38)
FNDA:0,(anonymous_39)
FNDA:8,(anonymous_40)
FNDA:0,(anonymous_41)
FNDA:0,(anonymous_42)
FNDA:0,(anonymous_43)
DA:7,1
DA:8,8
DA:9,8
DA:10,8
DA:18,8
DA:19,8
DA:20,8
DA:21,8
DA:22,8
DA:23,8
DA:25,8
DA:26,4
DA:28,4
DA:29,4
DA:31,4
DA:33,4
DA:34,4
DA:41,4
DA:42,4
DA:43,4
DA:44,8
DA:53,4
DA:54,4
DA:56,0
DA:57,0
DA:58,0
DA:62,4
DA:64,0
DA:65,0
DA:66,0
DA:70,8
DA:71,0
DA:73,0
DA:75,0
DA:76,0
DA:80,0
DA:89,0
DA:92,0
DA:101,0
DA:102,0
DA:106,8
DA:107,0
DA:108,0
DA:109,0
DA:114,0
DA:115,0
DA:119,8
DA:120,0
DA:121,0
DA:123,0
DA:124,0
DA:128,8
DA:129,0
DA:130,0
DA:131,0
DA:137,0
DA:138,0
DA:142,8
DA:143,0
DA:144,0
DA:148,0
DA:152,8
DA:153,0
DA:155,0
DA:159,8
DA:160,0
DA:161,0
DA:162,0
DA:164,0
DA:165,0
DA:169,8
DA:170,0
DA:172,0
DA:175,0
DA:183,8
DA:184,8
DA:186,0
DA:187,0
DA:188,0
DA:189,0
DA:190,0
DA:192,0
DA:193,0
DA:195,0
DA:196,0
DA:197,0
DA:198,0
DA:199,0
DA:200,0
DA:201,0
DA:202,0
DA:203,0
DA:205,0
DA:206,0
DA:209,0
DA:212,8
DA:213,8
DA:214,8
DA:215,8
DA:216,8
DA:217,0
DA:218,0
DA:222,8
DA:225,8
DA:226,4
DA:233,12
DA:241,4
DA:242,0
DA:248,0
DA:258,4
DA:279,0
DA:293,0
DA:310,0
DA:326,0
DA:342,0
DA:368,0
DA:369,0
DA:384,0
DA:391,0
DA:415,20
DA:417,0
DA:445,8
DA:447,8
DA:462,0
DA:500,8
DA:523,0
DA:534,0
DA:564,0
LF:128
LH:49
BRDA:26,0,0,0
BRDA:26,0,1,4
BRDA:47,1,0,8
BRDA:47,1,1,8
BRDA:48,2,0,8
BRDA:48,2,1,8
BRDA:49,3,0,0
BRDA:49,3,1,8
BRDA:73,4,0,0
BRDA:73,4,1,0
BRDA:78,5,0,0
BRDA:78,5,1,0
BRDA:143,6,0,0
BRDA:143,6,1,0
BRDA:143,7,0,0
BRDA:143,7,1,0
BRDA:159,8,0,0
BRDA:160,9,0,0
BRDA:160,9,1,0
BRDA:170,10,0,0
BRDA:170,10,1,0
BRDA:184,11,0,8
BRDA:184,11,1,0
BRDA:195,12,0,0
BRDA:195,12,1,0
BRDA:198,13,0,0
BRDA:198,13,1,0
BRDA:201,14,0,0
BRDA:201,14,1,0
BRDA:213,15,0,0
BRDA:213,15,1,8
BRDA:214,16,0,0
BRDA:214,16,1,8
BRDA:215,17,0,0
BRDA:215,17,1,8
BRDA:215,18,0,0
BRDA:215,18,1,0
BRDA:215,18,2,0
BRDA:216,19,0,0
BRDA:216,19,1,8
BRDA:218,20,0,0
BRDA:218,20,1,0
BRDA:218,20,2,0
BRDA:225,21,0,4
BRDA:225,21,1,4
BRDA:241,22,0,0
BRDA:241,22,1,4
BRDA:328,23,0,0
BRDA:328,23,1,4
BRDA:333,24,0,0
BRDA:333,24,1,4
BRDA:339,25,0,4
BRDA:339,25,1,0
BRDA:352,26,0,4
BRDA:352,26,1,0
BRDA:354,27,0,0
BRDA:354,27,1,0
BRDA:369,28,0,0
BRDA:369,28,1,0
BRDA:381,29,0,4
BRDA:381,29,1,0
BRDA:419,30,0,4
BRDA:419,30,1,16
BRDA:424,31,0,20
BRDA:424,31,1,4
BRDA:425,32,0,20
BRDA:425,32,1,4
BRDA:426,33,0,20
BRDA:426,33,1,4
BRDA:427,34,0,20
BRDA:427,34,1,4
BRDA:428,35,0,20
BRDA:428,35,1,4
BRDA:434,36,0,0
BRDA:434,36,1,4
BRDA:437,37,0,0
BRDA:437,37,1,0
BRDA:451,38,0,4
BRDA:451,38,1,4
BRDA:466,39,0,4
BRDA:466,39,1,4
BRDA:471,40,0,4
BRDA:471,40,1,4
BRDA:472,41,0,4
BRDA:472,41,1,0
BRDA:479,42,0,8
BRDA:479,42,1,8
BRDA:481,43,0,4
BRDA:481,43,1,4
BRDA:488,44,0,8
BRDA:488,44,1,0
BRDA:497,45,0,8
BRDA:497,45,1,4
BRDA:512,46,0,8
BRDA:512,46,1,8
BRDA:566,47,0,0
BRDA:566,47,1,4
BRF:97
BRH:49
end_of_record
TN:
SF:src/components/TodoStats.jsx
FN:6,(anonymous_0)
FN:20,(anonymous_1)
FN:36,(anonymous_2)
FN:38,(anonymous_3)
FN:50,(anonymous_4)
FN:56,(anonymous_5)
FN:57,(anonymous_6)
FN:58,(anonymous_7)
FN:68,(anonymous_8)
FN:73,(anonymous_9)
FN:78,(anonymous_10)
FN:83,(anonymous_11)
FN:88,(anonymous_12)
FN:105,(anonymous_13)
FN:112,(anonymous_14)
FN:143,(anonymous_15)
FN:253,(anonymous_16)
FN:254,(anonymous_17)
FNF:18
FNH:16
FNDA:14,(anonymous_0)
FNDA:7,(anonymous_1)
FNDA:7,(anonymous_2)
FNDA:14,(anonymous_3)
FNDA:14,(anonymous_4)
FNDA:14,(anonymous_5)
FNDA:14,(anonymous_6)
FNDA:14,(anonymous_7)
FNDA:14,(anonymous_8)
FNDA:14,(anonymous_9)
FNDA:14,(anonymous_10)
FNDA:14,(anonymous_11)
FNDA:14,(anonymous_12)
FNDA:0,(anonymous_13)
FNDA:7,(anonymous_14)
FNDA:0,(anonymous_15)
FNDA:14,(anonymous_16)
FNDA:14,(anonymous_17)
DA:6,1
DA:7,14
DA:8,14
DA:17,14
DA:18,14
DA:20,14
DA:21,7
DA:23,7
DA:24,7
DA:26,7
DA:28,7
DA:29,7
DA:36,7
DA:37,7
DA:38,7
DA:39,14
DA:49,7
DA:50,14
DA:51,7
DA:52,7
DA:55,7
DA:56,14
DA:57,14
DA:58,14
DA:62,7
DA:63,7
DA:64,7
DA:65,7
DA:67,7
DA:69,14
DA:74,14
DA:79,14
DA:84,14
DA:88,14
DA:92,7
DA:94,7
DA:104,7
DA:106,0
DA:107,0
DA:108,0
DA:112,7
DA:114,0
DA:115,0
DA:116,0
DA:120,14
DA:121,7
DA:136,7
DA:137,0
DA:143,0
DA:153,7
DA:254,14
DA:255,14
DA:257,0
DA:258,0
DA:259,0
DA:260,0
DA:261,0
DA:263,0
DA:264,0
DA:265,0
DA:266,0
DA:269,14
DA:271,14
LF:63
LH:46
BRDA:21,0,0,0
BRDA:21,0,1,7
BRDA:42,1,0,14
BRDA:42,1,1,14
BRDA:43,2,0,14
BRDA:43,2,1,14
BRDA:44,3,0,0
BRDA:44,3,1,14
BRDA:52,4,0,7
BRDA:52,4,1,0
BRDA:69,5,0,14
BRDA:69,5,1,7
BRDA:69,5,2,0
BRDA:74,6,0,14
BRDA:74,6,1,7
BRDA:74,6,2,0
BRDA:79,7,0,14
BRDA:79,7,1,7
BRDA:79,7,2,0
BRDA:84,8,0,14
BRDA:84,8,1,7
BRDA:84,8,2,0
BRDA:120,9,0,7
BRDA:120,9,1,7
BRDA:136,10,0,0
BRDA:136,10,1,7
BRDA:251,11,0,7
BRDA:251,11,1,0
BRDA:255,12,0,14
BRDA:255,12,1,0
BRDA:263,13,0,0
BRDA:263,13,1,0
BRDA:264,14,0,0
BRDA:264,14,1,0
BRDA:265,15,0,0
BRDA:265,15,1,0
BRDA:275,16,0,7
BRDA:275,16,1,7
BRDA:283,17,0,7
BRDA:283,17,1,7
BRDA:287,18,0,14
BRDA:287,18,1,14
BRDA:289,19,0,7
BRDA:289,19,1,7
BRDA:296,20,0,7
BRDA:296,20,1,7
BRDA:297,21,0,7
BRDA:297,21,1,0
BRDA:303,22,0,7
BRDA:303,22,1,7
BRDA:305,23,0,7
BRDA:305,23,1,7
BRF:52
BRH:35
end_of_record
TN:
SF:src/components/UserProfile.jsx
FN:6,(anonymous_0)
FN:15,(anonymous_1)
FN:25,(anonymous_2)
FN:41,(anonymous_3)
FN:48,(anonymous_4)
FN:56,(anonymous_5)
FN:76,(anonymous_6)
FN:80,(anonymous_7)
FN:86,(anonymous_8)
FN:119,(anonymous_9)
FN:158,(anonymous_10)
FN:179,(anonymous_11)
FN:192,(anonymous_12)
FN:209,(anonymous_13)
FNF:14
FNH:12
FNDA:30,(anonymous_0)
FNDA:10,(anonymous_1)
FNDA:9,(anonymous_2)
FNDA:1,(anonymous_3)
FNDA:10,(anonymous_4)
FNDA:2,(anonymous_5)
FNDA:18,(anonymous_6)
FNDA:36,(anonymous_7)
FNDA:54,(anonymous_8)
FNDA:0,(anonymous_9)
FNDA:0,(anonymous_10)
FNDA:1,(anonymous_11)
FNDA:1,(anonymous_12)
FNDA:4,(anonymous_13)
DA:6,1
DA:7,30
DA:8,30
DA:9,30
DA:10,30
DA:11,30
DA:12,30
DA:13,30
DA:15,30
DA:16,10
DA:18,10
DA:19,10
DA:21,10
DA:23,10
DA:25,10
DA:26,9
DA:27,9
DA:28,9
DA:29,9
DA:32,0
DA:40,9
DA:42,1
DA:43,1
DA:44,1
DA:48,10
DA:50,0
DA:51,0
DA:52,0
DA:56,30
DA:57,2
DA:59,2
DA:60,2
DA:61,2
DA:62,2
DA:67,1
DA:69,1
DA:70,1
DA:72,2
DA:76,30
DA:77,18
DA:78,18
DA:80,36
DA:86,30
DA:87,54
DA:90,30
DA:91,10
DA:112,20
DA:113,2
DA:119,0
DA:129,18
DA:130,0
DA:140,18
DA:159,0
DA:160,0
DA:179,1
DA:193,1
DA:194,1
DA:209,4
LF:58
LH:50
BRDA:16,0,0,0
BRDA:16,0,1,10
BRDA:26,1,0,9
BRDA:26,1,1,0
BRDA:29,2,0,9
BRDA:29,2,1,0
BRDA:35,3,0,0
BRDA:35,3,1,0
BRDA:57,4,0,0
BRDA:57,4,1,2
BRDA:77,5,0,0
BRDA:77,5,1,18
BRDA:87,6,0,54
BRDA:87,6,1,51
BRDA:87,6,2,51
BRDA:90,7,0,10
BRDA:90,7,1,20
BRDA:112,8,0,2
BRDA:112,8,1,18
BRDA:129,9,0,0
BRDA:129,9,1,18
BRDA:153,10,0,17
BRDA:153,10,1,1
BRDA:166,11,0,17
BRDA:166,11,1,1
BRDA:169,12,0,18
BRDA:169,12,1,0
BRDA:174,13,0,7
BRDA:174,13,1,11
BRDA:186,14,0,7
BRDA:186,14,1,5
BRDA:189,15,0,2
BRDA:189,15,1,5
BRDA:194,16,0,1
BRDA:194,16,1,0
BRDA:205,17,0,11
BRDA:205,17,1,0
BRDA:238,18,0,18
BRDA:238,18,1,0
BRDA:244,19,0,17
BRDA:244,19,1,1
BRDA:250,20,0,18
BRDA:250,20,1,0
BRDA:256,21,0,0
BRDA:256,21,1,18
BRDA:269,22,0,0
BRDA:269,22,1,18
BRDA:273,23,0,0
BRDA:273,23,1,18
BRDA:279,24,0,18
BRDA:279,24,1,18
BRDA:285,25,0,0
BRDA:285,25,1,18
BRF:53
BRH:36
end_of_record
TN:
SF:src/contexts/AuthContext.jsx
FN:14,useAuth
FN:18,AuthProvider
FN:22,signup
FN:58,login
FN:65,logout
FN:78,loginWithGoogle
FN:110,getUserProfile
FN:126,(anonymous_7)
FN:127,(anonymous_8)
FN:143,(anonymous_9)
FN:158,(anonymous_10)
FNF:11
FNH:8
FNDA:30,useAuth
FNDA:52,AuthProvider
FNDA:3,signup
FNDA:2,login
FNDA:3,logout
FNDA:0,loginWithGoogle
FNDA:0,getUserProfile
FNDA:22,(anonymous_7)
FNDA:0,(anonymous_8)
FNDA:29,(anonymous_9)
FNDA:22,(anonymous_10)
DA:12,2
DA:15,30
DA:19,52
DA:20,52
DA:23,3
DA:24,3
DA:25,0
DA:27,3
DA:28,0
DA:31,3
DA:33,3
DA:34,3
DA:37,2
DA:41,1
DA:44,1
DA:52,1
DA:54,0
DA:59,2
DA:60,0
DA:62,2
DA:66,3
DA:67,0
DA:69,3
DA:70,3
DA:73,1
DA:74,1
DA:79,0
DA:80,0
DA:82,0
DA:85,0
DA:86,0
DA:88,0
DA:92,0
DA:94,0
DA:95,0
DA:104,0
DA:106,0
DA:111,0
DA:112,0
DA:113,0
DA:115,0
DA:116,0
DA:117,0
DA:119,0
DA:121,0
DA:122,0
DA:126,52
DA:127,22
DA:129,22
DA:130,22
DA:131,22
DA:134,22
DA:135,0
DA:136,0
DA:137,0
DA:140,22
DA:141,22
DA:142,22
DA:143,22
DA:144,29
DA:145,29
DA:146,29
DA:148,22
DA:150,0
DA:151,0
DA:154,0
DA:155,0
DA:158,22
DA:159,22
DA:160,22
DA:161,22
DA:163,0
DA:168,52
DA:178,52
LF:74
LH:41
BRDA:24,0,0,0
BRDA:24,0,1,3
BRDA:27,1,0,0
BRDA:27,1,1,3
BRDA:33,2,0,1
BRDA:33,2,1,2
BRDA:33,3,0,3
BRDA:33,3,1,1
BRDA:34,4,0,2
BRDA:34,4,1,1
BRDA:59,5,0,0
BRDA:59,5,1,2
BRDA:66,6,0,0
BRDA:66,6,1,3
BRDA:85,7,0,0
BRDA:85,7,1,0
BRDA:85,8,0,0
BRDA:85,8,1,0
BRDA:86,9,0,0
BRDA:86,9,1,0
BRDA:94,10,0,0
BRDA:94,10,1,0
BRDA:112,11,0,0
BRDA:112,11,1,0
BRDA:116,12,0,0
BRDA:116,12,1,0
BRDA:134,13,0,0
BRDA:134,13,1,22
BRDA:140,14,0,22
BRDA:140,14,1,0
BRDA:161,15,0,22
BRDA:161,15,1,22
BRDA:180,16,0,52
BRDA:180,16,1,30
BRF:34
BRH:16
end_of_record
TN:
SF:src/pages/Login.jsx
FN:5,(anonymous_0)
FN:19,(anonymous_1)
FN:42,(anonymous_2)
FN:71,(anonymous_3)
FN:114,(anonymous_4)
FN:158,(anonymous_5)
FN:174,(anonymous_6)
FN:250,(anonymous_7)
FN:259,(anonymous_8)
FNF:9
FNH:8
FNDA:84,(anonymous_0)
FNDA:0,(anonymous_1)
FNDA:13,(anonymous_2)
FNDA:4,(anonymous_3)
FNDA:1,(anonymous_4)
FNDA:13,(anonymous_5)
FNDA:13,(anonymous_6)
FNDA:1,(anonymous_7)
FNDA:1,(anonymous_8)
DA:5,2
DA:6,84
DA:7,84
DA:8,84
DA:9,84
DA:10,84
DA:11,84
DA:13,84
DA:14,84
DA:19,84
DA:20,0
DA:22,0
DA:24,0
DA:26,0
DA:28,0
DA:30,0
DA:32,0
DA:34,0
DA:36,0
DA:38,0
DA:42,84
DA:43,13
DA:45,13
DA:46,13
DA:47,13
DA:49,13
DA:50,1
DA:51,1
DA:52,1
DA:54,12
DA:55,0
DA:56,0
DA:57,0
DA:59,12
DA:60,12
DA:61,5
DA:63,7
DA:64,7
DA:65,7
DA:67,13
DA:71,84
DA:72,4
DA:73,4
DA:74,4
DA:75,4
DA:77,4
DA:80,4
DA:82,3
DA:83,2
DA:84,2
DA:87,1
DA:88,1
DA:92,1
DA:93,1
DA:94,1
DA:95,1
DA:98,1
DA:99,0
DA:111,1
DA:114,1
DA:115,1
DA:123,4
DA:127,84
DA:158,13
DA:174,13
DA:250,1
DA:259,1
LF:67
LH:53
BRDA:20,0,0,0
BRDA:20,0,1,0
BRDA:20,0,2,0
BRDA:20,0,3,0
BRDA:20,0,4,0
BRDA:20,0,5,0
BRDA:20,0,6,0
BRDA:20,0,7,0
BRDA:20,0,8,0
BRDA:49,1,0,1
BRDA:49,1,1,12
BRDA:54,2,0,0
BRDA:54,2,1,12
BRDA:65,3,0,7
BRDA:65,3,1,0
BRDA:82,4,0,2
BRDA:82,4,1,1
BRDA:93,5,0,1
BRDA:93,5,1,0
BRDA:98,6,0,0
BRDA:98,6,1,1
BRDA:111,7,0,1
BRDA:111,7,1,0
BRDA:111,8,0,1
BRDA:111,8,1,1
BRDA:111,8,2,0
BRDA:136,9,0,84
BRDA:136,9,1,10
BRDA:139,10,0,10
BRDA:139,10,1,10
BRDA:186,11,0,16
BRDA:186,11,1,68
BRDA:225,12,0,2
BRDA:225,12,1,82
BRDA:225,13,0,84
BRDA:225,13,1,10
BRDA:225,13,2,82
BRDA:228,14,0,0
BRDA:228,14,1,2
BRDA:236,15,0,2
BRDA:236,15,1,0
BRF:41
BRH:24
end_of_record
TN:
SF:src/pages/Register.jsx
FN:6,(anonymous_0)
FN:18,(anonymous_1)
FN:41,(anonymous_2)
FN:96,(anonymous_3)
FN:159,(anonymous_4)
FN:181,(anonymous_5)
FN:203,(anonymous_6)
FN:225,(anonymous_7)
FN:279,(anonymous_8)
FN:288,(anonymous_9)
FNF:10
FNH:9
FNDA:138,(anonymous_0)
FNDA:0,(anonymous_1)
FNDA:20,(anonymous_2)
FNDA:4,(anonymous_3)
FNDA:19,(anonymous_4)
FNDA:17,(anonymous_5)
FNDA:16,(anonymous_6)
FNDA:15,(anonymous_7)
FNDA:1,(anonymous_8)
FNDA:1,(anonymous_9)
DA:6,1
DA:7,138
DA:8,138
DA:9,138
DA:10,138
DA:11,138
DA:12,138
DA:13,138
DA:15,138
DA:16,138
DA:18,138
DA:19,0
DA:21,0
DA:23,0
DA:25,0
DA:27,0
DA:29,0
DA:31,0
DA:33,0
DA:35,0
DA:37,0
DA:41,138
DA:42,20
DA:44,20
DA:45,20
DA:46,20
DA:49,20
DA:50,3
DA:51,3
DA:52,3
DA:54,17
DA:55,1
DA:56,1
DA:57,1
DA:59,16
DA:60,1
DA:61,1
DA:62,1
DA:64,15
DA:65,1
DA:66,1
DA:67,1
DA:71,14
DA:72,1
DA:73,1
DA:74,1
DA:77,13
DA:78,1
DA:79,1
DA:80,1
DA:82,12
DA:83,12
DA:84,12
DA:85,5
DA:86,4
DA:88,8
DA:89,8
DA:90,8
DA:92,20
DA:96,138
DA:97,4
DA:98,4
DA:99,4
DA:100,4
DA:101,4
DA:102,4
DA:103,4
DA:104,3
DA:106,1
DA:107,1
DA:108,1
DA:109,1
DA:112,1
DA:113,0
DA:124,4
DA:128,138
DA:160,19
DA:161,19
DA:162,1
DA:163,1
DA:182,17
DA:183,17
DA:184,0
DA:185,0
DA:204,16
DA:205,16
DA:206,0
DA:207,0
DA:226,15
DA:227,15
DA:228,0
DA:229,0
DA:279,1
DA:288,1
LF:94
LH:77
BRDA:19,0,0,0
BRDA:19,0,1,0
BRDA:19,0,2,0
BRDA:19,0,3,0
BRDA:19,0,4,0
BRDA:19,0,5,0
BRDA:19,0,6,0
BRDA:19,0,7,0
BRDA:19,0,8,0
BRDA:49,1,0,3
BRDA:49,1,1,17
BRDA:54,2,0,1
BRDA:54,2,1,16
BRDA:59,3,0,1
BRDA:59,3,1,15
BRDA:64,4,0,1
BRDA:64,4,1,14
BRDA:71,5,0,1
BRDA:71,5,1,13
BRDA:77,6,0,1
BRDA:77,6,1,12
BRDA:90,7,0,8
BRDA:90,7,1,0
BRDA:107,8,0,1
BRDA:107,8,1,0
BRDA:112,9,0,0
BRDA:112,9,1,1
BRDA:137,10,0,138
BRDA:137,10,1,16
BRDA:140,11,0,16
BRDA:140,11,1,16
BRDA:161,12,0,1
BRDA:161,12,1,18
BRDA:183,13,0,0
BRDA:183,13,1,17
BRDA:205,14,0,0
BRDA:205,14,1,16
BRDA:227,15,0,0
BRDA:227,15,1,15
BRDA:243,16,0,16
BRDA:243,16,1,122
BRF:41
BRH:26
end_of_record
TN:
SF:src/services/todoService.js
FN:16,(anonymous_0)
FN:43,(anonymous_1)
FN:56,(anonymous_2)
FN:79,(anonymous_3)
FN:103,(anonymous_4)
FN:123,(anonymous_5)
FNF:6
FNH:0
FNDA:0,(anonymous_0)
FNDA:0,(anonymous_1)
FNDA:0,(anonymous_2)
FNDA:0,(anonymous_3)
FNDA:0,(anonymous_4)
FNDA:0,(anonymous_5)
DA:16,0
DA:17,0
DA:18,0
DA:19,0
DA:21,0
DA:29,0
DA:30,0
DA:32,0
DA:33,0
DA:38,0
DA:43,0
DA:44,0
DA:45,0
DA:47,0
DA:53,0
DA:54,0
DA:56,0
DA:57,0
DA:65,0
DA:66,0
DA:68,0
DA:69,0
DA:74,0
DA:79,0
DA:80,0
DA:81,0
DA:83,0
DA:84,0
DA:89,0
DA:90,0
DA:92,0
DA:93,0
DA:98,0
DA:103,0
DA:104,0
DA:105,0
DA:107,0
DA:109,0
DA:110,0
DA:112,0
DA:113,0
DA:118,0
DA:123,0
DA:124,0
DA:125,0
DA:127,0
DA:128,0
DA:133,0
DA:134,0
DA:136,0
DA:137,0
DA:142,0
LF:52
LH:0
BRDA:60,0,0,0
BRDA:60,0,1,0
BRDA:61,1,0,0
BRDA:61,1,1,0
BRF:4
BRH:0
end_of_record
TN:
SF:src/store/index.js
FN:8,(anonymous_0)
FNF:1
FNH:0
FNDA:0,(anonymous_0)
DA:4,0
DA:9,0
LF:2
LH:0
BRF:0
BRH:0
end_of_record
TN:
SF:src/store/todoSlice.js
FN:21,(anonymous_0)
FN:31,(anonymous_1)
FN:41,(anonymous_2)
FN:51,(anonymous_3)
FN:61,(anonymous_4)
FN:73,(anonymous_5)
FN:76,(anonymous_6)
FN:79,(anonymous_7)
FN:83,(anonymous_8)
FN:86,(anonymous_9)
FN:91,(anonymous_10)
FN:98,(anonymous_11)
FN:106,(anonymous_12)
FN:110,(anonymous_13)
FN:116,(anonymous_14)
FN:123,(anonymous_15)
FN:127,(anonymous_16)
FN:129,(anonymous_17)
FN:136,(anonymous_18)
FN:143,(anonymous_19)
FN:147,(anonymous_20)
FN:149,(anonymous_21)
FN:153,(anonymous_22)
FN:160,(anonymous_23)
FN:164,(anonymous_24)
FN:166,(anonymous_25)
FN:174,(anonymous_26)
FNF:27
FNH:0
FNDA:0,(anonymous_0)
FNDA:0,(anonymous_1)
FNDA:0,(anonymous_2)
FNDA:0,(anonymous_3)
FNDA:0,(anonymous_4)
FNDA:0,(anonymous_5)
FNDA:0,(anonymous_6)
FNDA:0,(anonymous_7)
FNDA:0,(anonymous_8)
FNDA:0,(anonymous_9)
FNDA:0,(anonymous_10)
FNDA:0,(anonymous_11)
FNDA:0,(anonymous_12)
FNDA:0,(anonymous_13)
FNDA:0,(anonymous_14)
FNDA:0,(anonymous_15)
FNDA:0,(anonymous_16)
FNDA:0,(anonymous_17)
FNDA:0,(anonymous_18)
FNDA:0,(anonymous_19)
FNDA:0,(anonymous_20)
FNDA:0,(anonymous_21)
FNDA:0,(anonymous_22)
FNDA:0,(anonymous_23)
FNDA:0,(anonymous_24)
FNDA:0,(anonymous_25)
FNDA:0,(anonymous_26)
DA:10,0
DA:19,0
DA:22,0
DA:23,0
DA:24,0
DA:25,0
DA:29,0
DA:32,0
DA:33,0
DA:34,0
DA:35,0
DA:39,0
DA:42,0
DA:43,0
DA:44,0
DA:45,0
DA:49,0
DA:52,0
DA:53,0
DA:54,0
DA:55,0
DA:59,0
DA:62,0
DA:63,0
DA:64,0
DA:65,0
DA:69,0
DA:74,0
DA:77,0
DA:80,0
DA:84,0
DA:87,0
DA:88,0
DA:89,0
DA:92,0
DA:93,0
DA:94,0
DA:95,0
DA:96,0
DA:99,0
DA:100,0
DA:101,0
DA:102,0
DA:107,0
DA:108,0
DA:111,0
DA:112,0
DA:113,0
DA:114,0
DA:117,0
DA:118,0
DA:119,0
DA:124,0
DA:125,0
DA:128,0
DA:129,0
DA:130,0
DA:131,0
DA:133,0
DA:134,0
DA:137,0
DA:138,0
DA:139,0
DA:144,0
DA:145,0
DA:148,0
DA:149,0
DA:150,0
DA:151,0
DA:154,0
DA:155,0
DA:156,0
DA:161,0
DA:162,0
DA:165,0
DA:166,0
DA:167,0
DA:168,0
DA:169,0
DA:171,0
DA:172,0
DA:175,0
DA:176,0
DA:177,0
DA:182,0
LF:85
LH:0
BRDA:130,0,0,0
BRDA:130,0,1,0
BRDA:167,1,0,0
BRDA:167,1,1,0
BRF:4
BRH:0
end_of_record
