{"/home/runner/work/firebase-todo-app/firebase-todo-app/src/App.jsx": {"path":"/home/runner/work/firebase-todo-app/firebase-todo-app/src/App.jsx","statementMap":{"0":{"start":{"line":14,"column":44},"end":{"line":14,"column":61}},"1":{"start":{"line":16,"column":24},"end":{"line":27,"column":3}},"2":{"start":{"line":17,"column":4},"end":{"line":26,"column":5}},"3":{"start":{"line":19,"column":8},"end":{"line":19,"column":28}},"4":{"start":{"line":21,"column":8},"end":{"line":21,"column":31}},"5":{"start":{"line":23,"column":8},"end":{"line":23,"column":29}},"6":{"start":{"line":25,"column":8},"end":{"line":25,"column":28}},"7":{"start":{"line":29,"column":2},"end":{"line":53,"column":3}}},"fnMap":{"0":{"name":"App","decl":{"start":{"line":13,"column":9},"end":{"line":13,"column":12}},"loc":{"start":{"line":13,"column":15},"end":{"line":54,"column":1}},"line":13},"1":{"name":"(anonymous_1)","decl":{"start":{"line":16,"column":24},"end":{"line":16,"column":25}},"loc":{"start":{"line":16,"column":30},"end":{"line":27,"column":3}},"line":16}},"branchMap":{"0":{"loc":{"start":{"line":17,"column":4},"end":{"line":26,"column":5}},"type":"switch","locations":[{"start":{"line":18,"column":6},"end":{"line":19,"column":28}},{"start":{"line":20,"column":6},"end":{"line":21,"column":31}},{"start":{"line":22,"column":6},"end":{"line":23,"column":29}},{"start":{"line":24,"column":6},"end":{"line":25,"column":28}}],"line":17}},"s":{"0":0,"1":0,"2":0,"3":0,"4":0,"5":0,"6":0,"7":0},"f":{"0":0,"1":0},"b":{"0":[0,0,0,0]}}
,"/home/runner/work/firebase-todo-app/firebase-todo-app/src/firebase.js": {"path":"/home/runner/work/firebase-todo-app/firebase-todo-app/src/firebase.js","statementMap":{"0":{"start":{"line":5,"column":23},"end":{"line":13,"column":1}},"1":{"start":{"line":15,"column":0},"end":{"line":15,"column":48}},"2":{"start":{"line":18,"column":12},"end":{"line":18,"column":41}},"3":{"start":{"line":19,"column":0},"end":{"line":19,"column":46}},"4":{"start":{"line":22,"column":20},"end":{"line":22,"column":32}},"5":{"start":{"line":23,"column":0},"end":{"line":23,"column":48}},"6":{"start":{"line":25,"column":18},"end":{"line":25,"column":35}},"7":{"start":{"line":26,"column":0},"end":{"line":26,"column":51}},"8":{"start":{"line":29,"column":30},"end":{"line":29,"column":54}},"9":{"start":{"line":30,"column":0},"end":{"line":32,"column":3}},"10":{"start":{"line":35,"column":32},"end":{"line":35,"column":75}},"11":{"start":{"line":35,"column":38},"end":{"line":35,"column":75}}},"fnMap":{"0":{"name":"(anonymous_0)","decl":{"start":{"line":35,"column":32},"end":{"line":35,"column":33}},"loc":{"start":{"line":35,"column":38},"end":{"line":35,"column":75}},"line":35}},"branchMap":{},"s":{"0":0,"1":0,"2":0,"3":0,"4":0,"5":0,"6":0,"7":0,"8":0,"9":0,"10":0,"11":0},"f":{"0":0},"b":{}}
,"/home/runner/work/firebase-todo-app/firebase-todo-app/src/components/DateTimeModal.jsx": {"path":"/home/runner/work/firebase-todo-app/firebase-todo-app/src/components/DateTimeModal.jsx","statementMap":{"0":{"start":{"line":3,"column":22},"end":{"line":298,"column":1}},"1":{"start":{"line":4,"column":34},"end":{"line":4,"column":46}},"2":{"start":{"line":5,"column":26},"end":{"line":5,"column":38}},"3":{"start":{"line":6,"column":26},"end":{"line":6,"column":38}},"4":{"start":{"line":7,"column":34},"end":{"line":7,"column":50}},"5":{"start":{"line":8,"column":46},"end":{"line":8,"column":58}},"6":{"start":{"line":10,"column":2},"end":{"line":31,"column":32}},"7":{"start":{"line":11,"column":4},"end":{"line":30,"column":5}},"8":{"start":{"line":12,"column":6},"end":{"line":29,"column":7}},"9":{"start":{"line":13,"column":24},"end":{"line":13,"column":49}},"10":{"start":{"line":14,"column":24},"end":{"line":14,"column":59}},"11":{"start":{"line":15,"column":24},"end":{"line":15,"column":58}},"12":{"start":{"line":16,"column":8},"end":{"line":16,"column":25}},"13":{"start":{"line":17,"column":8},"end":{"line":17,"column":25}},"14":{"start":{"line":18,"column":8},"end":{"line":18,"column":37}},"15":{"start":{"line":21,"column":25},"end":{"line":21,"column":35}},"16":{"start":{"line":22,"column":8},"end":{"line":22,"column":49}},"17":{"start":{"line":23,"column":8},"end":{"line":23,"column":38}},"18":{"start":{"line":24,"column":24},"end":{"line":24,"column":60}},"19":{"start":{"line":25,"column":24},"end":{"line":25,"column":59}},"20":{"start":{"line":26,"column":8},"end":{"line":26,"column":25}},"21":{"start":{"line":27,"column":8},"end":{"line":27,"column":25}},"22":{"start":{"line":28,"column":8},"end":{"line":28,"column":44}},"23":{"start":{"line":33,"column":27},"end":{"line":37,"column":3}},"24":{"start":{"line":34,"column":20},"end":{"line":34,"column":34}},"25":{"start":{"line":35,"column":4},"end":{"line":35,"column":21}},"26":{"start":{"line":36,"column":4},"end":{"line":36,"column":34}},"27":{"start":{"line":39,"column":27},"end":{"line":43,"column":3}},"28":{"start":{"line":40,"column":20},"end":{"line":40,"column":34}},"29":{"start":{"line":41,"column":4},"end":{"line":41,"column":21}},"30":{"start":{"line":42,"column":4},"end":{"line":42,"column":34}},"31":{"start":{"line":45,"column":25},"end":{"line":50,"column":3}},"32":{"start":{"line":46,"column":4},"end":{"line":49,"column":5}},"33":{"start":{"line":47,"column":23},"end":{"line":47,"column":56}},"34":{"start":{"line":48,"column":6},"end":{"line":48,"column":42}},"35":{"start":{"line":52,"column":28},"end":{"line":80,"column":3}},"36":{"start":{"line":53,"column":21},"end":{"line":53,"column":31}},"37":{"start":{"line":55,"column":4},"end":{"line":73,"column":5}},"38":{"start":{"line":57,"column":8},"end":{"line":57,"column":41}},"39":{"start":{"line":58,"column":8},"end":{"line":58,"column":14}},"40":{"start":{"line":60,"column":8},"end":{"line":60,"column":53}},"41":{"start":{"line":61,"column":8},"end":{"line":61,"column":40}},"42":{"start":{"line":62,"column":8},"end":{"line":62,"column":14}},"43":{"start":{"line":64,"column":8},"end":{"line":64,"column":53}},"44":{"start":{"line":65,"column":8},"end":{"line":65,"column":41}},"45":{"start":{"line":66,"column":8},"end":{"line":66,"column":14}},"46":{"start":{"line":68,"column":8},"end":{"line":68,"column":55}},"47":{"start":{"line":69,"column":8},"end":{"line":69,"column":41}},"48":{"start":{"line":70,"column":8},"end":{"line":70,"column":14}},"49":{"start":{"line":72,"column":8},"end":{"line":72,"column":15}},"50":{"start":{"line":75,"column":20},"end":{"line":75,"column":58}},"51":{"start":{"line":76,"column":20},"end":{"line":76,"column":57}},"52":{"start":{"line":77,"column":4},"end":{"line":77,"column":21}},"53":{"start":{"line":78,"column":4},"end":{"line":78,"column":21}},"54":{"start":{"line":79,"column":4},"end":{"line":79,"column":42}},"55":{"start":{"line":82,"column":21},"end":{"line":90,"column":3}},"56":{"start":{"line":83,"column":4},"end":{"line":89,"column":5}},"57":{"start":{"line":84,"column":6},"end":{"line":87,"column":9}},"58":{"start":{"line":88,"column":6},"end":{"line":88,"column":16}},"59":{"start":{"line":92,"column":23},"end":{"line":95,"column":3}},"60":{"start":{"line":93,"column":4},"end":{"line":93,"column":52}},"61":{"start":{"line":94,"column":4},"end":{"line":94,"column":14}},"62":{"start":{"line":97,"column":2},"end":{"line":97,"column":27}},"63":{"start":{"line":97,"column":15},"end":{"line":97,"column":27}},"64":{"start":{"line":99,"column":23},"end":{"line":99,"column":41}},"65":{"start":{"line":100,"column":17},"end":{"line":100,"column":42}},"66":{"start":{"line":101,"column":18},"end":{"line":101,"column":75}},"67":{"start":{"line":102,"column":21},"end":{"line":102,"column":99}},"68":{"start":{"line":104,"column":25},"end":{"line":113,"column":3}},"69":{"start":{"line":105,"column":4},"end":{"line":105,"column":32}},"70":{"start":{"line":105,"column":17},"end":{"line":105,"column":32}},"71":{"start":{"line":106,"column":4},"end":{"line":106,"column":38}},"72":{"start":{"line":106,"column":20},"end":{"line":106,"column":38}},"73":{"start":{"line":107,"column":4},"end":{"line":112,"column":7}},"74":{"start":{"line":115,"column":25},"end":{"line":121,"column":3}},"75":{"start":{"line":116,"column":4},"end":{"line":120,"column":7}},"76":{"start":{"line":123,"column":2},"end":{"line":297,"column":4}},"77":{"start":{"line":146,"column":29},"end":{"line":146,"column":55}},"78":{"start":{"line":152,"column":29},"end":{"line":152,"column":58}},"79":{"start":{"line":158,"column":29},"end":{"line":158,"column":59}},"80":{"start":{"line":164,"column":29},"end":{"line":164,"column":60}},"81":{"start":{"line":206,"column":14},"end":{"line":224,"column":22}},"82":{"start":{"line":212,"column":35},"end":{"line":212,"column":62}},"83":{"start":{"line":231,"column":35},"end":{"line":231,"column":68}}},"fnMap":{"0":{"name":"(anonymous_0)","decl":{"start":{"line":3,"column":22},"end":{"line":3,"column":23}},"loc":{"start":{"line":3,"column":79},"end":{"line":298,"column":1}},"line":3},"1":{"name":"(anonymous_1)","decl":{"start":{"line":10,"column":12},"end":{"line":10,"column":13}},"loc":{"start":{"line":10,"column":18},"end":{"line":31,"column":3}},"line":10},"2":{"name":"(anonymous_2)","decl":{"start":{"line":33,"column":27},"end":{"line":33,"column":28}},"loc":{"start":{"line":33,"column":34},"end":{"line":37,"column":3}},"line":33},"3":{"name":"(anonymous_3)","decl":{"start":{"line":39,"column":27},"end":{"line":39,"column":28}},"loc":{"start":{"line":39,"column":34},"end":{"line":43,"column":3}},"line":39},"4":{"name":"(anonymous_4)","decl":{"start":{"line":45,"column":25},"end":{"line":45,"column":26}},"loc":{"start":{"line":45,"column":47},"end":{"line":50,"column":3}},"line":45},"5":{"name":"(anonymous_5)","decl":{"start":{"line":52,"column":28},"end":{"line":52,"column":29}},"loc":{"start":{"line":52,"column":40},"end":{"line":80,"column":3}},"line":52},"6":{"name":"(anonymous_6)","decl":{"start":{"line":82,"column":21},"end":{"line":82,"column":22}},"loc":{"start":{"line":82,"column":27},"end":{"line":90,"column":3}},"line":82},"7":{"name":"(anonymous_7)","decl":{"start":{"line":92,"column":23},"end":{"line":92,"column":24}},"loc":{"start":{"line":92,"column":29},"end":{"line":95,"column":3}},"line":92},"8":{"name":"(anonymous_8)","decl":{"start":{"line":104,"column":25},"end":{"line":104,"column":26}},"loc":{"start":{"line":104,"column":31},"end":{"line":113,"column":3}},"line":104},"9":{"name":"(anonymous_9)","decl":{"start":{"line":115,"column":25},"end":{"line":115,"column":26}},"loc":{"start":{"line":115,"column":31},"end":{"line":121,"column":3}},"line":115},"10":{"name":"(anonymous_10)","decl":{"start":{"line":146,"column":23},"end":{"line":146,"column":24}},"loc":{"start":{"line":146,"column":29},"end":{"line":146,"column":55}},"line":146},"11":{"name":"(anonymous_11)","decl":{"start":{"line":152,"column":23},"end":{"line":152,"column":24}},"loc":{"start":{"line":152,"column":29},"end":{"line":152,"column":58}},"line":152},"12":{"name":"(anonymous_12)","decl":{"start":{"line":158,"column":23},"end":{"line":158,"column":24}},"loc":{"start":{"line":158,"column":29},"end":{"line":158,"column":59}},"line":158},"13":{"name":"(anonymous_13)","decl":{"start":{"line":164,"column":23},"end":{"line":164,"column":24}},"loc":{"start":{"line":164,"column":29},"end":{"line":164,"column":60}},"line":164},"14":{"name":"(anonymous_14)","decl":{"start":{"line":205,"column":79},"end":{"line":205,"column":80}},"loc":{"start":{"line":206,"column":14},"end":{"line":224,"column":22}},"line":206},"15":{"name":"(anonymous_15)","decl":{"start":{"line":212,"column":28},"end":{"line":212,"column":29}},"loc":{"start":{"line":212,"column":35},"end":{"line":212,"column":62}},"line":212},"16":{"name":"(anonymous_16)","decl":{"start":{"line":231,"column":28},"end":{"line":231,"column":29}},"loc":{"start":{"line":231,"column":35},"end":{"line":231,"column":68}},"line":231}},"branchMap":{"0":{"loc":{"start":{"line":3,"column":50},"end":{"line":3,"column":72}},"type":"default-arg","locations":[{"start":{"line":3,"column":68},"end":{"line":3,"column":72}}],"line":3},"1":{"loc":{"start":{"line":11,"column":4},"end":{"line":30,"column":5}},"type":"if","locations":[{"start":{"line":11,"column":4},"end":{"line":30,"column":5}},{"start":{},"end":{}}],"line":11},"2":{"loc":{"start":{"line":12,"column":6},"end":{"line":29,"column":7}},"type":"if","locations":[{"start":{"line":12,"column":6},"end":{"line":29,"column":7}},{"start":{"line":19,"column":13},"end":{"line":29,"column":7}}],"line":12},"3":{"loc":{"start":{"line":46,"column":4},"end":{"line":49,"column":5}},"type":"if","locations":[{"start":{"line":46,"column":4},"end":{"line":49,"column":5}},{"start":{},"end":{}}],"line":46},"4":{"loc":{"start":{"line":46,"column":8},"end":{"line":46,"column":26}},"type":"binary-expr","locations":[{"start":{"line":46,"column":8},"end":{"line":46,"column":15}},{"start":{"line":46,"column":19},"end":{"line":46,"column":26}}],"line":46},"5":{"loc":{"start":{"line":55,"column":4},"end":{"line":73,"column":5}},"type":"switch","locations":[{"start":{"line":56,"column":6},"end":{"line":58,"column":14}},{"start":{"line":59,"column":6},"end":{"line":62,"column":14}},{"start":{"line":63,"column":6},"end":{"line":66,"column":14}},{"start":{"line":67,"column":6},"end":{"line":70,"column":14}},{"start":{"line":71,"column":6},"end":{"line":72,"column":15}}],"line":55},"6":{"loc":{"start":{"line":83,"column":4},"end":{"line":89,"column":5}},"type":"if","locations":[{"start":{"line":83,"column":4},"end":{"line":89,"column":5}},{"start":{},"end":{}}],"line":83},"7":{"loc":{"start":{"line":86,"column":18},"end":{"line":86,"column":67}},"type":"cond-expr","locations":[{"start":{"line":86,"column":42},"end":{"line":86,"column":56}},{"start":{"line":86,"column":59},"end":{"line":86,"column":67}}],"line":86},"8":{"loc":{"start":{"line":97,"column":2},"end":{"line":97,"column":27}},"type":"if","locations":[{"start":{"line":97,"column":2},"end":{"line":97,"column":27}},{"start":{},"end":{}}],"line":97},"9":{"loc":{"start":{"line":105,"column":4},"end":{"line":105,"column":32}},"type":"if","locations":[{"start":{"line":105,"column":4},"end":{"line":105,"column":32}},{"start":{},"end":{}}],"line":105},"10":{"loc":{"start":{"line":106,"column":4},"end":{"line":106,"column":38}},"type":"if","locations":[{"start":{"line":106,"column":4},"end":{"line":106,"column":38}},{"start":{},"end":{}}],"line":106},"11":{"loc":{"start":{"line":216,"column":19},"end":{"line":216,"column":53}},"type":"binary-expr","locations":[{"start":{"line":216,"column":19},"end":{"line":216,"column":36}},{"start":{"line":216,"column":40},"end":{"line":216,"column":53}}],"line":216},"12":{"loc":{"start":{"line":217,"column":19},"end":{"line":217,"column":58}},"type":"binary-expr","locations":[{"start":{"line":217,"column":19},"end":{"line":217,"column":36}},{"start":{"line":217,"column":40},"end":{"line":217,"column":58}}],"line":217},"13":{"loc":{"start":{"line":218,"column":19},"end":{"line":218,"column":60}},"type":"binary-expr","locations":[{"start":{"line":218,"column":19},"end":{"line":218,"column":37}},{"start":{"line":218,"column":41},"end":{"line":218,"column":60}}],"line":218},"14":{"loc":{"start":{"line":219,"column":19},"end":{"line":219,"column":60}},"type":"binary-expr","locations":[{"start":{"line":219,"column":19},"end":{"line":219,"column":37}},{"start":{"line":219,"column":41},"end":{"line":219,"column":60}}],"line":219},"15":{"loc":{"start":{"line":220,"column":19},"end":{"line":220,"column":56}},"type":"binary-expr","locations":[{"start":{"line":220,"column":19},"end":{"line":220,"column":37}},{"start":{"line":220,"column":41},"end":{"line":220,"column":56}}],"line":220},"16":{"loc":{"start":{"line":221,"column":19},"end":{"line":221,"column":54}},"type":"binary-expr","locations":[{"start":{"line":221,"column":19},"end":{"line":221,"column":36}},{"start":{"line":221,"column":40},"end":{"line":221,"column":54}}],"line":221},"17":{"loc":{"start":{"line":222,"column":19},"end":{"line":222,"column":50}},"type":"binary-expr","locations":[{"start":{"line":222,"column":19},"end":{"line":222,"column":38}},{"start":{"line":222,"column":42},"end":{"line":222,"column":50}}],"line":222},"18":{"loc":{"start":{"line":226,"column":13},"end":{"line":236,"column":13}},"type":"binary-expr","locations":[{"start":{"line":226,"column":13},"end":{"line":226,"column":34}},{"start":{"line":227,"column":14},"end":{"line":235,"column":20}}],"line":226},"19":{"loc":{"start":{"line":241,"column":9},"end":{"line":277,"column":9}},"type":"binary-expr","locations":[{"start":{"line":241,"column":9},"end":{"line":241,"column":17}},{"start":{"line":242,"column":10},"end":{"line":276,"column":16}}],"line":241},"20":{"loc":{"start":{"line":245,"column":14},"end":{"line":247,"column":44}},"type":"cond-expr","locations":[{"start":{"line":245,"column":23},"end":{"line":245,"column":49}},{"start":{"line":246,"column":14},"end":{"line":247,"column":44}}],"line":245},"21":{"loc":{"start":{"line":246,"column":14},"end":{"line":247,"column":44}},"type":"cond-expr","locations":[{"start":{"line":246,"column":24},"end":{"line":246,"column":56}},{"start":{"line":247,"column":14},"end":{"line":247,"column":44}}],"line":246},"22":{"loc":{"start":{"line":251,"column":18},"end":{"line":253,"column":32}},"type":"cond-expr","locations":[{"start":{"line":251,"column":27},"end":{"line":251,"column":39}},{"start":{"line":252,"column":18},"end":{"line":253,"column":32}}],"line":251},"23":{"loc":{"start":{"line":252,"column":18},"end":{"line":253,"column":32}},"type":"cond-expr","locations":[{"start":{"line":252,"column":28},"end":{"line":252,"column":43}},{"start":{"line":253,"column":18},"end":{"line":253,"column":32}}],"line":252},"24":{"loc":{"start":{"line":256,"column":18},"end":{"line":258,"column":34}},"type":"cond-expr","locations":[{"start":{"line":256,"column":27},"end":{"line":256,"column":41}},{"start":{"line":257,"column":18},"end":{"line":258,"column":34}}],"line":256},"25":{"loc":{"start":{"line":257,"column":18},"end":{"line":258,"column":34}},"type":"cond-expr","locations":[{"start":{"line":257,"column":28},"end":{"line":257,"column":45}},{"start":{"line":258,"column":18},"end":{"line":258,"column":34}}],"line":257},"26":{"loc":{"start":{"line":260,"column":19},"end":{"line":260,"column":75}},"type":"cond-expr","locations":[{"start":{"line":260,"column":28},"end":{"line":260,"column":37}},{"start":{"line":260,"column":40},"end":{"line":260,"column":75}}],"line":260},"27":{"loc":{"start":{"line":260,"column":40},"end":{"line":260,"column":75}},"type":"cond-expr","locations":[{"start":{"line":260,"column":50},"end":{"line":260,"column":61}},{"start":{"line":260,"column":64},"end":{"line":260,"column":75}}],"line":260},"28":{"loc":{"start":{"line":264,"column":16},"end":{"line":266,"column":32}},"type":"cond-expr","locations":[{"start":{"line":264,"column":25},"end":{"line":264,"column":39}},{"start":{"line":265,"column":16},"end":{"line":266,"column":32}}],"line":264},"29":{"loc":{"start":{"line":265,"column":16},"end":{"line":266,"column":32}},"type":"cond-expr","locations":[{"start":{"line":265,"column":26},"end":{"line":265,"column":43}},{"start":{"line":266,"column":16},"end":{"line":266,"column":32}}],"line":265},"30":{"loc":{"start":{"line":270,"column":15},"end":{"line":274,"column":15}},"type":"binary-expr","locations":[{"start":{"line":270,"column":15},"end":{"line":270,"column":34}},{"start":{"line":271,"column":16},"end":{"line":273,"column":20}}],"line":270},"31":{"loc":{"start":{"line":272,"column":29},"end":{"line":272,"column":90}},"type":"cond-expr","locations":[{"start":{"line":272,"column":53},"end":{"line":272,"column":67}},{"start":{"line":272,"column":70},"end":{"line":272,"column":90}}],"line":272}},"s":{"0":1,"1":11,"2":11,"3":11,"4":11,"5":11,"6":11,"7":6,"8":5,"9":0,"10":0,"11":0,"12":0,"13":0,"14":0,"15":5,"16":5,"17":5,"18":5,"19":5,"20":5,"21":5,"22":5,"23":11,"24":0,"25":0,"26":0,"27":11,"28":0,"29":0,"30":0,"31":11,"32":0,"33":0,"34":0,"35":11,"36":0,"37":0,"38":0,"39":0,"40":0,"41":0,"42":0,"43":0,"44":0,"45":0,"46":0,"47":0,"48":0,"49":0,"50":0,"51":0,"52":0,"53":0,"54":0,"55":11,"56":0,"57":0,"58":0,"59":11,"60":0,"61":0,"62":11,"63":1,"64":10,"65":10,"66":10,"67":10,"68":10,"69":5,"70":0,"71":5,"72":5,"73":0,"74":10,"75":5,"76":10,"77":0,"78":0,"79":0,"80":0,"81":70,"82":0,"83":0},"f":{"0":11,"1":6,"2":0,"3":0,"4":0,"5":0,"6":0,"7":0,"8":5,"9":5,"10":0,"11":0,"12":0,"13":0,"14":70,"15":0,"16":0},"b":{"0":[11],"1":[5,1],"2":[0,5],"3":[0,0],"4":[0,0],"5":[0,0,0,0,0],"6":[0,0],"7":[0,0],"8":[1,10],"9":[0,5],"10":[5,0],"11":[70,10],"12":[70,10],"13":[70,10],"14":[70,10],"15":[70,10],"16":[70,10],"17":[70,10],"18":[10,0],"19":[10,5],"20":[0,5],"21":[0,5],"22":[0,5],"23":[0,5],"24":[0,5],"25":[0,5],"26":[0,5],"27":[0,5],"28":[0,5],"29":[0,5],"30":[5,0],"31":[0,0]},"_coverageSchema":"1a1c01bbd47fc00a2c39e90264f33305004495a9","hash":"691c45b8c666bee4bdbd5da2341cf237cfa630bf"}
,"/home/runner/work/firebase-todo-app/firebase-todo-app/src/components/Navigation.jsx": {"path":"/home/runner/work/firebase-todo-app/firebase-todo-app/src/components/Navigation.jsx","statementMap":{"0":{"start":{"line":4,"column":19},"end":{"line":236,"column":1}},"1":{"start":{"line":5,"column":34},"end":{"line":5,"column":43}},"2":{"start":{"line":6,"column":40},"end":{"line":6,"column":55}},"3":{"start":{"line":8,"column":23},"end":{"line":14,"column":3}},"4":{"start":{"line":9,"column":4},"end":{"line":13,"column":5}},"5":{"start":{"line":10,"column":6},"end":{"line":10,"column":21}},"6":{"start":{"line":12,"column":6},"end":{"line":12,"column":49}},"7":{"start":{"line":16,"column":19},"end":{"line":20,"column":3}},"8":{"start":{"line":23,"column":26},"end":{"line":36,"column":3}},"9":{"start":{"line":24,"column":4},"end":{"line":31,"column":5}},"10":{"start":{"line":25,"column":6},"end":{"line":30,"column":21}},"11":{"start":{"line":27,"column":21},"end":{"line":27,"column":35}},"12":{"start":{"line":32,"column":4},"end":{"line":34,"column":5}},"13":{"start":{"line":33,"column":6},"end":{"line":33,"column":55}},"14":{"start":{"line":35,"column":4},"end":{"line":35,"column":15}},"15":{"start":{"line":39,"column":24},"end":{"line":42,"column":38}},"16":{"start":{"line":44,"column":2},"end":{"line":235,"column":4}},"17":{"start":{"line":54,"column":29},"end":{"line":54,"column":57}},"18":{"start":{"line":63,"column":20},"end":{"line":63,"column":52}},"19":{"start":{"line":64,"column":20},"end":{"line":64,"column":64}},"20":{"start":{"line":91,"column":22},"end":{"line":91,"column":49}},"21":{"start":{"line":92,"column":22},"end":{"line":92,"column":44}},"22":{"start":{"line":100,"column":22},"end":{"line":100,"column":47}},"23":{"start":{"line":101,"column":22},"end":{"line":101,"column":44}},"24":{"start":{"line":123,"column":12},"end":{"line":134,"column":21}},"25":{"start":{"line":125,"column":29},"end":{"line":125,"column":56}},"26":{"start":{"line":147,"column":14},"end":{"line":158,"column":23}},"27":{"start":{"line":149,"column":31},"end":{"line":149,"column":58}},"28":{"start":{"line":174,"column":29},"end":{"line":174,"column":57}},"29":{"start":{"line":183,"column":20},"end":{"line":183,"column":52}},"30":{"start":{"line":184,"column":20},"end":{"line":184,"column":64}},"31":{"start":{"line":205,"column":22},"end":{"line":205,"column":49}},"32":{"start":{"line":206,"column":22},"end":{"line":206,"column":44}},"33":{"start":{"line":214,"column":22},"end":{"line":214,"column":47}},"34":{"start":{"line":215,"column":22},"end":{"line":215,"column":44}}},"fnMap":{"0":{"name":"(anonymous_0)","decl":{"start":{"line":4,"column":19},"end":{"line":4,"column":20}},"loc":{"start":{"line":4,"column":59},"end":{"line":236,"column":1}},"line":4},"1":{"name":"(anonymous_1)","decl":{"start":{"line":8,"column":23},"end":{"line":8,"column":24}},"loc":{"start":{"line":8,"column":35},"end":{"line":14,"column":3}},"line":8},"2":{"name":"(anonymous_2)","decl":{"start":{"line":23,"column":26},"end":{"line":23,"column":27}},"loc":{"start":{"line":23,"column":32},"end":{"line":36,"column":3}},"line":23},"3":{"name":"(anonymous_3)","decl":{"start":{"line":27,"column":13},"end":{"line":27,"column":14}},"loc":{"start":{"line":27,"column":21},"end":{"line":27,"column":35}},"line":27},"4":{"name":"(anonymous_4)","decl":{"start":{"line":54,"column":23},"end":{"line":54,"column":24}},"loc":{"start":{"line":54,"column":29},"end":{"line":54,"column":57}},"line":54},"5":{"name":"(anonymous_5)","decl":{"start":{"line":62,"column":27},"end":{"line":62,"column":28}},"loc":{"start":{"line":62,"column":34},"end":{"line":65,"column":19}},"line":62},"6":{"name":"(anonymous_6)","decl":{"start":{"line":90,"column":29},"end":{"line":90,"column":30}},"loc":{"start":{"line":90,"column":35},"end":{"line":93,"column":21}},"line":90},"7":{"name":"(anonymous_7)","decl":{"start":{"line":99,"column":29},"end":{"line":99,"column":30}},"loc":{"start":{"line":99,"column":35},"end":{"line":102,"column":21}},"line":99},"8":{"name":"(anonymous_8)","decl":{"start":{"line":122,"column":24},"end":{"line":122,"column":25}},"loc":{"start":{"line":123,"column":12},"end":{"line":134,"column":21}},"line":123},"9":{"name":"(anonymous_9)","decl":{"start":{"line":125,"column":23},"end":{"line":125,"column":24}},"loc":{"start":{"line":125,"column":29},"end":{"line":125,"column":56}},"line":125},"10":{"name":"(anonymous_10)","decl":{"start":{"line":146,"column":26},"end":{"line":146,"column":27}},"loc":{"start":{"line":147,"column":14},"end":{"line":158,"column":23}},"line":147},"11":{"name":"(anonymous_11)","decl":{"start":{"line":149,"column":25},"end":{"line":149,"column":26}},"loc":{"start":{"line":149,"column":31},"end":{"line":149,"column":58}},"line":149},"12":{"name":"(anonymous_12)","decl":{"start":{"line":174,"column":23},"end":{"line":174,"column":24}},"loc":{"start":{"line":174,"column":29},"end":{"line":174,"column":57}},"line":174},"13":{"name":"(anonymous_13)","decl":{"start":{"line":182,"column":27},"end":{"line":182,"column":28}},"loc":{"start":{"line":182,"column":34},"end":{"line":185,"column":19}},"line":182},"14":{"name":"(anonymous_14)","decl":{"start":{"line":204,"column":29},"end":{"line":204,"column":30}},"loc":{"start":{"line":204,"column":35},"end":{"line":207,"column":21}},"line":204},"15":{"name":"(anonymous_15)","decl":{"start":{"line":213,"column":29},"end":{"line":213,"column":30}},"loc":{"start":{"line":213,"column":35},"end":{"line":216,"column":21}},"line":213}},"branchMap":{"0":{"loc":{"start":{"line":24,"column":4},"end":{"line":31,"column":5}},"type":"if","locations":[{"start":{"line":24,"column":4},"end":{"line":31,"column":5}},{"start":{},"end":{}}],"line":24},"1":{"loc":{"start":{"line":32,"column":4},"end":{"line":34,"column":5}},"type":"if","locations":[{"start":{"line":32,"column":4},"end":{"line":34,"column":5}},{"start":{},"end":{}}],"line":32},"2":{"loc":{"start":{"line":39,"column":24},"end":{"line":42,"column":38}},"type":"binary-expr","locations":[{"start":{"line":39,"column":24},"end":{"line":39,"column":45}},{"start":{"line":40,"column":4},"end":{"line":40,"column":35}},{"start":{"line":41,"column":4},"end":{"line":41,"column":40}},{"start":{"line":42,"column":4},"end":{"line":42,"column":38}}],"line":39},"3":{"loc":{"start":{"line":57,"column":15},"end":{"line":67,"column":22}},"type":"cond-expr","locations":[{"start":{"line":58,"column":16},"end":{"line":66,"column":18}},{"start":{"line":67,"column":18},"end":{"line":67,"column":22}}],"line":57},"4":{"loc":{"start":{"line":71,"column":18},"end":{"line":71,"column":51}},"type":"cond-expr","locations":[{"start":{"line":71,"column":34},"end":{"line":71,"column":42}},{"start":{"line":71,"column":45},"end":{"line":71,"column":51}}],"line":71},"5":{"loc":{"start":{"line":80,"column":13},"end":{"line":116,"column":13}},"type":"binary-expr","locations":[{"start":{"line":80,"column":13},"end":{"line":80,"column":24}},{"start":{"line":81,"column":14},"end":{"line":115,"column":20}}],"line":80},"6":{"loc":{"start":{"line":85,"column":23},"end":{"line":85,"column":57}},"type":"binary-expr","locations":[{"start":{"line":85,"column":23},"end":{"line":85,"column":47}},{"start":{"line":85,"column":51},"end":{"line":85,"column":57}}],"line":85},"7":{"loc":{"start":{"line":127,"column":16},"end":{"line":129,"column":73}},"type":"cond-expr","locations":[{"start":{"line":128,"column":20},"end":{"line":128,"column":47}},{"start":{"line":129,"column":20},"end":{"line":129,"column":73}}],"line":127},"8":{"loc":{"start":{"line":151,"column":18},"end":{"line":153,"column":75}},"type":"cond-expr","locations":[{"start":{"line":152,"column":22},"end":{"line":152,"column":49}},{"start":{"line":153,"column":22},"end":{"line":153,"column":75}}],"line":151},"9":{"loc":{"start":{"line":167,"column":15},"end":{"line":167,"column":49}},"type":"binary-expr","locations":[{"start":{"line":167,"column":15},"end":{"line":167,"column":39}},{"start":{"line":167,"column":43},"end":{"line":167,"column":49}}],"line":167},"10":{"loc":{"start":{"line":177,"column":15},"end":{"line":187,"column":22}},"type":"cond-expr","locations":[{"start":{"line":178,"column":16},"end":{"line":186,"column":18}},{"start":{"line":187,"column":18},"end":{"line":187,"column":22}}],"line":177},"11":{"loc":{"start":{"line":191,"column":18},"end":{"line":191,"column":51}},"type":"cond-expr","locations":[{"start":{"line":191,"column":34},"end":{"line":191,"column":42}},{"start":{"line":191,"column":45},"end":{"line":191,"column":51}}],"line":191},"12":{"loc":{"start":{"line":200,"column":13},"end":{"line":230,"column":13}},"type":"binary-expr","locations":[{"start":{"line":200,"column":13},"end":{"line":200,"column":24}},{"start":{"line":201,"column":14},"end":{"line":229,"column":20}}],"line":200}},"s":{"0":2,"1":21,"2":21,"3":21,"4":0,"5":0,"6":0,"7":21,"8":21,"9":42,"10":42,"11":84,"12":0,"13":0,"14":0,"15":21,"16":21,"17":3,"18":0,"19":0,"20":1,"21":1,"22":0,"23":0,"24":63,"25":2,"26":63,"27":0,"28":0,"29":0,"30":0,"31":0,"32":0,"33":0,"34":0},"f":{"0":21,"1":0,"2":42,"3":84,"4":3,"5":0,"6":1,"7":0,"8":63,"9":2,"10":63,"11":0,"12":0,"13":0,"14":0,"15":0},"b":{"0":[42,0],"1":[0,0],"2":[21,12,12,12],"3":[12,9],"4":[12,9],"5":[21,3],"6":[3,0],"7":[21,42],"8":[21,42],"9":[21,0],"10":[12,9],"11":[12,9],"12":[21,3]},"_coverageSchema":"1a1c01bbd47fc00a2c39e90264f33305004495a9","hash":"d1dc3d54b431a889b6fab7417c7ebae84003cbf1"}
,"/home/runner/work/firebase-todo-app/firebase-todo-app/src/components/ProtectedRoute.jsx": {"path":"/home/runner/work/firebase-todo-app/firebase-todo-app/src/components/ProtectedRoute.jsx","statementMap":{"0":{"start":{"line":5,"column":23},"end":{"line":18,"column":1}},"1":{"start":{"line":6,"column":35},"end":{"line":6,"column":44}},"2":{"start":{"line":7,"column":19},"end":{"line":7,"column":32}},"3":{"start":{"line":9,"column":2},"end":{"line":13,"column":39}},"4":{"start":{"line":10,"column":4},"end":{"line":12,"column":5}},"5":{"start":{"line":11,"column":6},"end":{"line":11,"column":25}},"6":{"start":{"line":15,"column":2},"end":{"line":15,"column":43}},"7":{"start":{"line":15,"column":31},"end":{"line":15,"column":43}},"8":{"start":{"line":17,"column":2},"end":{"line":17,"column":18}}},"fnMap":{"0":{"name":"(anonymous_0)","decl":{"start":{"line":5,"column":23},"end":{"line":5,"column":24}},"loc":{"start":{"line":5,"column":41},"end":{"line":18,"column":1}},"line":5},"1":{"name":"(anonymous_1)","decl":{"start":{"line":9,"column":12},"end":{"line":9,"column":13}},"loc":{"start":{"line":9,"column":18},"end":{"line":13,"column":3}},"line":9}},"branchMap":{"0":{"loc":{"start":{"line":10,"column":4},"end":{"line":12,"column":5}},"type":"if","locations":[{"start":{"line":10,"column":4},"end":{"line":12,"column":5}},{"start":{},"end":{}}],"line":10},"1":{"loc":{"start":{"line":10,"column":8},"end":{"line":10,"column":118}},"type":"binary-expr","locations":[{"start":{"line":10,"column":8},"end":{"line":10,"column":16}},{"start":{"line":10,"column":21},"end":{"line":10,"column":33}},{"start":{"line":10,"column":38},"end":{"line":10,"column":69}},{"start":{"line":10,"column":73},"end":{"line":10,"column":116}}],"line":10},"2":{"loc":{"start":{"line":10,"column":85},"end":{"line":10,"column":102}},"type":"binary-expr","locations":[{"start":{"line":10,"column":85},"end":{"line":10,"column":96}},{"start":{"line":10,"column":100},"end":{"line":10,"column":102}}],"line":10},"3":{"loc":{"start":{"line":15,"column":2},"end":{"line":15,"column":43}},"type":"if","locations":[{"start":{"line":15,"column":2},"end":{"line":15,"column":43}},{"start":{},"end":{}}],"line":15},"4":{"loc":{"start":{"line":15,"column":6},"end":{"line":15,"column":29}},"type":"binary-expr","locations":[{"start":{"line":15,"column":6},"end":{"line":15,"column":13}},{"start":{"line":15,"column":17},"end":{"line":15,"column":29}}],"line":15}},"s":{"0":1,"1":27,"2":27,"3":27,"4":26,"5":10,"6":27,"7":13,"8":14},"f":{"0":27,"1":26},"b":{"0":[10,16],"1":[26,22,13,13],"2":[13,0],"3":[13,14],"4":[27,23]},"_coverageSchema":"1a1c01bbd47fc00a2c39e90264f33305004495a9","hash":"7c11c8aa0ee9d31bfdb5687e239016c41e6df32b"}
,"/home/runner/work/firebase-todo-app/firebase-todo-app/src/components/TodoList.jsx": {"path":"/home/runner/work/firebase-todo-app/firebase-todo-app/src/components/TodoList.jsx","statementMap":{"0":{"start":{"line":7,"column":17},"end":{"line":570,"column":1}},"1":{"start":{"line":8,"column":26},"end":{"line":8,"column":35}},"2":{"start":{"line":9,"column":28},"end":{"line":9,"column":40}},"3":{"start":{"line":10,"column":32},"end":{"line":17,"column":4}},"4":{"start":{"line":18,"column":30},"end":{"line":18,"column":45}},"5":{"start":{"line":19,"column":32},"end":{"line":19,"column":46}},"6":{"start":{"line":20,"column":28},"end":{"line":20,"column":42}},"7":{"start":{"line":21,"column":30},"end":{"line":21,"column":42}},"8":{"start":{"line":22,"column":52},"end":{"line":22,"column":67}},"9":{"start":{"line":23,"column":40},"end":{"line":23,"column":54}},"10":{"start":{"line":25,"column":2},"end":{"line":68,"column":25}},"11":{"start":{"line":26,"column":4},"end":{"line":26,"column":29}},"12":{"start":{"line":26,"column":22},"end":{"line":26,"column":29}},"13":{"start":{"line":28,"column":4},"end":{"line":28,"column":21}},"14":{"start":{"line":29,"column":4},"end":{"line":29,"column":19}},"15":{"start":{"line":31,"column":4},"end":{"line":67,"column":5}},"16":{"start":{"line":33,"column":23},"end":{"line":33,"column":46}},"17":{"start":{"line":34,"column":16},"end":{"line":38,"column":7}},"18":{"start":{"line":41,"column":26},"end":{"line":59,"column":8}},"19":{"start":{"line":42,"column":26},"end":{"line":42,"column":28}},"20":{"start":{"line":43,"column":8},"end":{"line":51,"column":11}},"21":{"start":{"line":44,"column":10},"end":{"line":50,"column":13}},"22":{"start":{"line":53,"column":8},"end":{"line":53,"column":28}},"23":{"start":{"line":54,"column":8},"end":{"line":54,"column":26}},"24":{"start":{"line":56,"column":8},"end":{"line":56,"column":58}},"25":{"start":{"line":57,"column":8},"end":{"line":57,"column":41}},"26":{"start":{"line":58,"column":8},"end":{"line":58,"column":26}},"27":{"start":{"line":62,"column":6},"end":{"line":62,"column":33}},"28":{"start":{"line":62,"column":19},"end":{"line":62,"column":32}},"29":{"start":{"line":64,"column":6},"end":{"line":64,"column":67}},"30":{"start":{"line":65,"column":6},"end":{"line":65,"column":53}},"31":{"start":{"line":66,"column":6},"end":{"line":66,"column":24}},"32":{"start":{"line":70,"column":23},"end":{"line":104,"column":3}},"33":{"start":{"line":71,"column":4},"end":{"line":71,"column":23}},"34":{"start":{"line":73,"column":4},"end":{"line":73,"column":38}},"35":{"start":{"line":73,"column":31},"end":{"line":73,"column":38}},"36":{"start":{"line":75,"column":4},"end":{"line":103,"column":5}},"37":{"start":{"line":76,"column":23},"end":{"line":87,"column":7}},"38":{"start":{"line":80,"column":41},"end":{"line":80,"column":51}},"39":{"start":{"line":89,"column":6},"end":{"line":89,"column":54}},"40":{"start":{"line":92,"column":6},"end":{"line":99,"column":9}},"41":{"start":{"line":101,"column":6},"end":{"line":101,"column":51}},"42":{"start":{"line":102,"column":6},"end":{"line":102,"column":40}},"43":{"start":{"line":106,"column":31},"end":{"line":117,"column":3}},"44":{"start":{"line":107,"column":4},"end":{"line":116,"column":5}},"45":{"start":{"line":108,"column":22},"end":{"line":108,"column":46}},"46":{"start":{"line":109,"column":6},"end":{"line":112,"column":9}},"47":{"start":{"line":114,"column":6},"end":{"line":114,"column":51}},"48":{"start":{"line":115,"column":6},"end":{"line":115,"column":40}},"49":{"start":{"line":119,"column":27},"end":{"line":126,"column":3}},"50":{"start":{"line":120,"column":4},"end":{"line":125,"column":5}},"51":{"start":{"line":121,"column":6},"end":{"line":121,"column":48}},"52":{"start":{"line":123,"column":6},"end":{"line":123,"column":51}},"53":{"start":{"line":124,"column":6},"end":{"line":124,"column":40}},"54":{"start":{"line":128,"column":30},"end":{"line":140,"column":3}},"55":{"start":{"line":129,"column":4},"end":{"line":139,"column":5}},"56":{"start":{"line":130,"column":22},"end":{"line":130,"column":46}},"57":{"start":{"line":131,"column":6},"end":{"line":135,"column":9}},"58":{"start":{"line":137,"column":6},"end":{"line":137,"column":55}},"59":{"start":{"line":138,"column":6},"end":{"line":138,"column":44}},"60":{"start":{"line":142,"column":17},"end":{"line":150,"column":3}},"61":{"start":{"line":143,"column":4},"end":{"line":149,"column":5}},"62":{"start":{"line":144,"column":6},"end":{"line":147,"column":10}},"63":{"start":{"line":144,"column":26},"end":{"line":147,"column":7}},"64":{"start":{"line":148,"column":6},"end":{"line":148,"column":20}},"65":{"start":{"line":152,"column":20},"end":{"line":157,"column":3}},"66":{"start":{"line":153,"column":4},"end":{"line":156,"column":8}},"67":{"start":{"line":153,"column":24},"end":{"line":156,"column":5}},"68":{"start":{"line":155,"column":36},"end":{"line":155,"column":55}},"69":{"start":{"line":159,"column":28},"end":{"line":167,"column":3}},"70":{"start":{"line":160,"column":4},"end":{"line":166,"column":5}},"71":{"start":{"line":161,"column":6},"end":{"line":161,"column":27}},"72":{"start":{"line":162,"column":6},"end":{"line":162,"column":33}},"73":{"start":{"line":164,"column":6},"end":{"line":164,"column":27}},"74":{"start":{"line":165,"column":6},"end":{"line":165,"column":33}},"75":{"start":{"line":169,"column":29},"end":{"line":181,"column":3}},"76":{"start":{"line":170,"column":4},"end":{"line":180,"column":5}},"77":{"start":{"line":172,"column":6},"end":{"line":172,"column":55}},"78":{"start":{"line":175,"column":6},"end":{"line":179,"column":10}},"79":{"start":{"line":175,"column":26},"end":{"line":179,"column":7}},"80":{"start":{"line":183,"column":28},"end":{"line":210,"column":3}},"81":{"start":{"line":184,"column":4},"end":{"line":184,"column":34}},"82":{"start":{"line":184,"column":22},"end":{"line":184,"column":34}},"83":{"start":{"line":186,"column":16},"end":{"line":186,"column":26}},"84":{"start":{"line":187,"column":20},"end":{"line":187,"column":41}},"85":{"start":{"line":188,"column":19},"end":{"line":188,"column":32}},"86":{"start":{"line":189,"column":20},"end":{"line":189,"column":65}},"87":{"start":{"line":190,"column":23},"end":{"line":190,"column":99}},"88":{"start":{"line":192,"column":22},"end":{"line":192,"column":24}},"89":{"start":{"line":193,"column":21},"end":{"line":193,"column":23}},"90":{"start":{"line":195,"column":4},"end":{"line":207,"column":5}},"91":{"start":{"line":196,"column":6},"end":{"line":196,"column":140}},"92":{"start":{"line":197,"column":6},"end":{"line":197,"column":59}},"93":{"start":{"line":198,"column":11},"end":{"line":207,"column":5}},"94":{"start":{"line":199,"column":6},"end":{"line":199,"column":109}},"95":{"start":{"line":200,"column":6},"end":{"line":200,"column":68}},"96":{"start":{"line":201,"column":11},"end":{"line":207,"column":5}},"97":{"start":{"line":202,"column":6},"end":{"line":202,"column":112}},"98":{"start":{"line":203,"column":6},"end":{"line":203,"column":62}},"99":{"start":{"line":205,"column":6},"end":{"line":205,"column":135}},"100":{"start":{"line":206,"column":6},"end":{"line":206,"column":65}},"101":{"start":{"line":209,"column":4},"end":{"line":209,"column":45}},"102":{"start":{"line":212,"column":24},"end":{"line":223,"column":4}},"103":{"start":{"line":213,"column":4},"end":{"line":213,"column":52}},"104":{"start":{"line":213,"column":29},"end":{"line":213,"column":52}},"105":{"start":{"line":214,"column":4},"end":{"line":214,"column":54}},"106":{"start":{"line":214,"column":32},"end":{"line":214,"column":54}},"107":{"start":{"line":215,"column":4},"end":{"line":215,"column":116}},"108":{"start":{"line":215,"column":30},"end":{"line":215,"column":116}},"109":{"start":{"line":216,"column":4},"end":{"line":221,"column":5}},"110":{"start":{"line":217,"column":20},"end":{"line":217,"column":30}},"111":{"start":{"line":218,"column":6},"end":{"line":220,"column":29}},"112":{"start":{"line":222,"column":4},"end":{"line":222,"column":16}},"113":{"start":{"line":225,"column":2},"end":{"line":239,"column":3}},"114":{"start":{"line":226,"column":4},"end":{"line":238,"column":6}},"115":{"start":{"line":233,"column":14},"end":{"line":233,"column":70}},"116":{"start":{"line":241,"column":2},"end":{"line":256,"column":3}},"117":{"start":{"line":242,"column":4},"end":{"line":255,"column":6}},"118":{"start":{"line":248,"column":27},"end":{"line":248,"column":51}},"119":{"start":{"line":258,"column":2},"end":{"line":569,"column":4}},"120":{"start":{"line":279,"column":31},"end":{"line":279,"column":87}},"121":{"start":{"line":279,"column":51},"end":{"line":279,"column":85}},"122":{"start":{"line":293,"column":31},"end":{"line":293,"column":90}},"123":{"start":{"line":293,"column":51},"end":{"line":293,"column":88}},"124":{"start":{"line":310,"column":29},"end":{"line":310,"column":91}},"125":{"start":{"line":310,"column":49},"end":{"line":310,"column":89}},"126":{"start":{"line":326,"column":31},"end":{"line":326,"column":50}},"127":{"start":{"line":342,"column":33},"end":{"line":342,"column":103}},"128":{"start":{"line":342,"column":53},"end":{"line":342,"column":101}},"129":{"start":{"line":368,"column":33},"end":{"line":368,"column":58}},"130":{"start":{"line":369,"column":35},"end":{"line":369,"column":86}},"131":{"start":{"line":384,"column":18},"end":{"line":396,"column":25}},"132":{"start":{"line":391,"column":37},"end":{"line":391,"column":51}},"133":{"start":{"line":415,"column":10},"end":{"line":429,"column":19}},"134":{"start":{"line":417,"column":27},"end":{"line":417,"column":48}},"135":{"start":{"line":445,"column":35},"end":{"line":445,"column":70}},"136":{"start":{"line":447,"column":12},"end":{"line":545,"column":14}},"137":{"start":{"line":462,"column":40},"end":{"line":462,"column":85}},"138":{"start":{"line":500,"column":26},"end":{"line":505,"column":33}},"139":{"start":{"line":523,"column":37},"end":{"line":523,"column":60}},"140":{"start":{"line":534,"column":37},"end":{"line":534,"column":62}},"141":{"start":{"line":564,"column":23},"end":{"line":564,"column":50}}},"fnMap":{"0":{"name":"(anonymous_0)","decl":{"start":{"line":7,"column":17},"end":{"line":7,"column":18}},"loc":{"start":{"line":7,"column":23},"end":{"line":570,"column":1}},"line":7},"1":{"name":"(anonymous_1)","decl":{"start":{"line":25,"column":12},"end":{"line":25,"column":13}},"loc":{"start":{"line":25,"column":18},"end":{"line":68,"column":3}},"line":25},"2":{"name":"(anonymous_2)","decl":{"start":{"line":41,"column":40},"end":{"line":41,"column":41}},"loc":{"start":{"line":41,"column":54},"end":{"line":55,"column":7}},"line":41},"3":{"name":"(anonymous_3)","decl":{"start":{"line":43,"column":25},"end":{"line":43,"column":26}},"loc":{"start":{"line":43,"column":34},"end":{"line":51,"column":9}},"line":43},"4":{"name":"(anonymous_4)","decl":{"start":{"line":55,"column":9},"end":{"line":55,"column":10}},"loc":{"start":{"line":55,"column":20},"end":{"line":59,"column":7}},"line":55},"5":{"name":"(anonymous_5)","decl":{"start":{"line":62,"column":13},"end":{"line":62,"column":14}},"loc":{"start":{"line":62,"column":19},"end":{"line":62,"column":32}},"line":62},"6":{"name":"(anonymous_6)","decl":{"start":{"line":70,"column":23},"end":{"line":70,"column":24}},"loc":{"start":{"line":70,"column":36},"end":{"line":104,"column":3}},"line":70},"7":{"name":"(anonymous_7)","decl":{"start":{"line":80,"column":34},"end":{"line":80,"column":35}},"loc":{"start":{"line":80,"column":41},"end":{"line":80,"column":51}},"line":80},"8":{"name":"(anonymous_8)","decl":{"start":{"line":106,"column":31},"end":{"line":106,"column":32}},"loc":{"start":{"line":106,"column":64},"end":{"line":117,"column":3}},"line":106},"9":{"name":"(anonymous_9)","decl":{"start":{"line":119,"column":27},"end":{"line":119,"column":28}},"loc":{"start":{"line":119,"column":45},"end":{"line":126,"column":3}},"line":119},"10":{"name":"(anonymous_10)","decl":{"start":{"line":128,"column":30},"end":{"line":128,"column":31}},"loc":{"start":{"line":128,"column":61},"end":{"line":140,"column":3}},"line":128},"11":{"name":"(anonymous_11)","decl":{"start":{"line":142,"column":17},"end":{"line":142,"column":18}},"loc":{"start":{"line":142,"column":23},"end":{"line":150,"column":3}},"line":142},"12":{"name":"(anonymous_12)","decl":{"start":{"line":144,"column":17},"end":{"line":144,"column":18}},"loc":{"start":{"line":144,"column":26},"end":{"line":147,"column":7}},"line":144},"13":{"name":"(anonymous_13)","decl":{"start":{"line":152,"column":20},"end":{"line":152,"column":21}},"loc":{"start":{"line":152,"column":37},"end":{"line":157,"column":3}},"line":152},"14":{"name":"(anonymous_14)","decl":{"start":{"line":153,"column":15},"end":{"line":153,"column":16}},"loc":{"start":{"line":153,"column":24},"end":{"line":156,"column":5}},"line":153},"15":{"name":"(anonymous_15)","decl":{"start":{"line":155,"column":29},"end":{"line":155,"column":30}},"loc":{"start":{"line":155,"column":36},"end":{"line":155,"column":55}},"line":155},"16":{"name":"(anonymous_16)","decl":{"start":{"line":159,"column":28},"end":{"line":159,"column":29}},"loc":{"start":{"line":159,"column":45},"end":{"line":167,"column":3}},"line":159},"17":{"name":"(anonymous_17)","decl":{"start":{"line":169,"column":29},"end":{"line":169,"column":30}},"loc":{"start":{"line":169,"column":46},"end":{"line":181,"column":3}},"line":169},"18":{"name":"(anonymous_18)","decl":{"start":{"line":175,"column":17},"end":{"line":175,"column":18}},"loc":{"start":{"line":175,"column":26},"end":{"line":179,"column":7}},"line":175},"19":{"name":"(anonymous_19)","decl":{"start":{"line":183,"column":28},"end":{"line":183,"column":29}},"loc":{"start":{"line":183,"column":45},"end":{"line":210,"column":3}},"line":183},"20":{"name":"(anonymous_20)","decl":{"start":{"line":212,"column":37},"end":{"line":212,"column":38}},"loc":{"start":{"line":212,"column":45},"end":{"line":223,"column":3}},"line":212},"21":{"name":"(anonymous_21)","decl":{"start":{"line":232,"column":27},"end":{"line":232,"column":28}},"loc":{"start":{"line":233,"column":14},"end":{"line":233,"column":70}},"line":233},"22":{"name":"(anonymous_22)","decl":{"start":{"line":248,"column":21},"end":{"line":248,"column":22}},"loc":{"start":{"line":248,"column":27},"end":{"line":248,"column":51}},"line":248},"23":{"name":"(anonymous_23)","decl":{"start":{"line":279,"column":24},"end":{"line":279,"column":25}},"loc":{"start":{"line":279,"column":31},"end":{"line":279,"column":87}},"line":279},"24":{"name":"(anonymous_24)","decl":{"start":{"line":279,"column":42},"end":{"line":279,"column":43}},"loc":{"start":{"line":279,"column":51},"end":{"line":279,"column":85}},"line":279},"25":{"name":"(anonymous_25)","decl":{"start":{"line":293,"column":24},"end":{"line":293,"column":25}},"loc":{"start":{"line":293,"column":31},"end":{"line":293,"column":90}},"line":293},"26":{"name":"(anonymous_26)","decl":{"start":{"line":293,"column":42},"end":{"line":293,"column":43}},"loc":{"start":{"line":293,"column":51},"end":{"line":293,"column":88}},"line":293},"27":{"name":"(anonymous_27)","decl":{"start":{"line":310,"column":22},"end":{"line":310,"column":23}},"loc":{"start":{"line":310,"column":29},"end":{"line":310,"column":91}},"line":310},"28":{"name":"(anonymous_28)","decl":{"start":{"line":310,"column":40},"end":{"line":310,"column":41}},"loc":{"start":{"line":310,"column":49},"end":{"line":310,"column":89}},"line":310},"29":{"name":"(anonymous_29)","decl":{"start":{"line":326,"column":25},"end":{"line":326,"column":26}},"loc":{"start":{"line":326,"column":31},"end":{"line":326,"column":50}},"line":326},"30":{"name":"(anonymous_30)","decl":{"start":{"line":342,"column":27},"end":{"line":342,"column":28}},"loc":{"start":{"line":342,"column":33},"end":{"line":342,"column":103}},"line":342},"31":{"name":"(anonymous_31)","decl":{"start":{"line":342,"column":44},"end":{"line":342,"column":45}},"loc":{"start":{"line":342,"column":53},"end":{"line":342,"column":101}},"line":342},"32":{"name":"(anonymous_32)","decl":{"start":{"line":368,"column":26},"end":{"line":368,"column":27}},"loc":{"start":{"line":368,"column":33},"end":{"line":368,"column":58}},"line":368},"33":{"name":"(anonymous_33)","decl":{"start":{"line":369,"column":28},"end":{"line":369,"column":29}},"loc":{"start":{"line":369,"column":35},"end":{"line":369,"column":86}},"line":369},"34":{"name":"(anonymous_34)","decl":{"start":{"line":383,"column":34},"end":{"line":383,"column":35}},"loc":{"start":{"line":384,"column":18},"end":{"line":396,"column":25}},"line":384},"35":{"name":"(anonymous_35)","decl":{"start":{"line":391,"column":31},"end":{"line":391,"column":32}},"loc":{"start":{"line":391,"column":37},"end":{"line":391,"column":51}},"line":391},"36":{"name":"(anonymous_36)","decl":{"start":{"line":414,"column":68},"end":{"line":414,"column":69}},"loc":{"start":{"line":415,"column":10},"end":{"line":429,"column":19}},"line":415},"37":{"name":"(anonymous_37)","decl":{"start":{"line":417,"column":21},"end":{"line":417,"column":22}},"loc":{"start":{"line":417,"column":27},"end":{"line":417,"column":48}},"line":417},"38":{"name":"(anonymous_38)","decl":{"start":{"line":444,"column":29},"end":{"line":444,"column":30}},"loc":{"start":{"line":444,"column":39},"end":{"line":546,"column":11}},"line":444},"39":{"name":"(anonymous_39)","decl":{"start":{"line":462,"column":34},"end":{"line":462,"column":35}},"loc":{"start":{"line":462,"column":40},"end":{"line":462,"column":85}},"line":462},"40":{"name":"(anonymous_40)","decl":{"start":{"line":499,"column":39},"end":{"line":499,"column":40}},"loc":{"start":{"line":500,"column":26},"end":{"line":505,"column":33}},"line":500},"41":{"name":"(anonymous_41)","decl":{"start":{"line":523,"column":31},"end":{"line":523,"column":32}},"loc":{"start":{"line":523,"column":37},"end":{"line":523,"column":60}},"line":523},"42":{"name":"(anonymous_42)","decl":{"start":{"line":534,"column":31},"end":{"line":534,"column":32}},"loc":{"start":{"line":534,"column":37},"end":{"line":534,"column":62}},"line":534},"43":{"name":"(anonymous_43)","decl":{"start":{"line":564,"column":17},"end":{"line":564,"column":18}},"loc":{"start":{"line":564,"column":23},"end":{"line":564,"column":50}},"line":564}},"branchMap":{"0":{"loc":{"start":{"line":26,"column":4},"end":{"line":26,"column":29}},"type":"if","locations":[{"start":{"line":26,"column":4},"end":{"line":26,"column":29}},{"start":{},"end":{}}],"line":26},"1":{"loc":{"start":{"line":47,"column":23},"end":{"line":47,"column":69}},"type":"binary-expr","locations":[{"start":{"line":47,"column":23},"end":{"line":47,"column":55}},{"start":{"line":47,"column":59},"end":{"line":47,"column":69}}],"line":47},"2":{"loc":{"start":{"line":48,"column":23},"end":{"line":48,"column":69}},"type":"binary-expr","locations":[{"start":{"line":48,"column":23},"end":{"line":48,"column":55}},{"start":{"line":48,"column":59},"end":{"line":48,"column":69}}],"line":48},"3":{"loc":{"start":{"line":49,"column":25},"end":{"line":49,"column":89}},"type":"cond-expr","locations":[{"start":{"line":49,"column":50},"end":{"line":49,"column":82}},{"start":{"line":49,"column":85},"end":{"line":49,"column":89}}],"line":49},"4":{"loc":{"start":{"line":73,"column":4},"end":{"line":73,"column":38}},"type":"if","locations":[{"start":{"line":73,"column":4},"end":{"line":73,"column":38}},{"start":{},"end":{}}],"line":73},"5":{"loc":{"start":{"line":78,"column":21},"end":{"line":78,"column":54}},"type":"binary-expr","locations":[{"start":{"line":78,"column":21},"end":{"line":78,"column":48}},{"start":{"line":78,"column":52},"end":{"line":78,"column":54}}],"line":78},"6":{"loc":{"start":{"line":143,"column":4},"end":{"line":149,"column":5}},"type":"if","locations":[{"start":{"line":143,"column":4},"end":{"line":149,"column":5}},{"start":{},"end":{}}],"line":143},"7":{"loc":{"start":{"line":143,"column":8},"end":{"line":143,"column":62}},"type":"binary-expr","locations":[{"start":{"line":143,"column":8},"end":{"line":143,"column":21}},{"start":{"line":143,"column":25},"end":{"line":143,"column":62}}],"line":143},"8":{"loc":{"start":{"line":159,"column":29},"end":{"line":159,"column":40}},"type":"default-arg","locations":[{"start":{"line":159,"column":36},"end":{"line":159,"column":40}}],"line":159},"9":{"loc":{"start":{"line":160,"column":4},"end":{"line":166,"column":5}},"type":"if","locations":[{"start":{"line":160,"column":4},"end":{"line":166,"column":5}},{"start":{"line":163,"column":11},"end":{"line":166,"column":5}}],"line":160},"10":{"loc":{"start":{"line":170,"column":4},"end":{"line":180,"column":5}},"type":"if","locations":[{"start":{"line":170,"column":4},"end":{"line":180,"column":5}},{"start":{"line":173,"column":11},"end":{"line":180,"column":5}}],"line":170},"11":{"loc":{"start":{"line":184,"column":4},"end":{"line":184,"column":34}},"type":"if","locations":[{"start":{"line":184,"column":4},"end":{"line":184,"column":34}},{"start":{},"end":{}}],"line":184},"12":{"loc":{"start":{"line":195,"column":4},"end":{"line":207,"column":5}},"type":"if","locations":[{"start":{"line":195,"column":4},"end":{"line":207,"column":5}},{"start":{"line":198,"column":11},"end":{"line":207,"column":5}}],"line":195},"13":{"loc":{"start":{"line":198,"column":11},"end":{"line":207,"column":5}},"type":"if","locations":[{"start":{"line":198,"column":11},"end":{"line":207,"column":5}},{"start":{"line":201,"column":11},"end":{"line":207,"column":5}}],"line":198},"14":{"loc":{"start":{"line":201,"column":11},"end":{"line":207,"column":5}},"type":"if","locations":[{"start":{"line":201,"column":11},"end":{"line":207,"column":5}},{"start":{"line":204,"column":11},"end":{"line":207,"column":5}}],"line":201},"15":{"loc":{"start":{"line":213,"column":4},"end":{"line":213,"column":52}},"type":"if","locations":[{"start":{"line":213,"column":4},"end":{"line":213,"column":52}},{"start":{},"end":{}}],"line":213},"16":{"loc":{"start":{"line":214,"column":4},"end":{"line":214,"column":54}},"type":"if","locations":[{"start":{"line":214,"column":4},"end":{"line":214,"column":54}},{"start":{},"end":{}}],"line":214},"17":{"loc":{"start":{"line":215,"column":4},"end":{"line":215,"column":116}},"type":"if","locations":[{"start":{"line":215,"column":4},"end":{"line":215,"column":116}},{"start":{},"end":{}}],"line":215},"18":{"loc":{"start":{"line":215,"column":37},"end":{"line":215,"column":115}},"type":"binary-expr","locations":[{"start":{"line":215,"column":37},"end":{"line":215,"column":53}},{"start":{"line":215,"column":57},"end":{"line":215,"column":96}},{"start":{"line":215,"column":100},"end":{"line":215,"column":115}}],"line":215},"19":{"loc":{"start":{"line":216,"column":4},"end":{"line":221,"column":5}},"type":"if","locations":[{"start":{"line":216,"column":4},"end":{"line":221,"column":5}},{"start":{},"end":{}}],"line":216},"20":{"loc":{"start":{"line":218,"column":13},"end":{"line":220,"column":28}},"type":"binary-expr","locations":[{"start":{"line":218,"column":13},"end":{"line":218,"column":29}},{"start":{"line":219,"column":13},"end":{"line":219,"column":79}},{"start":{"line":220,"column":13},"end":{"line":220,"column":28}}],"line":218},"21":{"loc":{"start":{"line":225,"column":2},"end":{"line":239,"column":3}},"type":"if","locations":[{"start":{"line":225,"column":2},"end":{"line":239,"column":3}},{"start":{},"end":{}}],"line":225},"22":{"loc":{"start":{"line":241,"column":2},"end":{"line":256,"column":3}},"type":"if","locations":[{"start":{"line":241,"column":2},"end":{"line":256,"column":3}},{"start":{},"end":{}}],"line":241},"23":{"loc":{"start":{"line":328,"column":18},"end":{"line":330,"column":79}},"type":"cond-expr","locations":[{"start":{"line":329,"column":22},"end":{"line":329,"column":86}},{"start":{"line":330,"column":22},"end":{"line":330,"column":79}}],"line":328},"24":{"loc":{"start":{"line":333,"column":17},"end":{"line":336,"column":34}},"type":"cond-expr","locations":[{"start":{"line":334,"column":20},"end":{"line":335,"column":112}},{"start":{"line":336,"column":20},"end":{"line":336,"column":34}}],"line":333},"25":{"loc":{"start":{"line":339,"column":15},"end":{"line":350,"column":15}},"type":"binary-expr","locations":[{"start":{"line":339,"column":15},"end":{"line":339,"column":34}},{"start":{"line":340,"column":16},"end":{"line":349,"column":25}}],"line":339},"26":{"loc":{"start":{"line":352,"column":13},"end":{"line":356,"column":13}},"type":"binary-expr","locations":[{"start":{"line":352,"column":13},"end":{"line":352,"column":40}},{"start":{"line":353,"column":14},"end":{"line":355,"column":18}}],"line":352},"27":{"loc":{"start":{"line":354,"column":27},"end":{"line":354,"column":98}},"type":"cond-expr","locations":[{"start":{"line":354,"column":59},"end":{"line":354,"column":67}},{"start":{"line":354,"column":70},"end":{"line":354,"column":98}}],"line":354},"28":{"loc":{"start":{"line":369,"column":35},"end":{"line":369,"column":86}},"type":"binary-expr","locations":[{"start":{"line":369,"column":35},"end":{"line":369,"column":52}},{"start":{"line":369,"column":57},"end":{"line":369,"column":85}}],"line":369},"29":{"loc":{"start":{"line":381,"column":13},"end":{"line":399,"column":13}},"type":"binary-expr","locations":[{"start":{"line":381,"column":13},"end":{"line":381,"column":36}},{"start":{"line":382,"column":14},"end":{"line":398,"column":20}}],"line":381},"30":{"loc":{"start":{"line":419,"column":14},"end":{"line":421,"column":63}},"type":"cond-expr","locations":[{"start":{"line":420,"column":18},"end":{"line":420,"column":42}},{"start":{"line":421,"column":18},"end":{"line":421,"column":63}}],"line":419},"31":{"loc":{"start":{"line":424,"column":13},"end":{"line":424,"column":42}},"type":"binary-expr","locations":[{"start":{"line":424,"column":13},"end":{"line":424,"column":33}},{"start":{"line":424,"column":37},"end":{"line":424,"column":42}}],"line":424},"32":{"loc":{"start":{"line":425,"column":13},"end":{"line":425,"column":48}},"type":"binary-expr","locations":[{"start":{"line":425,"column":13},"end":{"line":425,"column":36}},{"start":{"line":425,"column":40},"end":{"line":425,"column":48}}],"line":425},"33":{"loc":{"start":{"line":426,"column":13},"end":{"line":426,"column":54}},"type":"binary-expr","locations":[{"start":{"line":426,"column":13},"end":{"line":426,"column":39}},{"start":{"line":426,"column":43},"end":{"line":426,"column":54}}],"line":426},"34":{"loc":{"start":{"line":427,"column":13},"end":{"line":427,"column":50}},"type":"binary-expr","locations":[{"start":{"line":427,"column":13},"end":{"line":427,"column":37}},{"start":{"line":427,"column":41},"end":{"line":427,"column":50}}],"line":427},"35":{"loc":{"start":{"line":428,"column":13},"end":{"line":428,"column":54}},"type":"binary-expr","locations":[{"start":{"line":428,"column":13},"end":{"line":428,"column":39}},{"start":{"line":428,"column":43},"end":{"line":428,"column":54}}],"line":428},"36":{"loc":{"start":{"line":434,"column":7},"end":{"line":548,"column":7}},"type":"cond-expr","locations":[{"start":{"line":435,"column":8},"end":{"line":441,"column":14}},{"start":{"line":443,"column":8},"end":{"line":547,"column":14}}],"line":434},"37":{"loc":{"start":{"line":437,"column":13},"end":{"line":439,"column":37}},"type":"cond-expr","locations":[{"start":{"line":438,"column":16},"end":{"line":438,"column":60}},{"start":{"line":439,"column":16},"end":{"line":439,"column":37}}],"line":437},"38":{"loc":{"start":{"line":451,"column":18},"end":{"line":453,"column":64}},"type":"cond-expr","locations":[{"start":{"line":452,"column":22},"end":{"line":452,"column":52}},{"start":{"line":453,"column":22},"end":{"line":453,"column":64}}],"line":451},"39":{"loc":{"start":{"line":466,"column":24},"end":{"line":466,"column":88}},"type":"cond-expr","locations":[{"start":{"line":466,"column":41},"end":{"line":466,"column":70}},{"start":{"line":466,"column":73},"end":{"line":466,"column":88}}],"line":466},"40":{"loc":{"start":{"line":471,"column":24},"end":{"line":473,"column":53}},"type":"cond-expr","locations":[{"start":{"line":471,"column":51},"end":{"line":471,"column":76}},{"start":{"line":472,"column":24},"end":{"line":473,"column":53}}],"line":471},"41":{"loc":{"start":{"line":472,"column":24},"end":{"line":473,"column":53}},"type":"cond-expr","locations":[{"start":{"line":472,"column":53},"end":{"line":472,"column":84}},{"start":{"line":473,"column":24},"end":{"line":473,"column":53}}],"line":472},"42":{"loc":{"start":{"line":479,"column":21},"end":{"line":485,"column":21}},"type":"binary-expr","locations":[{"start":{"line":479,"column":21},"end":{"line":479,"column":37}},{"start":{"line":480,"column":22},"end":{"line":484,"column":26}}],"line":479},"43":{"loc":{"start":{"line":481,"column":24},"end":{"line":481,"column":75}},"type":"cond-expr","locations":[{"start":{"line":481,"column":41},"end":{"line":481,"column":57}},{"start":{"line":481,"column":60},"end":{"line":481,"column":75}}],"line":481},"44":{"loc":{"start":{"line":488,"column":21},"end":{"line":495,"column":21}},"type":"binary-expr","locations":[{"start":{"line":488,"column":21},"end":{"line":488,"column":35}},{"start":{"line":489,"column":22},"end":{"line":494,"column":28}}],"line":488},"45":{"loc":{"start":{"line":497,"column":21},"end":{"line":508,"column":21}},"type":"binary-expr","locations":[{"start":{"line":497,"column":21},"end":{"line":497,"column":41}},{"start":{"line":498,"column":22},"end":{"line":507,"column":28}}],"line":497},"46":{"loc":{"start":{"line":512,"column":23},"end":{"line":516,"column":23}},"type":"binary-expr","locations":[{"start":{"line":512,"column":23},"end":{"line":512,"column":56}},{"start":{"line":513,"column":24},"end":{"line":515,"column":31}}],"line":512},"47":{"loc":{"start":{"line":566,"column":25},"end":{"line":566,"column":69}},"type":"cond-expr","locations":[{"start":{"line":566,"column":39},"end":{"line":566,"column":62}},{"start":{"line":566,"column":65},"end":{"line":566,"column":69}}],"line":566}},"s":{"0":1,"1":8,"2":8,"3":8,"4":8,"5":8,"6":8,"7":8,"8":8,"9":8,"10":8,"11":4,"12":0,"13":4,"14":4,"15":4,"16":4,"17":4,"18":4,"19":4,"20":4,"21":8,"22":4,"23":4,"24":0,"25":0,"26":0,"27":4,"28":4,"29":0,"30":0,"31":0,"32":8,"33":0,"34":0,"35":0,"36":0,"37":0,"38":0,"39":0,"40":0,"41":0,"42":0,"43":8,"44":0,"45":0,"46":0,"47":0,"48":0,"49":8,"50":0,"51":0,"52":0,"53":0,"54":8,"55":0,"56":0,"57":0,"58":0,"59":0,"60":8,"61":0,"62":0,"63":0,"64":0,"65":8,"66":0,"67":0,"68":0,"69":8,"70":0,"71":0,"72":0,"73":0,"74":0,"75":8,"76":0,"77":0,"78":0,"79":0,"80":8,"81":8,"82":8,"83":0,"84":0,"85":0,"86":0,"87":0,"88":0,"89":0,"90":0,"91":0,"92":0,"93":0,"94":0,"95":0,"96":0,"97":0,"98":0,"99":0,"100":0,"101":0,"102":8,"103":8,"104":0,"105":8,"106":0,"107":8,"108":0,"109":8,"110":0,"111":0,"112":8,"113":8,"114":4,"115":12,"116":4,"117":0,"118":0,"119":4,"120":0,"121":0,"122":0,"123":0,"124":0,"125":0,"126":0,"127":0,"128":0,"129":0,"130":0,"131":0,"132":0,"133":20,"134":0,"135":8,"136":8,"137":0,"138":8,"139":0,"140":0,"141":0},"f":{"0":8,"1":4,"2":4,"3":8,"4":0,"5":4,"6":0,"7":0,"8":0,"9":0,"10":0,"11":0,"12":0,"13":0,"14":0,"15":0,"16":0,"17":0,"18":0,"19":8,"20":8,"21":12,"22":0,"23":0,"24":0,"25":0,"26":0,"27":0,"28":0,"29":0,"30":0,"31":0,"32":0,"33":0,"34":0,"35":0,"36":20,"37":0,"38":8,"39":0,"40":8,"41":0,"42":0,"43":0},"b":{"0":[0,4],"1":[8,8],"2":[8,8],"3":[0,8],"4":[0,0],"5":[0,0],"6":[0,0],"7":[0,0],"8":[0],"9":[0,0],"10":[0,0],"11":[8,0],"12":[0,0],"13":[0,0],"14":[0,0],"15":[0,8],"16":[0,8],"17":[0,8],"18":[0,0,0],"19":[0,8],"20":[0,0,0],"21":[4,4],"22":[0,4],"23":[0,4],"24":[0,4],"25":[4,0],"26":[4,0],"27":[0,0],"28":[0,0],"29":[4,0],"30":[4,16],"31":[20,4],"32":[20,4],"33":[20,4],"34":[20,4],"35":[20,4],"36":[0,4],"37":[0,0],"38":[4,4],"39":[4,4],"40":[4,4],"41":[4,0],"42":[8,8],"43":[4,4],"44":[8,0],"45":[8,4],"46":[8,8],"47":[0,4]},"_coverageSchema":"1a1c01bbd47fc00a2c39e90264f33305004495a9","hash":"6563b4621deccdc24ba07bb9f0e3b4e92c2b8ebd"}
,"/home/runner/work/firebase-todo-app/firebase-todo-app/src/components/TodoStats.jsx": {"path":"/home/runner/work/firebase-todo-app/firebase-todo-app/src/components/TodoStats.jsx","statementMap":{"0":{"start":{"line":6,"column":18},"end":{"line":339,"column":1}},"1":{"start":{"line":7,"column":26},"end":{"line":7,"column":35}},"2":{"start":{"line":8,"column":28},"end":{"line":16,"column":4}},"3":{"start":{"line":17,"column":32},"end":{"line":17,"column":46}},"4":{"start":{"line":18,"column":28},"end":{"line":18,"column":42}},"5":{"start":{"line":20,"column":2},"end":{"line":118,"column":24}},"6":{"start":{"line":21,"column":4},"end":{"line":21,"column":29}},"7":{"start":{"line":21,"column":22},"end":{"line":21,"column":29}},"8":{"start":{"line":23,"column":4},"end":{"line":23,"column":21}},"9":{"start":{"line":24,"column":4},"end":{"line":24,"column":19}},"10":{"start":{"line":26,"column":4},"end":{"line":117,"column":5}},"11":{"start":{"line":28,"column":23},"end":{"line":28,"column":46}},"12":{"start":{"line":29,"column":16},"end":{"line":33,"column":7}},"13":{"start":{"line":36,"column":26},"end":{"line":109,"column":8}},"14":{"start":{"line":37,"column":22},"end":{"line":37,"column":24}},"15":{"start":{"line":38,"column":8},"end":{"line":46,"column":11}},"16":{"start":{"line":39,"column":10},"end":{"line":45,"column":13}},"17":{"start":{"line":49,"column":22},"end":{"line":49,"column":34}},"18":{"start":{"line":50,"column":26},"end":{"line":50,"column":69}},"19":{"start":{"line":50,"column":47},"end":{"line":50,"column":61}},"20":{"start":{"line":51,"column":23},"end":{"line":51,"column":40}},"21":{"start":{"line":52,"column":31},"end":{"line":52,"column":84}},"22":{"start":{"line":55,"column":34},"end":{"line":59,"column":9}},"23":{"start":{"line":56,"column":36},"end":{"line":56,"column":59}},"24":{"start":{"line":57,"column":39},"end":{"line":57,"column":65}},"25":{"start":{"line":58,"column":37},"end":{"line":58,"column":61}},"26":{"start":{"line":62,"column":20},"end":{"line":62,"column":30}},"27":{"start":{"line":63,"column":22},"end":{"line":63,"column":80}},"28":{"start":{"line":64,"column":25},"end":{"line":64,"column":40}},"29":{"start":{"line":65,"column":8},"end":{"line":65,"column":49}},"30":{"start":{"line":67,"column":33},"end":{"line":89,"column":9}},"31":{"start":{"line":69,"column":12},"end":{"line":71,"column":44}},"32":{"start":{"line":74,"column":12},"end":{"line":76,"column":76}},"33":{"start":{"line":79,"column":12},"end":{"line":81,"column":81}},"34":{"start":{"line":84,"column":12},"end":{"line":86,"column":49}},"35":{"start":{"line":88,"column":42},"end":{"line":88,"column":59}},"36":{"start":{"line":92,"column":31},"end":{"line":92,"column":48}},"37":{"start":{"line":94,"column":8},"end":{"line":102,"column":11}},"38":{"start":{"line":104,"column":8},"end":{"line":104,"column":26}},"39":{"start":{"line":106,"column":8},"end":{"line":106,"column":58}},"40":{"start":{"line":107,"column":8},"end":{"line":107,"column":56}},"41":{"start":{"line":108,"column":8},"end":{"line":108,"column":26}},"42":{"start":{"line":112,"column":6},"end":{"line":112,"column":33}},"43":{"start":{"line":112,"column":19},"end":{"line":112,"column":32}},"44":{"start":{"line":114,"column":6},"end":{"line":114,"column":67}},"45":{"start":{"line":115,"column":6},"end":{"line":115,"column":53}},"46":{"start":{"line":116,"column":6},"end":{"line":116,"column":24}},"47":{"start":{"line":120,"column":2},"end":{"line":134,"column":3}},"48":{"start":{"line":121,"column":4},"end":{"line":133,"column":6}},"49":{"start":{"line":136,"column":2},"end":{"line":151,"column":3}},"50":{"start":{"line":137,"column":4},"end":{"line":150,"column":6}},"51":{"start":{"line":143,"column":27},"end":{"line":143,"column":51}},"52":{"start":{"line":153,"column":2},"end":{"line":338,"column":4}},"53":{"start":{"line":254,"column":39},"end":{"line":267,"column":15}},"54":{"start":{"line":255,"column":16},"end":{"line":255,"column":89}},"55":{"start":{"line":255,"column":34},"end":{"line":255,"column":89}},"56":{"start":{"line":257,"column":28},"end":{"line":257,"column":38}},"57":{"start":{"line":258,"column":32},"end":{"line":258,"column":53}},"58":{"start":{"line":259,"column":31},"end":{"line":259,"column":44}},"59":{"start":{"line":260,"column":32},"end":{"line":260,"column":77}},"60":{"start":{"line":261,"column":35},"end":{"line":261,"column":111}},"61":{"start":{"line":263,"column":16},"end":{"line":263,"column":78}},"62":{"start":{"line":263,"column":28},"end":{"line":263,"column":78}},"63":{"start":{"line":264,"column":16},"end":{"line":264,"column":84}},"64":{"start":{"line":264,"column":29},"end":{"line":264,"column":84}},"65":{"start":{"line":265,"column":16},"end":{"line":265,"column":88}},"66":{"start":{"line":265,"column":32},"end":{"line":265,"column":88}},"67":{"start":{"line":266,"column":16},"end":{"line":266,"column":70}},"68":{"start":{"line":269,"column":36},"end":{"line":269,"column":70}},"69":{"start":{"line":271,"column":14},"end":{"line":317,"column":16}}},"fnMap":{"0":{"name":"(anonymous_0)","decl":{"start":{"line":6,"column":18},"end":{"line":6,"column":19}},"loc":{"start":{"line":6,"column":24},"end":{"line":339,"column":1}},"line":6},"1":{"name":"(anonymous_1)","decl":{"start":{"line":20,"column":12},"end":{"line":20,"column":13}},"loc":{"start":{"line":20,"column":18},"end":{"line":118,"column":3}},"line":20},"2":{"name":"(anonymous_2)","decl":{"start":{"line":36,"column":40},"end":{"line":36,"column":41}},"loc":{"start":{"line":36,"column":54},"end":{"line":105,"column":7}},"line":36},"3":{"name":"(anonymous_3)","decl":{"start":{"line":38,"column":25},"end":{"line":38,"column":26}},"loc":{"start":{"line":38,"column":34},"end":{"line":46,"column":9}},"line":38},"4":{"name":"(anonymous_4)","decl":{"start":{"line":50,"column":39},"end":{"line":50,"column":40}},"loc":{"start":{"line":50,"column":47},"end":{"line":50,"column":61}},"line":50},"5":{"name":"(anonymous_5)","decl":{"start":{"line":56,"column":28},"end":{"line":56,"column":29}},"loc":{"start":{"line":56,"column":36},"end":{"line":56,"column":59}},"line":56},"6":{"name":"(anonymous_6)","decl":{"start":{"line":57,"column":31},"end":{"line":57,"column":32}},"loc":{"start":{"line":57,"column":39},"end":{"line":57,"column":65}},"line":57},"7":{"name":"(anonymous_7)","decl":{"start":{"line":58,"column":29},"end":{"line":58,"column":30}},"loc":{"start":{"line":58,"column":37},"end":{"line":58,"column":61}},"line":58},"8":{"name":"(anonymous_8)","decl":{"start":{"line":68,"column":32},"end":{"line":68,"column":33}},"loc":{"start":{"line":69,"column":12},"end":{"line":71,"column":44}},"line":69},"9":{"name":"(anonymous_9)","decl":{"start":{"line":73,"column":33},"end":{"line":73,"column":34}},"loc":{"start":{"line":74,"column":12},"end":{"line":76,"column":76}},"line":74},"10":{"name":"(anonymous_10)","decl":{"start":{"line":78,"column":36},"end":{"line":78,"column":37}},"loc":{"start":{"line":79,"column":12},"end":{"line":81,"column":81}},"line":79},"11":{"name":"(anonymous_11)","decl":{"start":{"line":83,"column":33},"end":{"line":83,"column":34}},"loc":{"start":{"line":84,"column":12},"end":{"line":86,"column":49}},"line":84},"12":{"name":"(anonymous_12)","decl":{"start":{"line":88,"column":34},"end":{"line":88,"column":35}},"loc":{"start":{"line":88,"column":42},"end":{"line":88,"column":59}},"line":88},"13":{"name":"(anonymous_13)","decl":{"start":{"line":105,"column":9},"end":{"line":105,"column":10}},"loc":{"start":{"line":105,"column":20},"end":{"line":109,"column":7}},"line":105},"14":{"name":"(anonymous_14)","decl":{"start":{"line":112,"column":13},"end":{"line":112,"column":14}},"loc":{"start":{"line":112,"column":19},"end":{"line":112,"column":32}},"line":112},"15":{"name":"(anonymous_15)","decl":{"start":{"line":143,"column":21},"end":{"line":143,"column":22}},"loc":{"start":{"line":143,"column":27},"end":{"line":143,"column":51}},"line":143},"16":{"name":"(anonymous_16)","decl":{"start":{"line":253,"column":38},"end":{"line":253,"column":39}},"loc":{"start":{"line":253,"column":48},"end":{"line":318,"column":13}},"line":253},"17":{"name":"(anonymous_17)","decl":{"start":{"line":254,"column":39},"end":{"line":254,"column":40}},"loc":{"start":{"line":254,"column":56},"end":{"line":267,"column":15}},"line":254}},"branchMap":{"0":{"loc":{"start":{"line":21,"column":4},"end":{"line":21,"column":29}},"type":"if","locations":[{"start":{"line":21,"column":4},"end":{"line":21,"column":29}},{"start":{},"end":{}}],"line":21},"1":{"loc":{"start":{"line":42,"column":23},"end":{"line":42,"column":69}},"type":"binary-expr","locations":[{"start":{"line":42,"column":23},"end":{"line":42,"column":55}},{"start":{"line":42,"column":59},"end":{"line":42,"column":69}}],"line":42},"2":{"loc":{"start":{"line":43,"column":23},"end":{"line":43,"column":69}},"type":"binary-expr","locations":[{"start":{"line":43,"column":23},"end":{"line":43,"column":55}},{"start":{"line":43,"column":59},"end":{"line":43,"column":69}}],"line":43},"3":{"loc":{"start":{"line":44,"column":25},"end":{"line":44,"column":89}},"type":"cond-expr","locations":[{"start":{"line":44,"column":50},"end":{"line":44,"column":82}},{"start":{"line":44,"column":85},"end":{"line":44,"column":89}}],"line":44},"4":{"loc":{"start":{"line":52,"column":31},"end":{"line":52,"column":84}},"type":"cond-expr","locations":[{"start":{"line":52,"column":43},"end":{"line":52,"column":80}},{"start":{"line":52,"column":83},"end":{"line":52,"column":84}}],"line":52},"5":{"loc":{"start":{"line":69,"column":12},"end":{"line":71,"column":44}},"type":"binary-expr","locations":[{"start":{"line":69,"column":12},"end":{"line":69,"column":27}},{"start":{"line":70,"column":12},"end":{"line":70,"column":28}},{"start":{"line":71,"column":12},"end":{"line":71,"column":44}}],"line":69},"6":{"loc":{"start":{"line":74,"column":12},"end":{"line":76,"column":76}},"type":"binary-expr","locations":[{"start":{"line":74,"column":12},"end":{"line":74,"column":27}},{"start":{"line":75,"column":12},"end":{"line":75,"column":28}},{"start":{"line":76,"column":12},"end":{"line":76,"column":76}}],"line":74},"7":{"loc":{"start":{"line":79,"column":12},"end":{"line":81,"column":81}},"type":"binary-expr","locations":[{"start":{"line":79,"column":12},"end":{"line":79,"column":27}},{"start":{"line":80,"column":12},"end":{"line":80,"column":28}},{"start":{"line":81,"column":12},"end":{"line":81,"column":81}}],"line":79},"8":{"loc":{"start":{"line":84,"column":12},"end":{"line":86,"column":49}},"type":"binary-expr","locations":[{"start":{"line":84,"column":12},"end":{"line":84,"column":27}},{"start":{"line":85,"column":12},"end":{"line":85,"column":28}},{"start":{"line":86,"column":12},"end":{"line":86,"column":49}}],"line":84},"9":{"loc":{"start":{"line":120,"column":2},"end":{"line":134,"column":3}},"type":"if","locations":[{"start":{"line":120,"column":2},"end":{"line":134,"column":3}},{"start":{},"end":{}}],"line":120},"10":{"loc":{"start":{"line":136,"column":2},"end":{"line":151,"column":3}},"type":"if","locations":[{"start":{"line":136,"column":2},"end":{"line":151,"column":3}},{"start":{},"end":{}}],"line":136},"11":{"loc":{"start":{"line":251,"column":9},"end":{"line":324,"column":9}},"type":"cond-expr","locations":[{"start":{"line":252,"column":10},"end":{"line":319,"column":16}},{"start":{"line":321,"column":10},"end":{"line":323,"column":16}}],"line":251},"12":{"loc":{"start":{"line":255,"column":16},"end":{"line":255,"column":89}},"type":"if","locations":[{"start":{"line":255,"column":16},"end":{"line":255,"column":89}},{"start":{},"end":{}}],"line":255},"13":{"loc":{"start":{"line":263,"column":16},"end":{"line":263,"column":78}},"type":"if","locations":[{"start":{"line":263,"column":16},"end":{"line":263,"column":78}},{"start":{},"end":{}}],"line":263},"14":{"loc":{"start":{"line":264,"column":16},"end":{"line":264,"column":84}},"type":"if","locations":[{"start":{"line":264,"column":16},"end":{"line":264,"column":84}},{"start":{},"end":{}}],"line":264},"15":{"loc":{"start":{"line":265,"column":16},"end":{"line":265,"column":88}},"type":"if","locations":[{"start":{"line":265,"column":16},"end":{"line":265,"column":88}},{"start":{},"end":{}}],"line":265},"16":{"loc":{"start":{"line":275,"column":20},"end":{"line":277,"column":52}},"type":"cond-expr","locations":[{"start":{"line":276,"column":24},"end":{"line":276,"column":54}},{"start":{"line":277,"column":24},"end":{"line":277,"column":52}}],"line":275},"17":{"loc":{"start":{"line":283,"column":24},"end":{"line":283,"column":88}},"type":"cond-expr","locations":[{"start":{"line":283,"column":41},"end":{"line":283,"column":70}},{"start":{"line":283,"column":73},"end":{"line":283,"column":88}}],"line":283},"18":{"loc":{"start":{"line":287,"column":23},"end":{"line":293,"column":23}},"type":"binary-expr","locations":[{"start":{"line":287,"column":23},"end":{"line":287,"column":39}},{"start":{"line":288,"column":24},"end":{"line":292,"column":28}}],"line":287},"19":{"loc":{"start":{"line":289,"column":26},"end":{"line":289,"column":77}},"type":"cond-expr","locations":[{"start":{"line":289,"column":43},"end":{"line":289,"column":59}},{"start":{"line":289,"column":62},"end":{"line":289,"column":77}}],"line":289},"20":{"loc":{"start":{"line":296,"column":26},"end":{"line":298,"column":55}},"type":"cond-expr","locations":[{"start":{"line":296,"column":53},"end":{"line":296,"column":78}},{"start":{"line":297,"column":26},"end":{"line":298,"column":55}}],"line":296},"21":{"loc":{"start":{"line":297,"column":26},"end":{"line":298,"column":55}},"type":"cond-expr","locations":[{"start":{"line":297,"column":55},"end":{"line":297,"column":86}},{"start":{"line":298,"column":26},"end":{"line":298,"column":55}}],"line":297},"22":{"loc":{"start":{"line":303,"column":26},"end":{"line":303,"column":102}},"type":"cond-expr","locations":[{"start":{"line":303,"column":43},"end":{"line":303,"column":72}},{"start":{"line":303,"column":75},"end":{"line":303,"column":102}}],"line":303},"23":{"loc":{"start":{"line":305,"column":27},"end":{"line":305,"column":66}},"type":"cond-expr","locations":[{"start":{"line":305,"column":44},"end":{"line":305,"column":55}},{"start":{"line":305,"column":58},"end":{"line":305,"column":66}}],"line":305}},"s":{"0":1,"1":14,"2":14,"3":14,"4":14,"5":14,"6":7,"7":0,"8":7,"9":7,"10":7,"11":7,"12":7,"13":7,"14":7,"15":7,"16":14,"17":7,"18":7,"19":14,"20":7,"21":7,"22":7,"23":14,"24":14,"25":14,"26":7,"27":7,"28":7,"29":7,"30":7,"31":14,"32":14,"33":14,"34":14,"35":14,"36":7,"37":7,"38":7,"39":0,"40":0,"41":0,"42":7,"43":7,"44":0,"45":0,"46":0,"47":14,"48":7,"49":7,"50":0,"51":0,"52":7,"53":14,"54":14,"55":14,"56":0,"57":0,"58":0,"59":0,"60":0,"61":0,"62":0,"63":0,"64":0,"65":0,"66":0,"67":0,"68":14,"69":14},"f":{"0":14,"1
[...]
,"/home/runner/work/firebase-todo-app/firebase-todo-app/src/services/todoService.js": {"path":"/home/runner/work/firebase-todo-app/firebase-todo-app/src/services/todoService.js","statementMap":{"0":{"start":{"line":16,"column":26},"end":{"line":40,"column":1}},"1":{"start":{"line":17,"column":2},"end":{"line":39,"column":3}},"2":{"start":{"line":18,"column":4},"end":{"line":18,"column":66}},"3":{"start":{"line":19,"column":4},"end":{"line":19,"column":46}},"4":{"start":{"line":21,"column":20},"end":{"line":27,"column":6}},"5":{"start":{"line":29,"column":4},"end":{"line":29,"column":66}},"6":{"start":{"line":30,"column":4},"end":{"line":30,"column":43}},"7":{"start":{"line":32,"column":4},"end":{"line":32,"column":49}},"8":{"start":{"line":33,"column":4},"end":{"line":37,"column":7}},"9":{"start":{"line":38,"column":4},"end":{"line":38,"column":16}},"10":{"start":{"line":43,"column":28},"end":{"line":76,"column":1}},"11":{"start":{"line":44,"column":2},"end":{"line":75,"column":3}},"12":{"start":{"line":45,"column":4},"end":{"line":45,"column":52}},"13":{"start":{"line":47,"column":14},"end":{"line":51,"column":5}},"14":{"start":{"line":53,"column":26},"end":{"line":53,"column":42}},"15":{"start":{"line":54,"column":18},"end":{"line":54,"column":20}},"16":{"start":{"line":56,"column":4},"end":{"line":63,"column":7}},"17":{"start":{"line":57,"column":6},"end":{"line":62,"column":9}},"18":{"start":{"line":65,"column":4},"end":{"line":65,"column":41}},"19":{"start":{"line":66,"column":4},"end":{"line":66,"column":17}},"20":{"start":{"line":68,"column":4},"end":{"line":68,"column":54}},"21":{"start":{"line":69,"column":4},"end":{"line":73,"column":7}},"22":{"start":{"line":74,"column":4},"end":{"line":74,"column":16}},"23":{"start":{"line":79,"column":26},"end":{"line":100,"column":1}},"24":{"start":{"line":80,"column":2},"end":{"line":99,"column":3}},"25":{"start":{"line":81,"column":4},"end":{"line":81,"column":55}},"26":{"start":{"line":83,"column":20},"end":{"line":83,"column":44}},"27":{"start":{"line":84,"column":4},"end":{"line":87,"column":7}},"28":{"start":{"line":89,"column":4},"end":{"line":89,"column":45}},"29":{"start":{"line":90,"column":4},"end":{"line":90,"column":38}},"30":{"start":{"line":92,"column":4},"end":{"line":92,"column":49}},"31":{"start":{"line":93,"column":4},"end":{"line":97,"column":7}},"32":{"start":{"line":98,"column":4},"end":{"line":98,"column":16}},"33":{"start":{"line":103,"column":26},"end":{"line":120,"column":1}},"34":{"start":{"line":104,"column":2},"end":{"line":119,"column":3}},"35":{"start":{"line":105,"column":4},"end":{"line":105,"column":42}},"36":{"start":{"line":107,"column":4},"end":{"line":107,"column":46}},"37":{"start":{"line":109,"column":4},"end":{"line":109,"column":45}},"38":{"start":{"line":110,"column":4},"end":{"line":110,"column":18}},"39":{"start":{"line":112,"column":4},"end":{"line":112,"column":49}},"40":{"start":{"line":113,"column":4},"end":{"line":117,"column":7}},"41":{"start":{"line":118,"column":4},"end":{"line":118,"column":16}},"42":{"start":{"line":123,"column":36},"end":{"line":144,"column":1}},"43":{"start":{"line":124,"column":2},"end":{"line":143,"column":3}},"44":{"start":{"line":125,"column":4},"end":{"line":125,"column":68}},"45":{"start":{"line":127,"column":20},"end":{"line":127,"column":44}},"46":{"start":{"line":128,"column":4},"end":{"line":131,"column":7}},"47":{"start":{"line":133,"column":4},"end":{"line":133,"column":56}},"48":{"start":{"line":134,"column":4},"end":{"line":134,"column":49}},"49":{"start":{"line":136,"column":4},"end":{"line":136,"column":60}},"50":{"start":{"line":137,"column":4},"end":{"line":141,"column":7}},"51":{"start":{"line":142,"column":4},"end":{"line":142,"column":16}}},"fnMap":{"0":{"name":"(anonymous_0)","decl":{"start":{"line":16,"column":26},"end":{"line":16,"column":27}},"loc":{"start":{"line":16,"column":54},"end":{"line":40,"column":1}},"line":16},"1":{"name":"(anonymous_1)","decl":{"start":{"line":43,"column":28},"end":{"line":43,"column":29}},"loc":{"start":{"line":43,"column":46},"end":{"line":76,"column":1}},"line":43},"2":{"name":"(anonymous_2)","decl":{"start":{"line":56,"column":26},"end":{"line":56,"column":27}},"loc":{"start":{"line":56,"column":35},"end":{"line":63,"column":5}},"line":56},"3":{"name":"(anonymous_3)","decl":{"start":{"line":79,"column":26},"end":{"line":79,"column":27}},"loc":{"start":{"line":79,"column":53},"end":{"line":100,"column":1}},"line":79},"4":{"name":"(anonymous_4)","decl":{"start":{"line":103,"column":26},"end":{"line":103,"column":27}},"loc":{"start":{"line":103,"column":44},"end":{"line":120,"column":1}},"line":103},"5":{"name":"(anonymous_5)","decl":{"start":{"line":123,"column":36},"end":{"line":123,"column":37}},"loc":{"start":{"line":123,"column":65},"end":{"line":144,"column":1}},"line":123}},"branchMap":{"0":{"loc":{"start":{"line":60,"column":19},"end":{"line":60,"column":65}},"type":"binary-expr","locations":[{"start":{"line":60,"column":19},"end":{"line":60,"column":51}},{"start":{"line":60,"column":55},"end":{"line":60,"column":65}}],"line":60},"1":{"loc":{"start":{"line":61,"column":19},"end":{"line":61,"column":65}},"type":"binary-expr","locations":[{"start":{"line":61,"column":19},"end":{"line":61,"column":51}},{"start":{"line":61,"column":55},"end":{"line":61,"column":65}}],"line":61}},"s":{"0":0,"1":0,"2":0,"3":0,"4":0,"5":0,"6":0,"7":0,"8":0,"9":0,"10":0,"11":0,"12":0,"13":0,"14":0,"15":0,"16":0,"17":0,"18":0,"19":0,"20":0,"21":0,"22":0,"23":0,"24":0,"25":0,"26":0,"27":0,"28":0,"29":0,"30":0,"31":0,"32":0,"33":0,"34":0,"35":0,"36":0,"37":0,"38":0,"39":0,"40":0,"41":0,"42":0,"43":0,"44":0,"45":0,"46":0,"47":0,"48":0,"49":0,"50":0,"51":0},"f":{"0":0,"1":0,"2":0,"3":0,"4":0,"5":0},"b":{"0":[0,0],"1":[0,0]}}
,"/home/runner/work/firebase-todo-app/firebase-todo-app/src/store/index.js": {"path":"/home/runner/work/firebase-todo-app/firebase-todo-app/src/store/index.js","statementMap":{"0":{"start":{"line":4,"column":21},"end":{"line":15,"column":2}},"1":{"start":{"line":9,"column":4},"end":{"line":14,"column":6}}},"fnMap":{"0":{"name":"(anonymous_0)","decl":{"start":{"line":8,"column":14},"end":{"line":8,"column":15}},"loc":{"start":{"line":9,"column":4},"end":{"line":14,"column":6}},"line":9}},"branchMap":{},"s":{"0":0,"1":0},"f":{"0":0},"b":{}}
,"/home/runner/work/firebase-todo-app/firebase-todo-app/src/store/todoSlice.js": {"path":"/home/runner/work/firebase-todo-app/firebase-todo-app/src/store/todoSlice.js","statementMap":{"0":{"start":{"line":10,"column":21},"end":{"line":16,"column":1}},"1":{"start":{"line":19,"column":30},"end":{"line":27,"column":1}},"2":{"start":{"line":22,"column":4},"end":{"line":22,"column":59}},"3":{"start":{"line":23,"column":18},"end":{"line":23,"column":44}},"4":{"start":{"line":24,"column":4},"end":{"line":24,"column":48}},"5":{"start":{"line":25,"column":4},"end":{"line":25,"column":17}},"6":{"start":{"line":29,"column":23},"end":{"line":37,"column":1}},"7":{"start":{"line":32,"column":4},"end":{"line":32,"column":61}},"8":{"start":{"line":33,"column":20},"end":{"line":33,"column":54}},"9":{"start":{"line":34,"column":4},"end":{"line":34,"column":60}},"10":{"start":{"line":35,"column":4},"end":{"line":35,"column":19}},"11":{"start":{"line":39,"column":26},"end":{"line":47,"column":1}},"12":{"start":{"line":42,"column":4},"end":{"line":42,"column":58}},"13":{"start":{"line":43,"column":24},"end":{"line":43,"column":60}},"14":{"start":{"line":44,"column":4},"end":{"line":44,"column":66}},"15":{"start":{"line":45,"column":4},"end":{"line":45,"column":23}},"16":{"start":{"line":49,"column":26},"end":{"line":57,"column":1}},"17":{"start":{"line":52,"column":4},"end":{"line":52,"column":45}},"18":{"start":{"line":53,"column":4},"end":{"line":53,"column":32}},"19":{"start":{"line":54,"column":4},"end":{"line":54,"column":52}},"20":{"start":{"line":55,"column":4},"end":{"line":55,"column":14}},"21":{"start":{"line":59,"column":30},"end":{"line":67,"column":1}},"22":{"start":{"line":62,"column":4},"end":{"line":62,"column":71}},"23":{"start":{"line":63,"column":19},"end":{"line":63,"column":60}},"24":{"start":{"line":64,"column":4},"end":{"line":64,"column":72}},"25":{"start":{"line":65,"column":4},"end":{"line":65,"column":18}},"26":{"start":{"line":69,"column":18},"end":{"line":180,"column":2}},"27":{"start":{"line":74,"column":6},"end":{"line":74,"column":36}},"28":{"start":{"line":77,"column":6},"end":{"line":77,"column":25}},"29":{"start":{"line":80,"column":6},"end":{"line":80,"column":37}},"30":{"start":{"line":84,"column":4},"end":{"line":178,"column":9}},"31":{"start":{"line":87,"column":8},"end":{"line":87,"column":53}},"32":{"start":{"line":88,"column":8},"end":{"line":88,"column":33}},"33":{"start":{"line":89,"column":8},"end":{"line":89,"column":29}},"34":{"start":{"line":92,"column":8},"end":{"line":92,"column":85}},"35":{"start":{"line":93,"column":8},"end":{"line":93,"column":35}},"36":{"start":{"line":94,"column":8},"end":{"line":94,"column":37}},"37":{"start":{"line":95,"column":8},"end":{"line":95,"column":30}},"38":{"start":{"line":96,"column":8},"end":{"line":96,"column":27}},"39":{"start":{"line":99,"column":8},"end":{"line":99,"column":80}},"40":{"start":{"line":100,"column":8},"end":{"line":100,"column":32}},"41":{"start":{"line":101,"column":8},"end":{"line":101,"column":30}},"42":{"start":{"line":102,"column":8},"end":{"line":102,"column":43}},"43":{"start":{"line":107,"column":8},"end":{"line":107,"column":46}},"44":{"start":{"line":108,"column":8},"end":{"line":108,"column":29}},"45":{"start":{"line":111,"column":8},"end":{"line":111,"column":78}},"46":{"start":{"line":112,"column":8},"end":{"line":112,"column":44}},"47":{"start":{"line":113,"column":8},"end":{"line":113,"column":30}},"48":{"start":{"line":114,"column":8},"end":{"line":114,"column":27}},"49":{"start":{"line":117,"column":8},"end":{"line":117,"column":73}},"50":{"start":{"line":118,"column":8},"end":{"line":118,"column":30}},"51":{"start":{"line":119,"column":8},"end":{"line":119,"column":43}},"52":{"start":{"line":124,"column":8},"end":{"line":124,"column":49}},"53":{"start":{"line":125,"column":8},"end":{"line":125,"column":29}},"54":{"start":{"line":128,"column":8},"end":{"line":128,"column":81}},"55":{"start":{"line":129,"column":22},"end":{"line":129,"column":82}},"56":{"start":{"line":129,"column":52},"end":{"line":129,"column":81}},"57":{"start":{"line":130,"column":8},"end":{"line":132,"column":9}},"58":{"start":{"line":131,"column":10},"end":{"line":131,"column":76}},"59":{"start":{"line":133,"column":8},"end":{"line":133,"column":30}},"60":{"start":{"line":134,"column":8},"end":{"line":134,"column":27}},"61":{"start":{"line":137,"column":8},"end":{"line":137,"column":76}},"62":{"start":{"line":138,"column":8},"end":{"line":138,"column":30}},"63":{"start":{"line":139,"column":8},"end":{"line":139,"column":43}},"64":{"start":{"line":144,"column":8},"end":{"line":144,"column":49}},"65":{"start":{"line":145,"column":8},"end":{"line":145,"column":29}},"66":{"start":{"line":148,"column":8},"end":{"line":148,"column":81}},"67":{"start":{"line":149,"column":8},"end":{"line":149,"column":77}},"68":{"start":{"line":149,"column":49},"end":{"line":149,"column":75}},"69":{"start":{"line":150,"column":8},"end":{"line":150,"column":30}},"70":{"start":{"line":151,"column":8},"end":{"line":151,"column":27}},"71":{"start":{"line":154,"column":8},"end":{"line":154,"column":76}},"72":{"start":{"line":155,"column":8},"end":{"line":155,"column":30}},"73":{"start":{"line":156,"column":8},"end":{"line":156,"column":43}},"74":{"start":{"line":161,"column":8},"end":{"line":161,"column":53}},"75":{"start":{"line":162,"column":8},"end":{"line":162,"column":29}},"76":{"start":{"line":165,"column":8},"end":{"line":165,"column":85}},"77":{"start":{"line":166,"column":21},"end":{"line":166,"column":70}},"78":{"start":{"line":166,"column":43},"end":{"line":166,"column":69}},"79":{"start":{"line":167,"column":8},"end":{"line":170,"column":9}},"80":{"start":{"line":168,"column":10},"end":{"line":168,"column":52}},"81":{"start":{"line":169,"column":10},"end":{"line":169,"column":52}},"82":{"start":{"line":171,"column":8},"end":{"line":171,"column":30}},"83":{"start":{"line":172,"column":8},"end":{"line":172,"column":27}},"84":{"start":{"line":175,"column":8},"end":{"line":175,"column":80}},"85":{"start":{"line":176,"column":8},"end":{"line":176,"column":30}},"86":{"start":{"line":177,"column":8},"end":{"line":177,"column":43}},"87":{"start":{"line":182,"column":53},"end":{"line":182,"column":70}}},"fnMap":{"0":{"name":"(anonymous_0)","decl":{"start":{"line":21,"column":2},"end":{"line":21,"column":3}},"loc":{"start":{"line":21,"column":20},"end":{"line":26,"column":3}},"line":21},"1":{"name":"(anonymous_1)","decl":{"start":{"line":31,"column":2},"end":{"line":31,"column":3}},"loc":{"start":{"line":31,"column":34},"end":{"line":36,"column":3}},"line":31},"2":{"name":"(anonymous_2)","decl":{"start":{"line":41,"column":2},"end":{"line":41,"column":3}},"loc":{"start":{"line":41,"column":29},"end":{"line":46,"column":3}},"line":41},"3":{"name":"(anonymous_3)","decl":{"start":{"line":51,"column":2},"end":{"line":51,"column":3}},"loc":{"start":{"line":51,"column":16},"end":{"line":56,"column":3}},"line":51},"4":{"name":"(anonymous_4)","decl":{"start":{"line":61,"column":2},"end":{"line":61,"column":3}},"loc":{"start":{"line":61,"column":31},"end":{"line":66,"column":3}},"line":61},"5":{"name":"(anonymous_5)","decl":{"start":{"line":73,"column":15},"end":{"line":73,"column":16}},"loc":{"start":{"line":73,"column":34},"end":{"line":75,"column":5}},"line":73},"6":{"name":"(anonymous_6)","decl":{"start":{"line":76,"column":16},"end":{"line":76,"column":17}},"loc":{"start":{"line":76,"column":27},"end":{"line":78,"column":5}},"line":76},"7":{"name":"(anonymous_7)","decl":{"start":{"line":79,"column":16},"end":{"line":79,"column":17}},"loc":{"start":{"line":79,"column":35},"end":{"line":81,"column":5}},"line":79},"8":{"name":"(anonymous_8)","decl":{"start":{"line":83,"column":17},"end":{"line":83,"column":18}},"loc":{"start":{"line":83,"column":30},"end":{"line":179,"column":3}},"line":83},"9":{"name":"(anonymous_9)","decl":{"start":{"line":86,"column":39},"end":{"line":86,"column":40}},"loc":{"start":{"line":86,"column":50},"end":{"line":90,"column":7}},"line":86},"10":{"name":"(anonymous_10)","decl":{"start":{"line":91,"column":41},"end":{"line":91,"column":42}},"loc":{"start":{"line":91,"column":60},"end":{"line":97,"column":7}},"line":91},"11":{"name":"(anonymous_11)","decl":{"start":{"line":98,"column":40},"end":{"line":98,"column":41}},"loc":{"start":{"line":98,"column":59},"end":{"line":103,"column":7}},"line":98},"12":{"name":"(anonymous_12)","decl":{"start":{"line":106,"column":32},"end":{"line":106,"column":33}},"loc":{"start":{"line":106,"column":43},"end":{"line":109,"column":7}},"line":106},"13":{"name":"(anonymous_13)","decl":{"start":{"line":110,"column":34},"end":{"line":110,"column":35}},"loc":{"start":{"line":110,"column":53},"end":{"line":115,"column":7}},"line":110},"14":{"name":"(anonymous_14)","decl":{"start":{"line":116,"column":33},"end":{"line":116,"column":34}},"loc":{"start":{"line":116,"column":52},"end":{"line":120,"column":7}},"line":116},"15":{"name":"(anonymous_15)","decl":{"start":{"line":123,"column":35},"end":{"line":123,"column":36}},"loc":{"start":{"line":123,"column":46},"end":{"line":126,"column":7}},"line":123},"16":{"name":"(anonymous_16)","decl":{"start":{"line":127,"column":37},"end":{"line":127,"column":38}},"loc":{"start":{"line":127,"column":56},"end":{"line":135,"column":7}},"line":127},"17":{"name":"(anonymous_17)","decl":{"start":{"line":129,"column":44},"end":{"line":129,"column":45}},"loc":{"start":{"line":129,"column":52},"end":{"line":129,"column":81}},"line":129},"18":{"name":"(anonymous_18)","decl":{"start":{"line":136,"column":36},"end":{"line":136,"column":37}},"loc":{"start":{"line":136,"column":55},"end":{"line":140,"column":7}},"line":136},"19":{"name":"(anonymous_19)","decl":{"start":{"line":143,"column":35},"end":{"line":143,"column":36}},"loc":{"start":{"line":143,"column":46},"end":{"line":146,"column":7}},"line":143},"20":{"name":"(anonymous_20)","decl":{"start":{"line":147,"column":37},"end":{"line":147,"column":38}},"loc":{"start":{"line":147,"column":56},"end":{"line":152,"column":7}},"line":147},"21":{"name":"(anonymous_21)","decl":{"start":{"line":149,"column":41},"end":{"line":149,"column":42}},"loc":{"start":{"line":149,"column":49},"end":{"line":149,"column":75}},"line":149},"22":{"name":"(anonymous_22)","decl":{"start":{"line":153,"column":36},"end":{"line":153,"column":37}},"loc":{"start":{"line":153,"column":55},"end":{"line":157,"column":7}},"line":153},"23":{"name":"(anonymous_23)","decl":{"start":{"line":160,"column":39},"end":{"line":160,"column":40}},"loc":{"start":{"line":160,"column":50},"end":{"line":163,"column":7}},"line":160},"24":{"name":"(anonymous_24)","decl":{"start":{"line":164,"column":41},"end":{"line":164,"column":42}},"loc":{"start":{"line":164,"column":60},"end":{"line":173,"column":7}},"line":164},"25":{"name":"(anonymous_25)","decl":{"start":{"line":166,"column":38},"end":{"line":166,"column":39}},"loc":{"start":{"line":166,"column":43},"end":{"line":166,"column":69}},"line":166},"26":{"name":"(anonymous_26)","decl":{"start":{"line":174,"column":40},"end":{"line":174,"column":41}},"loc":{"start":{"line":174,"column":59},"end":{"line":178,"column":7}},"line":174}},"branchMap":{"0":{"loc":{"start":{"line":130,"column":8},"end":{"line":132,"column":9}},"type":"if","locations":[{"start":{"line":130,"column":8},"end":{"line":132,"column":9}},{"start":{},"end":{}}],"line":130},"1":{"loc":{"start":{"line":167,"column":8},"end":{"line":170,"column":9}},"type":"if","locations":[{"start":{"line":167,"column":8},"end":{"line":170,"column":9}},{"start":{},"end":{}}],"line":167}},"s":{"0":0,"1":0,"2":0,"3":0,"4":0,"5":0,"6":0,"7":0,"8":0,"9":0,"10":0,"11":0,"12":0,"13":0,"14":0,"15":0,"16":0,"17":0,"18":0,"19":0,"20":0,"21":0,"22":0,"23":0,"24":0,"25":0,"26":0,"27":0,"28":0,"29":0,"30":0,"31":0,"32":0,"33":0,"34":0,"35":0,"36":0,"37":0,"38":0,"39":0,"40":0,"41":0,"42":0,"43":0,"44":0,"45":0,"46":0,"47":0,"48":0,"49":0,"50":0,"51":0,"52":0,"53":0,"54":0,"55":0,"56":0,"57":0,"58":0,"59":0,"60":0,"61":0,"62":0,"63":0,"64":0,"65":0,"66":0,"67":0,"68":0,"69":0,"70":0,"71":0,"72":0,"73":0,"74":0,"75":0,"76":0,"77":0,"78":0,"79":0,"80":0,"81":0,"82":0,"83":0,"84":0,"85":0,"86":0,"87":0},"f":{"0":0,"1":0,"2":0,"3":0,"4":0,"5":0,"6":0,"7":0,"8":0,"9":0,"10":0,"11":0,"12":0,"13":0,"14":0,"15":0,"16":0,"17":0,"18":0,"19":0,"20":0,"21":0,"22":0,"23":0,"24":0,"25":0,"26":0},"b":{"0":[0,0],"1":[0,0]}}
}
